[2020-03-29 15:11:45Z INFO HostContext] No proxy settings were found based on environmental variables (http_proxy/https_proxy/HTTP_PROXY/HTTPS_PROXY)
[2020-03-29 15:11:45Z INFO Listener] Runner is built for Windows (X64) - win-x64.
[2020-03-29 15:11:45Z INFO Listener] RuntimeInformation: Microsoft Windows 10.0.18362.
[2020-03-29 15:11:45Z INFO Listener] Version: 2.165.2
[2020-03-29 15:11:45Z INFO Listener] Commit: fcf795d86d880b9f0bd10f9713d29cb9784ecef5
[2020-03-29 15:11:45Z INFO Listener] Culture: en-US
[2020-03-29 15:11:45Z INFO Listener] UI Culture: en-US
[2020-03-29 15:11:45Z INFO HostContext] Well known directory 'Bin': 'C:\actions-runner\bin'
[2020-03-29 15:11:45Z INFO HostContext] Well known directory 'Root': 'C:\actions-runner'
[2020-03-29 15:11:45Z INFO Listener] Validating directory permissions for: 'C:\actions-runner'
[2020-03-29 15:11:45Z INFO CommandLineParser] Parse
[2020-03-29 15:11:45Z INFO CommandLineParser] Parsing 5 args
[2020-03-29 15:11:45Z INFO CommandLineParser] parsing argument
[2020-03-29 15:11:45Z INFO CommandLineParser] HasArgs: False
[2020-03-29 15:11:45Z INFO CommandLineParser] Adding Command: configure
[2020-03-29 15:11:45Z INFO CommandLineParser] parsing argument
[2020-03-29 15:11:45Z INFO CommandLineParser] HasArgs: True
[2020-03-29 15:11:45Z INFO CommandLineParser] arg: url
[2020-03-29 15:11:45Z INFO CommandLineParser] parsing argument
[2020-03-29 15:11:45Z INFO CommandLineParser] HasArgs: True
[2020-03-29 15:11:45Z INFO CommandLineParser] Adding option 'url': 'https://github.com/monninn/SmartThingsPublic'
[2020-03-29 15:11:45Z INFO CommandLineParser] parsing argument
[2020-03-29 15:11:45Z INFO CommandLineParser] HasArgs: True
[2020-03-29 15:11:45Z INFO CommandLineParser] arg: token
[2020-03-29 15:11:45Z INFO CommandLineParser] parsing argument
[2020-03-29 15:11:45Z INFO CommandLineParser] HasArgs: True
[2020-03-29 15:11:45Z INFO CommandLineParser] Adding option 'token': '***'
[2020-03-29 15:11:45Z INFO Listener] Arguments parsed
[2020-03-29 15:11:45Z INFO Runner] ExecuteCommand
[2020-03-29 15:11:45Z INFO ConfigurationStore] currentAssemblyLocation: C:\actions-runner\bin\Runner.Listener.dll
[2020-03-29 15:11:45Z INFO HostContext] Well known directory 'Bin': 'C:\actions-runner\bin'
[2020-03-29 15:11:45Z INFO ConfigurationStore] binPath: C:\actions-runner\bin
[2020-03-29 15:11:45Z INFO HostContext] Well known directory 'Bin': 'C:\actions-runner\bin'
[2020-03-29 15:11:45Z INFO HostContext] Well known directory 'Root': 'C:\actions-runner'
[2020-03-29 15:11:45Z INFO ConfigurationStore] RootFolder: C:\actions-runner
[2020-03-29 15:11:45Z INFO HostContext] Well known directory 'Bin': 'C:\actions-runner\bin'
[2020-03-29 15:11:45Z INFO HostContext] Well known directory 'Root': 'C:\actions-runner'
[2020-03-29 15:11:45Z INFO HostContext] Well known config file 'Runner': 'C:\actions-runner\.runner'
[2020-03-29 15:11:45Z INFO ConfigurationStore] ConfigFilePath: C:\actions-runner\.runner
[2020-03-29 15:11:45Z INFO HostContext] Well known directory 'Bin': 'C:\actions-runner\bin'
[2020-03-29 15:11:45Z INFO HostContext] Well known directory 'Root': 'C:\actions-runner'
[2020-03-29 15:11:45Z INFO HostContext] Well known config file 'Credentials': 'C:\actions-runner\.credentials'
[2020-03-29 15:11:45Z INFO ConfigurationStore] CredFilePath: C:\actions-runner\.credentials
[2020-03-29 15:11:45Z INFO HostContext] Well known directory 'Bin': 'C:\actions-runner\bin'
[2020-03-29 15:11:45Z INFO HostContext] Well known directory 'Root': 'C:\actions-runner'
[2020-03-29 15:11:45Z INFO HostContext] Well known config file 'Service': 'C:\actions-runner\.service'
[2020-03-29 15:11:45Z INFO ConfigurationStore] ServiceConfigFilePath: C:\actions-runner\.service
[2020-03-29 15:11:45Z INFO CommandSettings] Flag 'help': 'False'
[2020-03-29 15:11:45Z INFO CommandSettings] Flag 'version': 'False'
[2020-03-29 15:11:45Z INFO CommandSettings] Flag 'commit': 'False'
[2020-03-29 15:11:45Z INFO CommandSettings] Command 'configure': 'True'
[2020-03-29 15:11:45Z INFO Terminal] WRITE LINE: 
[2020-03-29 15:11:45Z INFO Terminal] WRITE LINE: --------------------------------------------------------------------------------
[2020-03-29 15:11:45Z INFO Terminal] WRITE LINE: |        ____ _ _   _   _       _          _        _   _                      |
[2020-03-29 15:11:45Z INFO Terminal] WRITE LINE: |       / ___(_) |_| | | |_   _| |__      / \   ___| |_(_) ___  _ __  ___      |
[2020-03-29 15:11:45Z INFO Terminal] WRITE LINE: |      | |  _| | __| |_| | | | | '_ \    / _ \ / __| __| |/ _ \| '_ \/ __|     |
[2020-03-29 15:11:45Z INFO Terminal] WRITE LINE: |      | |_| | | |_|  _  | |_| | |_) |  / ___ \ (__| |_| | (_) | | | \__ \     |
[2020-03-29 15:11:45Z INFO Terminal] WRITE LINE: |       \____|_|\__|_| |_|\__,_|_.__/  /_/   \_\___|\__|_|\___/|_| |_|___/     |
[2020-03-29 15:11:45Z INFO Terminal] WRITE LINE: |                                                                              |
[2020-03-29 15:11:45Z INFO Terminal] WRITE: |                       
[2020-03-29 15:11:45Z INFO Terminal] WRITE: Self-hosted runner registration
[2020-03-29 15:11:45Z INFO Terminal] WRITE LINE:                         |
[2020-03-29 15:11:45Z INFO Terminal] WRITE LINE: |                                                                              |
[2020-03-29 15:11:45Z INFO Terminal] WRITE LINE: --------------------------------------------------------------------------------
[2020-03-29 15:11:45Z INFO ConfigurationManager] ConfigureAsync
[2020-03-29 15:11:45Z INFO ConfigurationStore] IsConfigured()
[2020-03-29 15:11:45Z INFO ConfigurationStore] IsConfigured: False
[2020-03-29 15:11:45Z INFO ConfigurationManager] Is configured: False
[2020-03-29 15:11:45Z INFO CommandSettings] Arg 'url': 'https://github.com/monninn/SmartThingsPublic'
[2020-03-29 15:11:45Z INFO CommandSettings] Remove url from Arg dictionary.
[2020-03-29 15:11:45Z INFO CommandSettings] Arg 'token': '***'
[2020-03-29 15:11:45Z INFO CommandSettings] Remove token from Arg dictionary.
[2020-03-29 15:11:47Z INFO ConfigurationManager] Http response code: OK from 'POST https://api.github.com/repos/monninn/SmartThingsPublic/actions-runners/registration'
[2020-03-29 15:11:47Z INFO ConfigurationManager] cred retrieved via GitHub auth
[2020-03-29 15:11:47Z INFO GitHubActionsService] Starting operation Location.GetConnectionData
[2020-03-29 15:11:48Z INFO GitHubActionsService] Finished operation Location.GetConnectionData
[2020-03-29 15:11:48Z INFO GitHubActionsService] Starting operation Location.GetConnectionData
[2020-03-29 15:11:49Z INFO GitHubActionsService] Finished operation Location.GetConnectionData
[2020-03-29 15:11:49Z INFO ConfigurationManager] Server deployment type: Hosted
[2020-03-29 15:11:49Z INFO RunnerServer] Establish connection with 100 seconds timeout.
[2020-03-29 15:11:49Z INFO GitHubActionsService] Starting operation Location.GetConnectionData
[2020-03-29 15:11:49Z INFO RunnerServer] Establish connection with 60 seconds timeout.
[2020-03-29 15:11:49Z INFO GitHubActionsService] Starting operation Location.GetConnectionData
[2020-03-29 15:11:49Z INFO RunnerServer] Establish connection with 60 seconds timeout.
[2020-03-29 15:11:49Z INFO GitHubActionsService] Starting operation Location.GetConnectionData
[2020-03-29 15:11:49Z INFO GitHubActionsService] Finished operation Location.GetConnectionData
[2020-03-29 15:11:49Z INFO GitHubActionsService] Finished operation Location.GetConnectionData
[2020-03-29 15:11:49Z INFO GitHubActionsService] Finished operation Location.GetConnectionData
[2020-03-29 15:11:49Z INFO GitHubActionsService] Starting operation Location.GetConnectionData
[2020-03-29 15:11:52Z INFO GitHubActionsService] Finished operation Location.GetConnectionData
[2020-03-29 15:11:52Z INFO Terminal] WRITE LINE: 
[2020-03-29 15:11:52Z INFO ConfigurationManager] Test Connection complete.
[2020-03-29 15:11:52Z INFO HostContext] Well known directory 'Bin': 'C:\actions-runner\bin'
[2020-03-29 15:11:52Z INFO HostContext] Well known directory 'Root': 'C:\actions-runner'
[2020-03-29 15:11:52Z INFO HostContext] Well known config file 'RSACredentials': 'C:\actions-runner\.credentials_rsaparams'
[2020-03-29 15:11:52Z INFO RSAEncryptedFileKeyManager] Creating new RSA key using 2048-bit key length
[2020-03-29 15:11:52Z INFO RSAEncryptedFileKeyManager] Successfully saved RSA key parameters to file C:\actions-runner\.credentials_rsaparams
[2020-03-29 15:11:53Z INFO ConfigurationManager] Found a private pool with id {1} and name {2} 1, Default
[2020-03-29 15:11:53Z INFO CommandSettings] Arg 'name': ''
[2020-03-29 15:11:53Z INFO CommandSettings] Flag 'unattended': 'False'
[2020-03-29 15:11:53Z INFO PromptManager] ReadValue
[2020-03-29 15:11:53Z INFO Terminal] WRITE: Enter the name of runner: 
[2020-03-29 15:11:53Z INFO Terminal] WRITE: [press Enter for X2JCJAB8C5] 
[2020-03-29 15:11:53Z INFO Terminal] READ LINE
[2020-03-29 15:12:00Z INFO Terminal] Read value: ''
[2020-03-29 15:12:00Z INFO PromptManager] Falling back to the default: 'X2JCJAB8C5'
[2020-03-29 15:12:00Z INFO Terminal] WRITE LINE: 
[2020-03-29 15:12:00Z INFO ConfigurationManager] Agent server url resolve by server: 'https://pipelines.actions.githubusercontent.com/oPTqmPn939GbLlpjSZRiFhnoKKE2vkIaWo3n2Fd9JDOicD1Kx4/'.
[2020-03-29 15:12:00Z INFO ConfigurationStore] Saving OAuth credential @ C:\actions-runner\.credentials
[2020-03-29 15:12:00Z INFO ConfigurationStore] Credentials Saved.
[2020-03-29 15:12:00Z INFO ConfigurationStore] HasCredentials()
[2020-03-29 15:12:00Z INFO ConfigurationStore] stored True
[2020-03-29 15:12:00Z INFO CredentialManager] GetCredentialProvider
[2020-03-29 15:12:00Z INFO CredentialManager] Creating type OAuth
[2020-03-29 15:12:00Z INFO CredentialManager] Creating credential type: OAuth
[2020-03-29 15:12:00Z INFO RSAEncryptedFileKeyManager] Loading RSA key parameters from file C:\actions-runner\.credentials_rsaparams
[2020-03-29 15:12:00Z INFO RunnerServer] Establish connection with 100 seconds timeout.
[2020-03-29 15:12:00Z INFO GitHubActionsService] Starting operation Location.GetConnectionData
[2020-03-29 15:12:00Z INFO RunnerServer] Establish connection with 60 seconds timeout.
[2020-03-29 15:12:00Z INFO GitHubActionsService] Starting operation Location.GetConnectionData
[2020-03-29 15:12:00Z INFO RunnerServer] Establish connection with 60 seconds timeout.
[2020-03-29 15:12:00Z INFO GitHubActionsService] Starting operation Location.GetConnectionData
[2020-03-29 15:12:01Z INFO GitHubActionsService] Finished operation Location.GetConnectionData
[2020-03-29 15:12:01Z INFO GitHubActionsService] Finished operation Location.GetConnectionData
[2020-03-29 15:12:01Z INFO GitHubActionsService] Finished operation Location.GetConnectionData
[2020-03-29 15:12:01Z INFO GitHubActionsService] Starting operation Location.GetConnectionData
[2020-03-29 15:12:01Z INFO GitHubActionsService] Finished operation Location.GetConnectionData
[2020-03-29 15:12:01Z INFO GitHubActionsService] Starting operation Location.GetConnectionData
[2020-03-29 15:12:01Z INFO GitHubActionsService] Finished operation Location.GetConnectionData
[2020-03-29 15:12:01Z INFO GitHubActionsService] Starting operation Location.GetConnectionData
[2020-03-29 15:12:01Z INFO GitHubActionsService] Finished operation Location.GetConnectionData
[2020-03-29 15:12:01Z INFO CommandSettings] Arg 'work': ''
[2020-03-29 15:12:01Z INFO CommandSettings] Flag 'unattended': 'False'
[2020-03-29 15:12:01Z INFO PromptManager] ReadValue
[2020-03-29 15:12:01Z INFO Terminal] WRITE: Enter name of work folder: 
[2020-03-29 15:12:01Z INFO Terminal] WRITE: [press Enter for _work] 
[2020-03-29 15:12:01Z INFO Terminal] READ LINE
[2020-03-29 15:12:09Z INFO Terminal] Read value: ''
[2020-03-29 15:12:09Z INFO PromptManager] Falling back to the default: '_work'
[2020-03-29 15:12:09Z INFO ConfigurationStore] Saving runner settings.
[2020-03-29 15:12:09Z INFO ConfigurationStore] Settings Saved.
[2020-03-29 15:12:09Z INFO Terminal] WRITE LINE: 
[2020-03-29 15:12:09Z INFO Terminal] WRITE LINE: 
[2020-03-29 15:12:09Z INFO CommandSettings] Flag 'runasservice': 'False'
[2020-03-29 15:12:09Z INFO CommandSettings] Flag 'unattended': 'False'
[2020-03-29 15:12:09Z INFO PromptManager] ReadValue
[2020-03-29 15:12:09Z INFO Terminal] WRITE: Would you like to run the runner as service? (Y/N) 
[2020-03-29 15:12:09Z INFO Terminal] WRITE: [press Enter for N] 
[2020-03-29 15:12:09Z INFO Terminal] READ LINE
[2020-03-29 15:12:18Z INFO Terminal] Read value: ''
[2020-03-29 15:12:18Z INFO PromptManager] Falling back to the default: 'N'
