[2020-03-29 19:45:34Z INFO HostContext] No proxy settings were found based on environmental variables (http_proxy/https_proxy/HTTP_PROXY/HTTPS_PROXY)
[2020-03-29 19:45:34Z INFO Listener] Runner is built for Windows (X64) - win-x64.
[2020-03-29 19:45:34Z INFO Listener] RuntimeInformation: Microsoft Windows 10.0.18362.
[2020-03-29 19:45:34Z INFO Listener] Version: 2.165.2
[2020-03-29 19:45:34Z INFO Listener] Commit: fcf795d86d880b9f0bd10f9713d29cb9784ecef5
[2020-03-29 19:45:34Z INFO Listener] Culture: en-US
[2020-03-29 19:45:34Z INFO Listener] UI Culture: en-US
[2020-03-29 19:45:34Z INFO HostContext] Well known directory 'Bin': 'C:\actions-runner\bin'
[2020-03-29 19:45:34Z INFO HostContext] Well known directory 'Root': 'C:\actions-runner'
[2020-03-29 19:45:34Z INFO Listener] Validating directory permissions for: 'C:\actions-runner'
[2020-03-29 19:45:34Z INFO CommandLineParser] Parse
[2020-03-29 19:45:34Z INFO CommandLineParser] Parsing 1 args
[2020-03-29 19:45:34Z INFO CommandLineParser] parsing argument
[2020-03-29 19:45:34Z INFO CommandLineParser] HasArgs: False
[2020-03-29 19:45:34Z INFO CommandLineParser] Adding Command: run
[2020-03-29 19:45:34Z INFO Listener] Arguments parsed
[2020-03-29 19:45:34Z INFO Runner] ExecuteCommand
[2020-03-29 19:45:34Z INFO ConfigurationStore] currentAssemblyLocation: C:\actions-runner\bin\Runner.Listener.dll
[2020-03-29 19:45:34Z INFO HostContext] Well known directory 'Bin': 'C:\actions-runner\bin'
[2020-03-29 19:45:34Z INFO ConfigurationStore] binPath: C:\actions-runner\bin
[2020-03-29 19:45:34Z INFO HostContext] Well known directory 'Bin': 'C:\actions-runner\bin'
[2020-03-29 19:45:34Z INFO HostContext] Well known directory 'Root': 'C:\actions-runner'
[2020-03-29 19:45:34Z INFO ConfigurationStore] RootFolder: C:\actions-runner
[2020-03-29 19:45:34Z INFO HostContext] Well known directory 'Bin': 'C:\actions-runner\bin'
[2020-03-29 19:45:34Z INFO HostContext] Well known directory 'Root': 'C:\actions-runner'
[2020-03-29 19:45:34Z INFO HostContext] Well known config file 'Runner': 'C:\actions-runner\.runner'
[2020-03-29 19:45:34Z INFO ConfigurationStore] ConfigFilePath: C:\actions-runner\.runner
[2020-03-29 19:45:34Z INFO HostContext] Well known directory 'Bin': 'C:\actions-runner\bin'
[2020-03-29 19:45:34Z INFO HostContext] Well known directory 'Root': 'C:\actions-runner'
[2020-03-29 19:45:34Z INFO HostContext] Well known config file 'Credentials': 'C:\actions-runner\.credentials'
[2020-03-29 19:45:34Z INFO ConfigurationStore] CredFilePath: C:\actions-runner\.credentials
[2020-03-29 19:45:34Z INFO HostContext] Well known directory 'Bin': 'C:\actions-runner\bin'
[2020-03-29 19:45:34Z INFO HostContext] Well known directory 'Root': 'C:\actions-runner'
[2020-03-29 19:45:34Z INFO HostContext] Well known config file 'Service': 'C:\actions-runner\.service'
[2020-03-29 19:45:34Z INFO ConfigurationStore] ServiceConfigFilePath: C:\actions-runner\.service
[2020-03-29 19:45:34Z INFO CommandSettings] Flag 'help': 'False'
[2020-03-29 19:45:34Z INFO CommandSettings] Flag 'version': 'False'
[2020-03-29 19:45:34Z INFO CommandSettings] Flag 'commit': 'False'
[2020-03-29 19:45:34Z INFO CommandSettings] Command 'configure': 'False'
[2020-03-29 19:45:34Z INFO CommandSettings] Command 'remove': 'False'
[2020-03-29 19:45:34Z INFO CommandSettings] Command 'warmup': 'False'
[2020-03-29 19:45:34Z INFO ConfigurationManager] LoadSettings
[2020-03-29 19:45:34Z INFO ConfigurationStore] IsConfigured()
[2020-03-29 19:45:34Z INFO ConfigurationStore] IsConfigured: True
[2020-03-29 19:45:34Z INFO ConfigurationManager] Is configured: True
[2020-03-29 19:45:34Z INFO ConfigurationStore] Read setting file: 302 chars
[2020-03-29 19:45:35Z INFO ConfigurationManager] Settings Loaded
[2020-03-29 19:45:35Z INFO ConfigurationStore] IsServiceConfigured()
[2020-03-29 19:45:35Z INFO ConfigurationStore] IsServiceConfigured: False
[2020-03-29 19:45:35Z INFO CommandSettings] Command 'run': 'True'
[2020-03-29 19:45:35Z INFO ConfigurationStore] IsConfigured()
[2020-03-29 19:45:35Z INFO ConfigurationStore] IsConfigured: True
[2020-03-29 19:45:35Z INFO ConfigurationManager] Is configured: True
[2020-03-29 19:45:35Z INFO Runner] Could not parse the argument value '' for StartupType. Defaulting to Manual
[2020-03-29 19:45:35Z INFO Runner] Set runner startup type - Manual
[2020-03-29 19:45:35Z INFO CommandSettings] Flag 'once': 'False'
[2020-03-29 19:45:35Z INFO Runner] RunAsync
[2020-03-29 19:45:35Z INFO ConfigurationManager] LoadSettings
[2020-03-29 19:45:35Z INFO ConfigurationStore] IsConfigured()
[2020-03-29 19:45:35Z INFO ConfigurationStore] IsConfigured: True
[2020-03-29 19:45:35Z INFO ConfigurationManager] Is configured: True
[2020-03-29 19:45:35Z INFO ConfigurationManager] Settings Loaded
[2020-03-29 19:45:35Z INFO MessageListener] {
  "AgentId": 25,
  "AgentName": "X2JCJAB8C5",
  "PoolId": 1,
  "PoolName": "Default",
  "ServerUrl": "https://pipelines.actions.githubusercontent.com/oPTqmPn939GbLlpjSZRiFhnoKKE2vkIaWo3n2Fd9JDOicD1Kx4/",
  "GitHubUrl": "https://github.com/monninn/SmartThingsPublic",
  "WorkFolder": "_work"
}
[2020-03-29 19:45:35Z INFO MessageListener] Loading Credentials
[2020-03-29 19:45:35Z INFO ConfigurationStore] HasCredentials()
[2020-03-29 19:45:35Z INFO ConfigurationStore] stored True
[2020-03-29 19:45:35Z INFO CredentialManager] GetCredentialProvider
[2020-03-29 19:45:35Z INFO CredentialManager] Creating type OAuth
[2020-03-29 19:45:35Z INFO CredentialManager] Creating credential type: OAuth
[2020-03-29 19:45:35Z INFO HostContext] Well known directory 'Bin': 'C:\actions-runner\bin'
[2020-03-29 19:45:35Z INFO HostContext] Well known directory 'Root': 'C:\actions-runner'
[2020-03-29 19:45:35Z INFO HostContext] Well known config file 'RSACredentials': 'C:\actions-runner\.credentials_rsaparams'
[2020-03-29 19:45:35Z INFO RSAEncryptedFileKeyManager] Loading RSA key parameters from file C:\actions-runner\.credentials_rsaparams
[2020-03-29 19:45:35Z INFO MessageListener] Attempt to create session.
[2020-03-29 19:45:35Z INFO MessageListener] Connecting to the Runner Server...
[2020-03-29 19:45:35Z INFO RunnerServer] Establish connection with 100 seconds timeout.
[2020-03-29 19:45:35Z INFO GitHubActionsService] Starting operation Location.GetConnectionData
[2020-03-29 19:45:35Z INFO RunnerServer] Establish connection with 60 seconds timeout.
[2020-03-29 19:45:35Z INFO GitHubActionsService] Starting operation Location.GetConnectionData
[2020-03-29 19:45:35Z INFO RunnerServer] Establish connection with 60 seconds timeout.
[2020-03-29 19:45:35Z INFO GitHubActionsService] Starting operation Location.GetConnectionData
[2020-03-29 19:45:36Z INFO GitHubActionsService] Finished operation Location.GetConnectionData
[2020-03-29 19:45:36Z INFO GitHubActionsService] Finished operation Location.GetConnectionData
[2020-03-29 19:45:36Z INFO GitHubActionsService] Finished operation Location.GetConnectionData
[2020-03-29 19:45:36Z INFO MessageListener] VssConnection created
[2020-03-29 19:45:36Z INFO Terminal] WRITE LINE: 
[2020-03-29 19:45:36Z INFO Terminal] WRITE LINE: 
[2020-03-29 19:45:36Z WARN GitHubActionsService] Authentication failed with status code 401.
Transfer-Encoding: chunked
WWW-Authenticate: Bearer
Strict-Transport-Security: max-age=2592000
X-TFS-ProcessId: 41e298e5-aa0d-4698-bd95-334da671ca80
ActivityId: 4f7d1614-793b-4610-b1a2-1846785505d8
X-TFS-Session: 509993c5-8120-4b79-9d92-0f949139613b
X-VSS-E2EID: 94b427a9-ff6b-416a-a8f1-04f593153207
X-VSS-SenderDeploymentId: 193695a0-0dcd-ade4-f810-b10ad24a9829
X-TFS-ServiceError: The+user+%27System%3aPublicAccess%3baaaaaaaa-aaaa-aaaa-aaaa-aaaaaaaaaaaa%27+is+not+authorized+to+access+this+resource.
X-VSS-S2STargetService: 0000005A-0000-8888-8000-000000000000/visualstudio.com
X-MSEdge-Ref: Ref A: BA33F71DAE694BC4A897693DD34D6824 Ref B: CHGEDGE1405 Ref C: 2020-03-29T19:45:33Z
Date: Sun, 29 Mar 2020 19:45:33 GMT

[2020-03-29 19:45:36Z INFO RSAEncryptedFileKeyManager] Loading RSA key parameters from file C:\actions-runner\.credentials_rsaparams
[2020-03-29 19:45:36Z INFO RSAEncryptedFileKeyManager] Loading RSA key parameters from file C:\actions-runner\.credentials_rsaparams
[2020-03-29 19:45:37Z INFO GitHubActionsService] AAD Correlation ID for this token request: Unknown
[2020-03-29 19:45:37Z INFO MessageListener] Session created.
[2020-03-29 19:45:37Z INFO Terminal] WRITE LINE: 2020-03-29 19:45:37Z: Listening for Jobs
[2020-03-29 19:45:37Z INFO JobDispatcher] Set runner/worker IPC timeout to 30 seconds.
[2020-03-29 20:15:45Z INFO MessageListener] No message retrieved from session '6a694efb-9317-48d9-9519-e3f37bf4ee0d' within last 30 minutes.
[2020-03-29 20:40:49Z WARN GitHubActionsService] Authentication failed with status code 401.
Transfer-Encoding: chunked
WWW-Authenticate: Bearer
Strict-Transport-Security: max-age=2592000
X-TFS-ProcessId: 9a2c53dc-4945-49dd-90d4-deaf2260d169
ActivityId: 5d478b03-fb6c-4c0c-afac-c463b877ce86
X-TFS-Session: 509993c5-8120-4b79-9d92-0f949139613b
X-VSS-E2EID: 9c37b03e-2412-4871-9d6d-e8e40b0230de
X-VSS-SenderDeploymentId: 193695a0-0dcd-ade4-f810-b10ad24a9829
X-TFS-ServiceError: The+user+%27System%3aPublicAccess%3baaaaaaaa-aaaa-aaaa-aaaa-aaaaaaaaaaaa%27+is+not+authorized+to+access+this+resource.
X-VSS-S2STargetService: 0000005A-0000-8888-8000-000000000000/visualstudio.com
X-MSEdge-Ref: Ref A: BFC3B60EC8E4425AA5A99AC6E36EFD35 Ref B: CHGEDGE1405 Ref C: 2020-03-29T20:40:46Z
Date: Sun, 29 Mar 2020 20:40:45 GMT

[2020-03-29 20:40:49Z INFO RSAEncryptedFileKeyManager] Loading RSA key parameters from file C:\actions-runner\.credentials_rsaparams
[2020-03-29 20:40:49Z INFO GitHubActionsService] AAD Correlation ID for this token request: Unknown
[2020-03-29 20:45:50Z INFO MessageListener] No message retrieved from session '6a694efb-9317-48d9-9519-e3f37bf4ee0d' within last 30 minutes.
[2020-03-29 21:15:54Z INFO MessageListener] No message retrieved from session '6a694efb-9317-48d9-9519-e3f37bf4ee0d' within last 30 minutes.
[2020-03-29 21:35:58Z WARN GitHubActionsService] Authentication failed with status code 401.
WWW-Authenticate: Bearer
Strict-Transport-Security: max-age=2592000
X-TFS-ProcessId: 41e298e5-aa0d-4698-bd95-334da671ca80
ActivityId: 4f515034-793b-4610-b1a2-1846785505d8
X-TFS-Session: 509993c5-8120-4b79-9d92-0f949139613b
X-VSS-E2EID: e2d0ebcc-0ddf-4a10-a26b-a8969c6b0711
X-VSS-SenderDeploymentId: 193695a0-0dcd-ade4-f810-b10ad24a9829
X-TFS-ServiceError: The+user+%27System%3aPublicAccess%3baaaaaaaa-aaaa-aaaa-aaaa-aaaaaaaaaaaa%27+is+not+authorized+to+access+this+resource.
X-VSS-S2STargetService: 0000005A-0000-8888-8000-000000000000/visualstudio.com
X-MSEdge-Ref: Ref A: 8C9181DDF41E4269A9326DCDCEB70011 Ref B: CHGEDGE1405 Ref C: 2020-03-29T21:35:55Z
Date: Sun, 29 Mar 2020 21:35:54 GMT

[2020-03-29 21:35:58Z INFO RSAEncryptedFileKeyManager] Loading RSA key parameters from file C:\actions-runner\.credentials_rsaparams
[2020-03-29 21:35:58Z INFO GitHubActionsService] AAD Correlation ID for this token request: Unknown
[2020-03-29 21:46:00Z INFO MessageListener] No message retrieved from session '6a694efb-9317-48d9-9519-e3f37bf4ee0d' within last 30 minutes.
[2020-03-29 22:16:04Z INFO MessageListener] No message retrieved from session '6a694efb-9317-48d9-9519-e3f37bf4ee0d' within last 30 minutes.
[2020-03-29 22:31:06Z WARN GitHubActionsService] Authentication failed with status code 401.
Transfer-Encoding: chunked
WWW-Authenticate: Bearer
Strict-Transport-Security: max-age=2592000
X-TFS-ProcessId: b2b62d90-e975-4df4-bd8c-5a5aa7e26dcd
ActivityId: df8e7ee2-d528-4cb0-adaf-1a21c6fe3420
X-TFS-Session: 509993c5-8120-4b79-9d92-0f949139613b
X-VSS-E2EID: 1a78cbee-d6ca-4ab8-ab59-a9a883c8b91e
X-VSS-SenderDeploymentId: 193695a0-0dcd-ade4-f810-b10ad24a9829
X-TFS-ServiceError: The+user+%27System%3aPublicAccess%3baaaaaaaa-aaaa-aaaa-aaaa-aaaaaaaaaaaa%27+is+not+authorized+to+access+this+resource.
X-VSS-S2STargetService: 0000005A-0000-8888-8000-000000000000/visualstudio.com
X-MSEdge-Ref: Ref A: B88DD3F63371422481BDA0F8027BD29A Ref B: CHGEDGE1405 Ref C: 2020-03-29T22:31:03Z
Date: Sun, 29 Mar 2020 22:31:02 GMT

[2020-03-29 22:31:06Z INFO RSAEncryptedFileKeyManager] Loading RSA key parameters from file C:\actions-runner\.credentials_rsaparams
[2020-03-29 22:31:06Z INFO GitHubActionsService] AAD Correlation ID for this token request: Unknown
[2020-03-29 22:46:08Z INFO MessageListener] No message retrieved from session '6a694efb-9317-48d9-9519-e3f37bf4ee0d' within last 30 minutes.
[2020-03-29 22:47:08Z WARN GitHubActionsService] GET request to https://pipelines.actions.githubusercontent.com/oPTqmPn939GbLlpjSZRiFhnoKKE2vkIaWo3n2Fd9JDOicD1Kx4/_apis/distributedtask/pools/1/messages?sessionId=6a694efb-9317-48d9-9519-e3f37bf4ee0d timed out after 60 seconds.
[2020-03-29 22:47:08Z ERR  MessageListener] Catch exception during get next message.
[2020-03-29 22:47:08Z ERR  MessageListener] System.TimeoutException: The HTTP request timed out after 00:01:00.
 ---> System.Threading.Tasks.TaskCanceledException: The operation was canceled.
 ---> System.IO.IOException: Unable to read data from the transport connection: The I/O operation has been aborted because of either a thread exit or an application request..
 ---> System.Net.Sockets.SocketException (995): The I/O operation has been aborted because of either a thread exit or an application request.
   --- End of inner exception stack trace ---
   at System.Net.Sockets.Socket.AwaitableSocketAsyncEventArgs.ThrowException(SocketError error, CancellationToken cancellationToken)
   at System.Net.Sockets.Socket.AwaitableSocketAsyncEventArgs.GetResult(Int16 token)
   at System.Net.Security.SslStream.<FillBufferAsync>g__InternalFillBufferAsync|215_0[TReadAdapter](TReadAdapter adap, ValueTask`1 task, Int32 min, Int32 initial)
   at System.Net.Security.SslStream.ReadAsyncInternal[TReadAdapter](TReadAdapter adapter, Memory`1 buffer)
   at System.Net.Http.HttpConnection.SendAsyncCore(HttpRequestMessage request, CancellationToken cancellationToken)
   --- End of inner exception stack trace ---
   at System.Net.Http.HttpConnection.SendAsyncCore(HttpRequestMessage request, CancellationToken cancellationToken)
   at System.Net.Http.AuthenticationHelper.SendWithNtAuthAsync(HttpRequestMessage request, Uri authUri, ICredentials credentials, Boolean isProxyAuth, HttpConnection connection, HttpConnectionPool connectionPool, CancellationToken cancellationToken)
   at System.Net.Http.HttpConnectionPool.SendWithNtConnectionAuthAsync(HttpConnection connection, HttpRequestMessage request, Boolean doRequestAuth, CancellationToken cancellationToken)
   at System.Net.Http.HttpConnectionPool.SendWithRetryAsync(HttpRequestMessage request, Boolean doRequestAuth, CancellationToken cancellationToken)
   at System.Net.Http.AuthenticationHelper.SendWithAuthAsync(HttpRequestMessage request, Uri authUri, ICredentials credentials, Boolean preAuthenticate, Boolean isProxyAuth, Boolean doRequestAuth, HttpConnectionPool pool, CancellationToken cancellationToken)
   at System.Net.Http.DecompressionHandler.SendAsync(HttpRequestMessage request, CancellationToken cancellationToken)
   at GitHub.Services.Common.VssHttpMessageHandler.SendAsync(HttpRequestMessage request, CancellationToken cancellationToken)
   --- End of inner exception stack trace ---
   at GitHub.Services.Common.VssHttpMessageHandler.SendAsync(HttpRequestMessage request, CancellationToken cancellationToken)
   at GitHub.Services.Common.VssHttpRetryMessageHandler.SendAsync(HttpRequestMessage request, CancellationToken cancellationToken)
   at System.Net.Http.HttpClient.FinishSendAsyncBuffered(Task`1 sendTask, HttpRequestMessage request, CancellationTokenSource cts, Boolean disposeCts)
   at GitHub.Services.WebApi.VssHttpClientBase.SendAsync(HttpRequestMessage message, HttpCompletionOption completionOption, Object userState, CancellationToken cancellationToken)
   at GitHub.Services.WebApi.VssHttpClientBase.SendAsync[T](HttpRequestMessage message, Object userState, CancellationToken cancellationToken)
   at GitHub.Services.WebApi.VssHttpClientBase.SendAsync[T](HttpMethod method, IEnumerable`1 additionalHeaders, Guid locationId, Object routeValues, ApiResourceVersion version, HttpContent content, IEnumerable`1 queryParameters, Object userState, CancellationToken cancellationToken)
   at GitHub.Runner.Listener.MessageListener.GetNextMessageAsync(CancellationToken token)
[2020-03-29 22:47:08Z ERR  MessageListener] #####################################################
[2020-03-29 22:47:08Z ERR  MessageListener] System.Threading.Tasks.TaskCanceledException: The operation was canceled.
 ---> System.IO.IOException: Unable to read data from the transport connection: The I/O operation has been aborted because of either a thread exit or an application request..
 ---> System.Net.Sockets.SocketException (995): The I/O operation has been aborted because of either a thread exit or an application request.
   --- End of inner exception stack trace ---
   at System.Net.Sockets.Socket.AwaitableSocketAsyncEventArgs.ThrowException(SocketError error, CancellationToken cancellationToken)
   at System.Net.Sockets.Socket.AwaitableSocketAsyncEventArgs.GetResult(Int16 token)
   at System.Net.Security.SslStream.<FillBufferAsync>g__InternalFillBufferAsync|215_0[TReadAdapter](TReadAdapter adap, ValueTask`1 task, Int32 min, Int32 initial)
   at System.Net.Security.SslStream.ReadAsyncInternal[TReadAdapter](TReadAdapter adapter, Memory`1 buffer)
   at System.Net.Http.HttpConnection.SendAsyncCore(HttpRequestMessage request, CancellationToken cancellationToken)
   --- End of inner exception stack trace ---
   at System.Net.Http.HttpConnection.SendAsyncCore(HttpRequestMessage request, CancellationToken cancellationToken)
   at System.Net.Http.AuthenticationHelper.SendWithNtAuthAsync(HttpRequestMessage request, Uri authUri, ICredentials credentials, Boolean isProxyAuth, HttpConnection connection, HttpConnectionPool connectionPool, CancellationToken cancellationToken)
   at System.Net.Http.HttpConnectionPool.SendWithNtConnectionAuthAsync(HttpConnection connection, HttpRequestMessage request, Boolean doRequestAuth, CancellationToken cancellationToken)
   at System.Net.Http.HttpConnectionPool.SendWithRetryAsync(HttpRequestMessage request, Boolean doRequestAuth, CancellationToken cancellationToken)
   at System.Net.Http.AuthenticationHelper.SendWithAuthAsync(HttpRequestMessage request, Uri authUri, ICredentials credentials, Boolean preAuthenticate, Boolean isProxyAuth, Boolean doRequestAuth, HttpConnectionPool pool, CancellationToken cancellationToken)
   at System.Net.Http.DecompressionHandler.SendAsync(HttpRequestMessage request, CancellationToken cancellationToken)
   at GitHub.Services.Common.VssHttpMessageHandler.SendAsync(HttpRequestMessage request, CancellationToken cancellationToken)
[2020-03-29 22:47:08Z ERR  MessageListener] #####################################################
[2020-03-29 22:47:08Z ERR  MessageListener] System.IO.IOException: Unable to read data from the transport connection: The I/O operation has been aborted because of either a thread exit or an application request..
 ---> System.Net.Sockets.SocketException (995): The I/O operation has been aborted because of either a thread exit or an application request.
   --- End of inner exception stack trace ---
   at System.Net.Sockets.Socket.AwaitableSocketAsyncEventArgs.ThrowException(SocketError error, CancellationToken cancellationToken)
   at System.Net.Sockets.Socket.AwaitableSocketAsyncEventArgs.GetResult(Int16 token)
   at System.Net.Security.SslStream.<FillBufferAsync>g__InternalFillBufferAsync|215_0[TReadAdapter](TReadAdapter adap, ValueTask`1 task, Int32 min, Int32 initial)
   at System.Net.Security.SslStream.ReadAsyncInternal[TReadAdapter](TReadAdapter adapter, Memory`1 buffer)
   at System.Net.Http.HttpConnection.SendAsyncCore(HttpRequestMessage request, CancellationToken cancellationToken)
[2020-03-29 22:47:08Z ERR  MessageListener] #####################################################
[2020-03-29 22:47:08Z ERR  MessageListener] System.Net.Sockets.SocketException (995): The I/O operation has been aborted because of either a thread exit or an application request.
[2020-03-29 22:47:08Z INFO MessageListener] Retriable exception: The HTTP request timed out after 00:01:00.
[2020-03-29 22:47:08Z ERR  Terminal] WRITE ERROR: 2020-03-29 22:47:08Z: Runner connect error: The HTTP request timed out after 00:01:00.. Retrying until reconnected.
[2020-03-29 22:47:08Z INFO RunnerServer] Refresh MessageQueue VssConnection to get on a different AFD node.
[2020-03-29 22:47:08Z INFO RunnerServer] Establish connection with 60 seconds timeout.
[2020-03-29 22:47:08Z INFO GitHubActionsService] Starting operation Location.GetConnectionData
[2020-03-29 22:47:08Z INFO GitHubActionsService] Finished operation Location.GetConnectionData
[2020-03-29 22:47:08Z INFO MessageListener] Sleeping for 25.893 seconds before retrying.
[2020-03-29 22:48:24Z INFO Terminal] WRITE LINE: 2020-03-29 22:48:24Z: Runner reconnected.
[2020-03-29 22:52:45Z WARN GitHubActionsService] GET request to https://pipelines.actions.githubusercontent.com/oPTqmPn939GbLlpjSZRiFhnoKKE2vkIaWo3n2Fd9JDOicD1Kx4/_apis/distributedtask/pools/1/messages?sessionId=6a694efb-9317-48d9-9519-e3f37bf4ee0d timed out after 60 seconds.
[2020-03-29 22:52:45Z ERR  MessageListener] Catch exception during get next message.
[2020-03-29 22:52:45Z ERR  MessageListener] System.TimeoutException: The HTTP request timed out after 00:01:00.
 ---> System.Threading.Tasks.TaskCanceledException: The operation was canceled.
 ---> System.IO.IOException: Unable to read data from the transport connection: The I/O operation has been aborted because of either a thread exit or an application request..
 ---> System.Net.Sockets.SocketException (995): The I/O operation has been aborted because of either a thread exit or an application request.
   --- End of inner exception stack trace ---
   at System.Net.Sockets.Socket.AwaitableSocketAsyncEventArgs.ThrowException(SocketError error, CancellationToken cancellationToken)
   at System.Net.Sockets.Socket.AwaitableSocketAsyncEventArgs.GetResult(Int16 token)
   at System.Net.Security.SslStream.<FillBufferAsync>g__InternalFillBufferAsync|215_0[TReadAdapter](TReadAdapter adap, ValueTask`1 task, Int32 min, Int32 initial)
   at System.Net.Security.SslStream.ReadAsyncInternal[TReadAdapter](TReadAdapter adapter, Memory`1 buffer)
   at System.Net.Http.HttpConnection.SendAsyncCore(HttpRequestMessage request, CancellationToken cancellationToken)
   --- End of inner exception stack trace ---
   at System.Net.Http.HttpConnection.SendAsyncCore(HttpRequestMessage request, CancellationToken cancellationToken)
   at System.Net.Http.AuthenticationHelper.SendWithNtAuthAsync(HttpRequestMessage request, Uri authUri, ICredentials credentials, Boolean isProxyAuth, HttpConnection connection, HttpConnectionPool connectionPool, CancellationToken cancellationToken)
   at System.Net.Http.HttpConnectionPool.SendWithNtConnectionAuthAsync(HttpConnection connection, HttpRequestMessage request, Boolean doRequestAuth, CancellationToken cancellationToken)
   at System.Net.Http.HttpConnectionPool.SendWithRetryAsync(HttpRequestMessage request, Boolean doRequestAuth, CancellationToken cancellationToken)
   at System.Net.Http.AuthenticationHelper.SendWithAuthAsync(HttpRequestMessage request, Uri authUri, ICredentials credentials, Boolean preAuthenticate, Boolean isProxyAuth, Boolean doRequestAuth, HttpConnectionPool pool, CancellationToken cancellationToken)
   at System.Net.Http.DecompressionHandler.SendAsync(HttpRequestMessage request, CancellationToken cancellationToken)
   at GitHub.Services.Common.VssHttpMessageHandler.SendAsync(HttpRequestMessage request, CancellationToken cancellationToken)
   --- End of inner exception stack trace ---
   at GitHub.Services.Common.VssHttpMessageHandler.SendAsync(HttpRequestMessage request, CancellationToken cancellationToken)
   at GitHub.Services.Common.VssHttpRetryMessageHandler.SendAsync(HttpRequestMessage request, CancellationToken cancellationToken)
   at System.Net.Http.HttpClient.FinishSendAsyncBuffered(Task`1 sendTask, HttpRequestMessage request, CancellationTokenSource cts, Boolean disposeCts)
   at GitHub.Services.WebApi.VssHttpClientBase.SendAsync(HttpRequestMessage message, HttpCompletionOption completionOption, Object userState, CancellationToken cancellationToken)
   at GitHub.Services.WebApi.VssHttpClientBase.SendAsync[T](HttpRequestMessage message, Object userState, CancellationToken cancellationToken)
   at GitHub.Services.WebApi.VssHttpClientBase.SendAsync[T](HttpMethod method, IEnumerable`1 additionalHeaders, Guid locationId, Object routeValues, ApiResourceVersion version, HttpContent content, IEnumerable`1 queryParameters, Object userState, CancellationToken cancellationToken)
   at GitHub.Runner.Listener.MessageListener.GetNextMessageAsync(CancellationToken token)
[2020-03-29 22:52:45Z ERR  MessageListener] #####################################################
[2020-03-29 22:52:45Z ERR  MessageListener] System.Threading.Tasks.TaskCanceledException: The operation was canceled.
 ---> System.IO.IOException: Unable to read data from the transport connection: The I/O operation has been aborted because of either a thread exit or an application request..
 ---> System.Net.Sockets.SocketException (995): The I/O operation has been aborted because of either a thread exit or an application request.
   --- End of inner exception stack trace ---
   at System.Net.Sockets.Socket.AwaitableSocketAsyncEventArgs.ThrowException(SocketError error, CancellationToken cancellationToken)
   at System.Net.Sockets.Socket.AwaitableSocketAsyncEventArgs.GetResult(Int16 token)
   at System.Net.Security.SslStream.<FillBufferAsync>g__InternalFillBufferAsync|215_0[TReadAdapter](TReadAdapter adap, ValueTask`1 task, Int32 min, Int32 initial)
   at System.Net.Security.SslStream.ReadAsyncInternal[TReadAdapter](TReadAdapter adapter, Memory`1 buffer)
   at System.Net.Http.HttpConnection.SendAsyncCore(HttpRequestMessage request, CancellationToken cancellationToken)
   --- End of inner exception stack trace ---
   at System.Net.Http.HttpConnection.SendAsyncCore(HttpRequestMessage request, CancellationToken cancellationToken)
   at System.Net.Http.AuthenticationHelper.SendWithNtAuthAsync(HttpRequestMessage request, Uri authUri, ICredentials credentials, Boolean isProxyAuth, HttpConnection connection, HttpConnectionPool connectionPool, CancellationToken cancellationToken)
   at System.Net.Http.HttpConnectionPool.SendWithNtConnectionAuthAsync(HttpConnection connection, HttpRequestMessage request, Boolean doRequestAuth, CancellationToken cancellationToken)
   at System.Net.Http.HttpConnectionPool.SendWithRetryAsync(HttpRequestMessage request, Boolean doRequestAuth, CancellationToken cancellationToken)
   at System.Net.Http.AuthenticationHelper.SendWithAuthAsync(HttpRequestMessage request, Uri authUri, ICredentials credentials, Boolean preAuthenticate, Boolean isProxyAuth, Boolean doRequestAuth, HttpConnectionPool pool, CancellationToken cancellationToken)
   at System.Net.Http.DecompressionHandler.SendAsync(HttpRequestMessage request, CancellationToken cancellationToken)
   at GitHub.Services.Common.VssHttpMessageHandler.SendAsync(HttpRequestMessage request, CancellationToken cancellationToken)
[2020-03-29 22:52:45Z ERR  MessageListener] #####################################################
[2020-03-29 22:52:45Z ERR  MessageListener] System.IO.IOException: Unable to read data from the transport connection: The I/O operation has been aborted because of either a thread exit or an application request..
 ---> System.Net.Sockets.SocketException (995): The I/O operation has been aborted because of either a thread exit or an application request.
   --- End of inner exception stack trace ---
   at System.Net.Sockets.Socket.AwaitableSocketAsyncEventArgs.ThrowException(SocketError error, CancellationToken cancellationToken)
   at System.Net.Sockets.Socket.AwaitableSocketAsyncEventArgs.GetResult(Int16 token)
   at System.Net.Security.SslStream.<FillBufferAsync>g__InternalFillBufferAsync|215_0[TReadAdapter](TReadAdapter adap, ValueTask`1 task, Int32 min, Int32 initial)
   at System.Net.Security.SslStream.ReadAsyncInternal[TReadAdapter](TReadAdapter adapter, Memory`1 buffer)
   at System.Net.Http.HttpConnection.SendAsyncCore(HttpRequestMessage request, CancellationToken cancellationToken)
[2020-03-29 22:52:45Z ERR  MessageListener] #####################################################
[2020-03-29 22:52:45Z ERR  MessageListener] System.Net.Sockets.SocketException (995): The I/O operation has been aborted because of either a thread exit or an application request.
[2020-03-29 22:52:45Z INFO MessageListener] Retriable exception: The HTTP request timed out after 00:01:00.
[2020-03-29 22:52:45Z ERR  Terminal] WRITE ERROR: 2020-03-29 22:52:45Z: Runner connect error: The HTTP request timed out after 00:01:00.. Retrying until reconnected.
[2020-03-29 22:52:45Z INFO RunnerServer] Refresh MessageQueue VssConnection to get on a different AFD node.
[2020-03-29 22:52:45Z INFO RunnerServer] Establish connection with 60 seconds timeout.
[2020-03-29 22:52:45Z INFO GitHubActionsService] Starting operation Location.GetConnectionData
[2020-03-29 22:52:45Z INFO GitHubActionsService] Finished operation Location.GetConnectionData
[2020-03-29 22:52:45Z INFO GitHubActionsService] Starting operation Location.GetConnectionData
[2020-03-29 22:52:46Z INFO GitHubActionsService] Finished operation Location.GetConnectionData
[2020-03-29 22:52:46Z INFO MessageListener] Sleeping for 28.273 seconds before retrying.
[2020-03-29 22:54:04Z INFO Terminal] WRITE LINE: 2020-03-29 22:54:04Z: Runner reconnected.
[2020-03-29 22:55:54Z WARN GitHubActionsService] GET request to https://pipelines.actions.githubusercontent.com/oPTqmPn939GbLlpjSZRiFhnoKKE2vkIaWo3n2Fd9JDOicD1Kx4/_apis/distributedtask/pools/1/messages?sessionId=6a694efb-9317-48d9-9519-e3f37bf4ee0d timed out after 60 seconds.
[2020-03-29 22:55:54Z ERR  MessageListener] Catch exception during get next message.
[2020-03-29 22:55:54Z ERR  MessageListener] System.TimeoutException: The HTTP request timed out after 00:01:00.
 ---> System.Threading.Tasks.TaskCanceledException: The operation was canceled.
 ---> System.IO.IOException: Unable to read data from the transport connection: The I/O operation has been aborted because of either a thread exit or an application request..
 ---> System.Net.Sockets.SocketException (995): The I/O operation has been aborted because of either a thread exit or an application request.
   --- End of inner exception stack trace ---
   at System.Net.Sockets.Socket.AwaitableSocketAsyncEventArgs.ThrowException(SocketError error, CancellationToken cancellationToken)
   at System.Net.Sockets.Socket.AwaitableSocketAsyncEventArgs.GetResult(Int16 token)
   at System.Net.Security.SslStream.<FillBufferAsync>g__InternalFillBufferAsync|215_0[TReadAdapter](TReadAdapter adap, ValueTask`1 task, Int32 min, Int32 initial)
   at System.Net.Security.SslStream.ReadAsyncInternal[TReadAdapter](TReadAdapter adapter, Memory`1 buffer)
   at System.Net.Http.HttpConnection.SendAsyncCore(HttpRequestMessage request, CancellationToken cancellationToken)
   --- End of inner exception stack trace ---
   at System.Net.Http.HttpConnection.SendAsyncCore(HttpRequestMessage request, CancellationToken cancellationToken)
   at System.Net.Http.AuthenticationHelper.SendWithNtAuthAsync(HttpRequestMessage request, Uri authUri, ICredentials credentials, Boolean isProxyAuth, HttpConnection connection, HttpConnectionPool connectionPool, CancellationToken cancellationToken)
   at System.Net.Http.HttpConnectionPool.SendWithNtConnectionAuthAsync(HttpConnection connection, HttpRequestMessage request, Boolean doRequestAuth, CancellationToken cancellationToken)
   at System.Net.Http.HttpConnectionPool.SendWithRetryAsync(HttpRequestMessage request, Boolean doRequestAuth, CancellationToken cancellationToken)
   at System.Net.Http.AuthenticationHelper.SendWithAuthAsync(HttpRequestMessage request, Uri authUri, ICredentials credentials, Boolean preAuthenticate, Boolean isProxyAuth, Boolean doRequestAuth, HttpConnectionPool pool, CancellationToken cancellationToken)
   at System.Net.Http.DecompressionHandler.SendAsync(HttpRequestMessage request, CancellationToken cancellationToken)
   at GitHub.Services.Common.VssHttpMessageHandler.SendAsync(HttpRequestMessage request, CancellationToken cancellationToken)
   --- End of inner exception stack trace ---
   at GitHub.Services.Common.VssHttpMessageHandler.SendAsync(HttpRequestMessage request, CancellationToken cancellationToken)
   at GitHub.Services.Common.VssHttpRetryMessageHandler.SendAsync(HttpRequestMessage request, CancellationToken cancellationToken)
   at System.Net.Http.HttpClient.FinishSendAsyncBuffered(Task`1 sendTask, HttpRequestMessage request, CancellationTokenSource cts, Boolean disposeCts)
   at GitHub.Services.WebApi.VssHttpClientBase.SendAsync(HttpRequestMessage message, HttpCompletionOption completionOption, Object userState, CancellationToken cancellationToken)
   at GitHub.Services.WebApi.VssHttpClientBase.SendAsync[T](HttpRequestMessage message, Object userState, CancellationToken cancellationToken)
   at GitHub.Services.WebApi.VssHttpClientBase.SendAsync[T](HttpMethod method, IEnumerable`1 additionalHeaders, Guid locationId, Object routeValues, ApiResourceVersion version, HttpContent content, IEnumerable`1 queryParameters, Object userState, CancellationToken cancellationToken)
   at GitHub.Runner.Listener.MessageListener.GetNextMessageAsync(CancellationToken token)
[2020-03-29 22:55:54Z ERR  MessageListener] #####################################################
[2020-03-29 22:55:54Z ERR  MessageListener] System.Threading.Tasks.TaskCanceledException: The operation was canceled.
 ---> System.IO.IOException: Unable to read data from the transport connection: The I/O operation has been aborted because of either a thread exit or an application request..
 ---> System.Net.Sockets.SocketException (995): The I/O operation has been aborted because of either a thread exit or an application request.
   --- End of inner exception stack trace ---
   at System.Net.Sockets.Socket.AwaitableSocketAsyncEventArgs.ThrowException(SocketError error, CancellationToken cancellationToken)
   at System.Net.Sockets.Socket.AwaitableSocketAsyncEventArgs.GetResult(Int16 token)
   at System.Net.Security.SslStream.<FillBufferAsync>g__InternalFillBufferAsync|215_0[TReadAdapter](TReadAdapter adap, ValueTask`1 task, Int32 min, Int32 initial)
   at System.Net.Security.SslStream.ReadAsyncInternal[TReadAdapter](TReadAdapter adapter, Memory`1 buffer)
   at System.Net.Http.HttpConnection.SendAsyncCore(HttpRequestMessage request, CancellationToken cancellationToken)
   --- End of inner exception stack trace ---
   at System.Net.Http.HttpConnection.SendAsyncCore(HttpRequestMessage request, CancellationToken cancellationToken)
   at System.Net.Http.AuthenticationHelper.SendWithNtAuthAsync(HttpRequestMessage request, Uri authUri, ICredentials credentials, Boolean isProxyAuth, HttpConnection connection, HttpConnectionPool connectionPool, CancellationToken cancellationToken)
   at System.Net.Http.HttpConnectionPool.SendWithNtConnectionAuthAsync(HttpConnection connection, HttpRequestMessage request, Boolean doRequestAuth, CancellationToken cancellationToken)
   at System.Net.Http.HttpConnectionPool.SendWithRetryAsync(HttpRequestMessage request, Boolean doRequestAuth, CancellationToken cancellationToken)
   at System.Net.Http.AuthenticationHelper.SendWithAuthAsync(HttpRequestMessage request, Uri authUri, ICredentials credentials, Boolean preAuthenticate, Boolean isProxyAuth, Boolean doRequestAuth, HttpConnectionPool pool, CancellationToken cancellationToken)
   at System.Net.Http.DecompressionHandler.SendAsync(HttpRequestMessage request, CancellationToken cancellationToken)
   at GitHub.Services.Common.VssHttpMessageHandler.SendAsync(HttpRequestMessage request, CancellationToken cancellationToken)
[2020-03-29 22:55:54Z ERR  MessageListener] #####################################################
[2020-03-29 22:55:54Z ERR  MessageListener] System.IO.IOException: Unable to read data from the transport connection: The I/O operation has been aborted because of either a thread exit or an application request..
 ---> System.Net.Sockets.SocketException (995): The I/O operation has been aborted because of either a thread exit or an application request.
   --- End of inner exception stack trace ---
   at System.Net.Sockets.Socket.AwaitableSocketAsyncEventArgs.ThrowException(SocketError error, CancellationToken cancellationToken)
   at System.Net.Sockets.Socket.AwaitableSocketAsyncEventArgs.GetResult(Int16 token)
   at System.Net.Security.SslStream.<FillBufferAsync>g__InternalFillBufferAsync|215_0[TReadAdapter](TReadAdapter adap, ValueTask`1 task, Int32 min, Int32 initial)
   at System.Net.Security.SslStream.ReadAsyncInternal[TReadAdapter](TReadAdapter adapter, Memory`1 buffer)
   at System.Net.Http.HttpConnection.SendAsyncCore(HttpRequestMessage request, CancellationToken cancellationToken)
[2020-03-29 22:55:54Z ERR  MessageListener] #####################################################
[2020-03-29 22:55:54Z ERR  MessageListener] System.Net.Sockets.SocketException (995): The I/O operation has been aborted because of either a thread exit or an application request.
[2020-03-29 22:55:54Z INFO MessageListener] Retriable exception: The HTTP request timed out after 00:01:00.
[2020-03-29 22:55:54Z ERR  Terminal] WRITE ERROR: 2020-03-29 22:55:54Z: Runner connect error: The HTTP request timed out after 00:01:00.. Retrying until reconnected.
[2020-03-29 22:55:54Z INFO RunnerServer] Refresh MessageQueue VssConnection to get on a different AFD node.
[2020-03-29 22:55:54Z INFO RunnerServer] Establish connection with 60 seconds timeout.
[2020-03-29 22:55:54Z INFO GitHubActionsService] Starting operation Location.GetConnectionData
[2020-03-29 22:55:54Z INFO GitHubActionsService] Finished operation Location.GetConnectionData
[2020-03-29 22:55:54Z INFO MessageListener] Sleeping for 18.857 seconds before retrying.
[2020-03-29 22:57:03Z INFO Terminal] WRITE LINE: 2020-03-29 22:57:03Z: Runner reconnected.
[2020-03-29 23:16:16Z INFO MessageListener] No message retrieved from session '6a694efb-9317-48d9-9519-e3f37bf4ee0d' within last 30 minutes.
[2020-03-29 23:26:18Z WARN GitHubActionsService] Authentication failed with status code 401.
Transfer-Encoding: chunked
WWW-Authenticate: Bearer
Strict-Transport-Security: max-age=2592000
X-TFS-ProcessId: cc209233-ed71-4ee5-be9f-9ffa1ad4eecf
ActivityId: b363a608-c919-46ee-8921-8a0090cb509e
X-TFS-Session: 509993c5-8120-4b79-9d92-0f949139613b
X-VSS-E2EID: c9c5c0c7-6bad-4d74-9a74-61bcb5461e9b
X-VSS-SenderDeploymentId: 193695a0-0dcd-ade4-f810-b10ad24a9829
X-TFS-ServiceError: The+user+%27System%3aPublicAccess%3baaaaaaaa-aaaa-aaaa-aaaa-aaaaaaaaaaaa%27+is+not+authorized+to+access+this+resource.
X-VSS-S2STargetService: 0000005A-0000-8888-8000-000000000000/visualstudio.com
X-MSEdge-Ref: Ref A: 141ADD16DA8345BDA5B861518EADEA3F Ref B: CHGEDGE0718 Ref C: 2020-03-29T23:26:15Z
Date: Sun, 29 Mar 2020 23:26:15 GMT

[2020-03-29 23:26:18Z INFO RSAEncryptedFileKeyManager] Loading RSA key parameters from file C:\actions-runner\.credentials_rsaparams
[2020-03-29 23:26:19Z INFO GitHubActionsService] AAD Correlation ID for this token request: Unknown
[2020-03-29 23:46:22Z INFO MessageListener] No message retrieved from session '6a694efb-9317-48d9-9519-e3f37bf4ee0d' within last 30 minutes.
[2020-03-30 00:16:27Z INFO MessageListener] No message retrieved from session '6a694efb-9317-48d9-9519-e3f37bf4ee0d' within last 30 minutes.
[2020-03-30 00:21:28Z WARN GitHubActionsService] Authentication failed with status code 401.
WWW-Authenticate: Bearer
Strict-Transport-Security: max-age=2592000
X-TFS-ProcessId: b2b62d90-e975-4df4-bd8c-5a5aa7e26dcd
ActivityId: de719d85-d528-4cb0-adaf-1a21c6fe3420
X-TFS-Session: 509993c5-8120-4b79-9d92-0f949139613b
X-VSS-E2EID: 88d70c5d-9aff-4fe3-894f-8f2ae54f85fa
X-VSS-SenderDeploymentId: 193695a0-0dcd-ade4-f810-b10ad24a9829
X-TFS-ServiceError: The+user+%27System%3aPublicAccess%3baaaaaaaa-aaaa-aaaa-aaaa-aaaaaaaaaaaa%27+is+not+authorized+to+access+this+resource.
X-VSS-S2STargetService: 0000005A-0000-8888-8000-000000000000/visualstudio.com
X-MSEdge-Ref: Ref A: CFB6719A759349BBA2B2AF248507741F Ref B: CHGEDGE0718 Ref C: 2020-03-30T00:21:25Z
Date: Mon, 30 Mar 2020 00:21:25 GMT

[2020-03-30 00:21:28Z INFO RSAEncryptedFileKeyManager] Loading RSA key parameters from file C:\actions-runner\.credentials_rsaparams
[2020-03-30 00:21:29Z INFO GitHubActionsService] AAD Correlation ID for this token request: Unknown
