[2020-03-29 15:14:40Z INFO HostContext] No proxy settings were found based on environmental variables (http_proxy/https_proxy/HTTP_PROXY/HTTPS_PROXY)
[2020-03-29 15:14:40Z INFO Worker] Version: 2.165.2
[2020-03-29 15:14:40Z INFO Worker] Commit: fcf795d86d880b9f0bd10f9713d29cb9784ecef5
[2020-03-29 15:14:40Z INFO Worker] Culture: en-US
[2020-03-29 15:14:40Z INFO Worker] UI Culture: en-US
[2020-03-29 15:14:40Z INFO Worker] Waiting to receive the job message from the channel.
[2020-03-29 15:14:40Z INFO Worker] Message received.
[2020-03-29 15:14:40Z INFO Worker] Job message:
 {
  "mask": [
    {
      "type": "regex",
      "value": "***"
    },
    {
      "type": "regex",
      "value": "***"
    },
    {
      "type": "regex",
      "value": "***"
    },
    {
      "type": "regex",
      "value": "***"
    },
    {
      "type": "regex",
      "value": "***"
    }
  ],
  "steps": [
    {
      "type": "action",
      "reference": {
        "type": "repository",
        "name": "actions/checkout",
        "ref": "v2",
        "repositoryType": "GitHub",
        "path": ""
      },
      "condition": "success()",
      "id": "56825445-2bcd-5dc9-133e-3e301c6fbe2a",
      "name": "actionscheckout"
    },
    {
      "type": "action",
      "reference": {
        "type": "repository",
        "name": "actions/setup-node",
        "ref": "v1",
        "repositoryType": "GitHub",
        "path": ""
      },
      "displayNameToken": {
        "type": 3,
        "expr": "format('Use Node.js {0}', matrix.node-version)"
      },
      "inputs": {
        "type": 2,
        "map": [
          {
            "key": "node-version",
            "value": {
              "type": 3,
              "expr": "matrix.node-version"
            }
          }
        ]
      },
      "condition": "success()",
      "id": "991352c2-9e91-5ad8-bc41-8505c4491f19",
      "name": "actionssetup-node"
    },
    {
      "type": "action",
      "reference": {
        "type": "script"
      },
      "inputs": {
        "type": 2,
        "map": [
          {
            "key": "script",
            "value": "npm ci"
          }
        ]
      },
      "condition": "success()",
      "id": "ec94ed4c-090e-5d8d-d9f6-d75673a2e0f4",
      "name": "run1"
    },
    {
      "type": "action",
      "reference": {
        "type": "script"
      },
      "inputs": {
        "type": 2,
        "map": [
          {
            "key": "script",
            "value": "npm run build --if-present"
          }
        ]
      },
      "condition": "success()",
      "id": "35a6099b-55bb-59a5-08f9-7598acb3ad1a",
      "name": "run2"
    },
    {
      "type": "action",
      "reference": {
        "type": "script"
      },
      "environment": {
        "type": 2,
        "map": [
          {
            "key": "CI",
            "value": "true"
          }
        ]
      },
      "inputs": {
        "type": 2,
        "map": [
          {
            "key": "script",
            "value": "npm test"
          }
        ]
      },
      "condition": "success()",
      "id": "0b9caf35-f9e3-5e0a-7250-9da7c347dbf0",
      "name": "run3"
    }
  ],
  "variables": {
    "GITHUB_TOKEN": {
      "value": "***",
      "isSecret": true
    },
    "Secret": {
      "value": "***",
      "isSecret": true
    },
    "system.isScheduled": {
      "value": "False"
    },
    "system.github.token": {
      "value": "***",
      "isSecret": true
    },
    "system": {
      "value": "actions"
    },
    "system.hosttype": {
      "value": "actions"
    },
    "system.servertype": {
      "value": "Hosted"
    },
    "system.culture": {
      "value": "en-US"
    },
    "system.collectionId": {
      "value": "2689660a-ba2f-4a9c-9053-b9e1bf76d0ee"
    },
    "system.collectionUri": {
      "value": "https://pipelines.actions.githubusercontent.com/oPTqmPn939GbLlpjSZRiFhnoKKE2vkIaWo3n2Fd9JDOicD1Kx4/"
    },
    "system.taskDefinitionsUri": {
      "value": "https://pipelines.actions.githubusercontent.com/oPTqmPn939GbLlpjSZRiFhnoKKE2vkIaWo3n2Fd9JDOicD1Kx4/"
    },
    "system.pipelineStartTime": {
      "value": "2020-03-29 15:14:35+00:00"
    },
    "system.definitionId": {
      "value": "3"
    },
    "system.teamProjectId": {
      "value": "00000000-0000-0000-0000-000000000000"
    },
    "build.buildId": {
      "value": "96"
    },
    "build.containerId": {
      "value": "1452602"
    },
    "system.definitionName": {
      "value": "SmartThingsPublic"
    },
    "system.planId": {
      "value": "a1fe9f60-82ac-4d75-b956-1368dbf063aa"
    },
    "system.timelineId": {
      "value": "a1fe9f60-82ac-4d75-b956-1368dbf063aa"
    },
    "system.stageDisplayName": {
      "value": "__default"
    },
    "system.stageId": {
      "value": "96ac2280-8cb4-5df5-99de-dd2da759617d"
    },
    "system.stageName": {
      "value": "__default"
    },
    "system.stageAttempt": {
      "value": "1"
    },
    "system.phaseDisplayName": {
      "value": "build"
    },
    "system.phaseId": {
      "value": "6884a131-87da-5381-61f3-d7acc3b91d76"
    },
    "system.phaseName": {
      "value": "build"
    },
    "system.phaseAttempt": {
      "value": "1"
    },
    "system.jobIdentifier": {
      "value": "build._12_x"
    },
    "system.jobAttempt": {
      "value": "1"
    },
    "System.JobPositionInPhase": {
      "value": "2"
    },
    "System.TotalJobsInPhase": {
      "value": "2"
    },
    "system.jobDisplayName": {
      "value": "build (12.x)"
    },
    "system.jobId": {
      "value": "a9a345e6-1106-5aaa-6fe5-f842db892828"
    },
    "system.jobName": {
      "value": "_12_x"
    },
    "runner.UseActionsArtifactsApis": {
      "value": "True"
    },
    "System.HashFilesV2": {
      "value": "True"
    }
  },
  "jobSidecarContainers": {},
  "messageType": "PipelineAgentJobRequest",
  "plan": {
    "scopeIdentifier": "00000000-0000-0000-0000-000000000000",
    "planType": "Actions",
    "version": 8,
    "planId": "a1fe9f60-82ac-4d75-b956-1368dbf063aa",
    "planGroup": "Actions:00000000-0000-0000-0000-000000000000:1",
    "artifactUri": "vstfs:///Build/Build/96",
    "artifactLocation": null,
    "definition": {
      "_links": {},
      "id": 3,
      "name": "SmartThingsPublic"
    },
    "owner": {
      "_links": {},
      "id": 3,
      "name": "monninn"
    }
  },
  "timeline": {
    "id": "a1fe9f60-82ac-4d75-b956-1368dbf063aa",
    "changeId": 18,
    "location": null
  },
  "jobId": "a9a345e6-1106-5aaa-6fe5-f842db892828",
  "jobDisplayName": "build (12.x)",
  "jobName": "_12_x",
  "requestId": 52,
  "lockedUntil": "0001-01-01T00:00:00",
  "resources": {
    "endpoints": [
      {
        "data": {
          "ServerId": "2689660a-ba2f-4a9c-9053-b9e1bf76d0ee",
          "ServerName": "oPTqmPn939GbLlpjSZRiFhnoKKE2vkIaWo3n2Fd9JDOicD1Kx4",
          "CacheServerUrl": "https://artifactcache.actions.githubusercontent.com/oPTqmPn939GbLlpjSZRiFhnoKKE2vkIaWo3n2Fd9JDOicD1Kx4/"
        },
        "name": "SystemVssConnection",
        "url": "https://pipelines.actions.githubusercontent.com/oPTqmPn939GbLlpjSZRiFhnoKKE2vkIaWo3n2Fd9JDOicD1Kx4/",
        "authorization": {
          "parameters": {
            "AccessToken": ***
          },
          "scheme": "OAuth"
        },
        "isShared": false,
        "isReady": true
      }
    ]
  },
  "contextData": {
    "github": {
      "t": 2,
      "d": [
        {
          "k": "ref",
          "v": "refs/heads/master"
        },
        {
          "k": "sha",
          "v": "d972a035555601eaece422042454b89657863fc6"
        },
        {
          "k": "repository",
          "v": "monninn/SmartThingsPublic"
        },
        {
          "k": "repositoryUrl",
          "v": "git://github.com/monninn/SmartThingsPublic.git"
        },
        {
          "k": "run_id",
          "v": "65164596"
        },
        {
          "k": "run_number",
          "v": "23"
        },
        {
          "k": "actor",
          "v": "monninn"
        },
        {
          "k": "workflow",
          "v": "Node.js CI"
        },
        {
          "k": "head_ref",
          "v": ""
        },
        {
          "k": "base_ref",
          "v": ""
        },
        {
          "k": "event_name",
          "v": "push"
        },
        {
          "k": "event",
          "v": {
            "t": 2,
            "d": [
              {
                "k": "after",
                "v": "d972a035555601eaece422042454b89657863fc6"
              },
              {
                "k": "base_ref",
                "v": null
              },
              {
                "k": "before",
                "v": "a141620674e9116d8812270ecf41eea2d4d1a47c"
              },
              {
                "k": "commits",
                "v": {
                  "t": 1,
                  "a": [
                    {
                      "t": 2,
                      "d": [
                        {
                          "k": "author",
                          "v": {
                            "t": 2,
                            "d": [
                              {
                                "k": "email",
                                "v": "monninn@hotmail.com"
                              },
                              {
                                "k": "name",
                                "v": "Nicholas Monnin"
                              },
                              {
                                "k": "username",
                                "v": "monninn"
                              }
                            ]
                          }
                        },
                        {
                          "k": "committer",
                          "v": {
                            "t": 2,
                            "d": [
                              {
                                "k": "email",
                                "v": "monninn@hotmail.com"
                              },
                              {
                                "k": "name",
                                "v": "Nicholas Monnin"
                              },
                              {
                                "k": "username",
                                "v": "monninn"
                              }
                            ]
                          }
                        },
                        {
                          "k": "distinct",
                          "v": true
                        },
                        {
                          "k": "id",
                          "v": "e0e3c0621a18286c0be3f8e4e9becf2e5b14a4bc"
                        },
                        {
                          "k": "message",
                          "v": "Merge branch 'master' of https://github.com/monninn/SmartThingsPublic"
                        },
                        {
                          "k": "timestamp",
                          "v": "2020-03-28T02:46:02-04:00"
                        },
                        {
                          "k": "tree_id",
                          "v": "7a40430477df8ef7e16a9a9a0d34c29773b905f1"
                        },
                        {
                          "k": "url",
                          "v": "https://github.com/monninn/SmartThingsPublic/commit/e0e3c0621a18286c0be3f8e4e9becf2e5b14a4bc"
                        }
                      ]
                    },
                    {
                      "t": 2,
                      "d": [
                        {
                          "k": "author",
                          "v": {
                            "t": 2,
                            "d": [
                              {
                                "k": "email",
                                "v": "monninn@hotmail.com"
                              },
                              {
                                "k": "name",
                                "v": "Nicholas Monnin"
                              },
                              {
                                "k": "username",
                                "v": "monninn"
                              }
                            ]
                          }
                        },
                        {
                          "k": "committer",
                          "v": {
                            "t": 2,
                            "d": [
                              {
                                "k": "email",
                                "v": "monninn@hotmail.com"
                              },
                              {
                                "k": "name",
                                "v": "Nicholas Monnin"
                              },
                              {
                                "k": "username",
                                "v": "monninn"
                              }
                            ]
                          }
                        },
                        {
                          "k": "distinct",
                          "v": true
                        },
                        {
                          "k": "id",
                          "v": "d972a035555601eaece422042454b89657863fc6"
                        },
                        {
                          "k": "message",
                          "v": "Merge branch 'master' of https://github.com/monninn/SmartThingsPublic"
                        },
                        {
                          "k": "timestamp",
                          "v": "2020-03-28T03:45:47-04:00"
                        },
                        {
                          "k": "tree_id",
                          "v": "cb50e37a2e6f8f7aa0e009da00658394858782c4"
                        },
                        {
                          "k": "url",
                          "v": "https://github.com/monninn/SmartThingsPublic/commit/d972a035555601eaece422042454b89657863fc6"
                        }
                      ]
                    }
                  ]
                }
              },
              {
                "k": "compare",
                "v": "https://github.com/monninn/SmartThingsPublic/compare/a141620674e9...d972a0355556"
              },
              {
                "k": "created",
                "v": false
              },
              {
                "k": "deleted",
                "v": false
              },
              {
                "k": "forced",
                "v": false
              },
              {
                "k": "head_commit",
                "v": {
                  "t": 2,
                  "d": [
                    {
                      "k": "author",
                      "v": {
                        "t": 2,
                        "d": [
                          {
                            "k": "email",
                            "v": "monninn@hotmail.com"
                          },
                          {
                            "k": "name",
                            "v": "Nicholas Monnin"
                          },
                          {
                            "k": "username",
                            "v": "monninn"
                          }
                        ]
                      }
                    },
                    {
                      "k": "committer",
                      "v": {
                        "t": 2,
                        "d": [
                          {
                            "k": "email",
                            "v": "monninn@hotmail.com"
                          },
                          {
                            "k": "name",
                            "v": "Nicholas Monnin"
                          },
                          {
                            "k": "username",
                            "v": "monninn"
                          }
                        ]
                      }
                    },
                    {
                      "k": "distinct",
                      "v": true
                    },
                    {
                      "k": "id",
                      "v": "d972a035555601eaece422042454b89657863fc6"
                    },
                    {
                      "k": "message",
                      "v": "Merge branch 'master' of https://github.com/monninn/SmartThingsPublic"
                    },
                    {
                      "k": "timestamp",
                      "v": "2020-03-28T03:45:47-04:00"
                    },
                    {
                      "k": "tree_id",
                      "v": "cb50e37a2e6f8f7aa0e009da00658394858782c4"
                    },
                    {
                      "k": "url",
                      "v": "https://github.com/monninn/SmartThingsPublic/commit/d972a035555601eaece422042454b89657863fc6"
                    }
                  ]
                }
              },
              {
                "k": "pusher",
                "v": {
                  "t": 2,
                  "d": [
                    {
                      "k": "email",
                      "v": "62664434+monninn@users.noreply.github.com"
                    },
                    {
                      "k": "name",
                      "v": "monninn"
                    }
                  ]
                }
              },
              {
                "k": "ref",
                "v": "refs/heads/master"
              },
              {
                "k": "repository",
                "v": {
                  "t": 2,
                  "d": [
                    {
                      "k": "archive_url",
                      "v": "https://api.github.com/repos/monninn/SmartThingsPublic/{archive_format}{/ref}"
                    },
                    {
                      "k": "archived",
                      "v": false
                    },
                    {
                      "k": "assignees_url",
                      "v": "https://api.github.com/repos/monninn/SmartThingsPublic/assignees{/user}"
                    },
                    {
                      "k": "blobs_url",
                      "v": "https://api.github.com/repos/monninn/SmartThingsPublic/git/blobs{/sha}"
                    },
                    {
                      "k": "branches_url",
                      "v": "https://api.github.com/repos/monninn/SmartThingsPublic/branches{/branch}"
                    },
                    {
                      "k": "clone_url",
                      "v": "https://github.com/monninn/SmartThingsPublic.git"
                    },
                    {
                      "k": "collaborators_url",
                      "v": "https://api.github.com/repos/monninn/SmartThingsPublic/collaborators{/collaborator}"
                    },
                    {
                      "k": "comments_url",
                      "v": "https://api.github.com/repos/monninn/SmartThingsPublic/comments{/number}"
                    },
                    {
                      "k": "commits_url",
                      "v": "https://api.github.com/repos/monninn/SmartThingsPublic/commits{/sha}"
                    },
                    {
                      "k": "compare_url",
                      "v": "https://api.github.com/repos/monninn/SmartThingsPublic/compare/{base}...{head}"
                    },
                    {
                      "k": "contents_url",
                      "v": "https://api.github.com/repos/monninn/SmartThingsPublic/contents/{+path}"
                    },
                    {
                      "k": "contributors_url",
                      "v": "https://api.github.com/repos/monninn/SmartThingsPublic/contributors"
                    },
                    {
                      "k": "created_at",
                      "v": 1585344019.0
                    },
                    {
                      "k": "default_branch",
                      "v": "master"
                    },
                    {
                      "k": "deployments_url",
                      "v": "https://api.github.com/repos/monninn/SmartThingsPublic/deployments"
                    },
                    {
                      "k": "description",
                      "v": "SmartThings SmartApps and DTH"
                    },
                    {
                      "k": "disabled",
                      "v": false
                    },
                    {
                      "k": "downloads_url",
                      "v": "https://api.github.com/repos/monninn/SmartThingsPublic/downloads"
                    },
                    {
                      "k": "events_url",
                      "v": "https://api.github.com/repos/monninn/SmartThingsPublic/events"
                    },
                    {
                      "k": "fork",
                      "v": false
                    },
                    {
                      "k": "forks",
                      "v": 0.0
                    },
                    {
                      "k": "forks_count",
                      "v": 0.0
                    },
                    {
                      "k": "forks_url",
                      "v": "https://api.github.com/repos/monninn/SmartThingsPublic/forks"
                    },
                    {
                      "k": "full_name",
                      "v": "monninn/SmartThingsPublic"
                    },
                    {
                      "k": "git_commits_url",
                      "v": "https://api.github.com/repos/monninn/SmartThingsPublic/git/commits{/sha}"
                    },
                    {
                      "k": "git_refs_url",
                      "v": "https://api.github.com/repos/monninn/SmartThingsPublic/git/refs{/sha}"
                    },
                    {
                      "k": "git_tags_url",
                      "v": "https://api.github.com/repos/monninn/SmartThingsPublic/git/tags{/sha}"
                    },
                    {
                      "k": "git_url",
                      "v": "git://github.com/monninn/SmartThingsPublic.git"
                    },
                    {
                      "k": "has_downloads",
                      "v": true
                    },
                    {
                      "k": "has_issues",
                      "v": false
                    },
                    {
                      "k": "has_pages",
                      "v": false
                    },
                    {
                      "k": "has_projects",
                      "v": false
                    },
                    {
                      "k": "has_wiki",
                      "v": false
                    },
                    {
                      "k": "homepage",
                      "v": null
                    },
                    {
                      "k": "hooks_url",
                      "v": "https://api.github.com/repos/monninn/SmartThingsPublic/hooks"
                    },
                    {
                      "k": "html_url",
                      "v": "https://github.com/monninn/SmartThingsPublic"
                    },
                    {
                      "k": "id",
                      "v": 250650189.0
                    },
                    {
                      "k": "issue_comment_url",
                      "v": "https://api.github.com/repos/monninn/SmartThingsPublic/issues/comments{/number}"
                    },
                    {
                      "k": "issue_events_url",
                      "v": "https://api.github.com/repos/monninn/SmartThingsPublic/issues/events{/number}"
                    },
                    {
                      "k": "issues_url",
                      "v": "https://api.github.com/repos/monninn/SmartThingsPublic/issues{/number}"
                    },
                    {
                      "k": "keys_url",
                      "v": "https://api.github.com/repos/monninn/SmartThingsPublic/keys{/key_id}"
                    },
                    {
                      "k": "labels_url",
                      "v": "https://api.github.com/repos/monninn/SmartThingsPublic/labels{/name}"
                    },
                    {
                      "k": "language",
                      "v": "Groovy"
                    },
                    {
                      "k": "languages_url",
                      "v": "https://api.github.com/repos/monninn/SmartThingsPublic/languages"
                    },
                    {
                      "k": "license",
                      "v": {
                        "t": 2,
                        "d": [
                          {
                            "k": "key",
                            "v": "apache-2.0"
                          },
                          {
                            "k": "name",
                            "v": "Apache License 2.0"
                          },
                          {
                            "k": "node_id",
                            "v": "MDc6TGljZW5zZTI="
                          },
                          {
                            "k": "spdx_id",
                            "v": "Apache-2.0"
                          },
                          {
                            "k": "url",
                            "v": "https://api.github.com/licenses/apache-2.0"
                          }
                        ]
                      }
                    },
                    {
                      "k": "master_branch",
                      "v": "master"
                    },
                    {
                      "k": "merges_url",
                      "v": "https://api.github.com/repos/monninn/SmartThingsPublic/merges"
                    },
                    {
                      "k": "milestones_url",
                      "v": "https://api.github.com/repos/monninn/SmartThingsPublic/milestones{/number}"
                    },
                    {
                      "k": "mirror_url",
                      "v": null
                    },
                    {
                      "k": "name",
                      "v": "SmartThingsPublic"
                    },
                    {
                      "k": "node_id",
                      "v": "MDEwOlJlcG9zaXRvcnkyNTA2NTAxODk="
                    },
                    {
                      "k": "notifications_url",
                      "v": "https://api.github.com/repos/monninn/SmartThingsPublic/notifications{?since,all,participating}"
                    },
                    {
                      "k": "open_issues",
                      "v": 2.0
                    },
                    {
                      "k": "open_issues_count",
                      "v": 2.0
                    },
                    {
                      "k": "owner",
                      "v": {
                        "t": 2,
                        "d": [
                          {
                            "k": "avatar_url",
                            "v": "https://avatars3.githubusercontent.com/u/62664434?v=4"
                          },
                          {
                            "k": "email",
                            "v": "62664434+monninn@users.noreply.github.com"
                          },
                          {
                            "k": "events_url",
                            "v": "https://api.github.com/users/monninn/events{/privacy}"
                          },
                          {
                            "k": "followers_url",
                            "v": "https://api.github.com/users/monninn/followers"
                          },
                          {
                            "k": "following_url",
                            "v": "https://api.github.com/users/monninn/following{/other_user}"
                          },
                          {
                            "k": "gists_url",
                            "v": "https://api.github.com/users/monninn/gists{/gist_id}"
                          },
                          {
                            "k": "gravatar_id",
                            "v": ""
                          },
                          {
                            "k": "html_url",
                            "v": "https://github.com/monninn"
                          },
                          {
                            "k": "id",
                            "v": 62664434.0
                          },
                          {
                            "k": "login",
                            "v": "monninn"
                          },
                          {
                            "k": "name",
                            "v": "monninn"
                          },
                          {
                            "k": "node_id",
                            "v": "MDQ6VXNlcjYyNjY0NDM0"
                          },
                          {
                            "k": "organizations_url",
                            "v": "https://api.github.com/users/monninn/orgs"
                          },
                          {
                            "k": "received_events_url",
                            "v": "https://api.github.com/users/monninn/received_events"
                          },
                          {
                            "k": "repos_url",
                            "v": "https://api.github.com/users/monninn/repos"
                          },
                          {
                            "k": "site_admin",
                            "v": false
                          },
                          {
                            "k": "starred_url",
                            "v": "https://api.github.com/users/monninn/starred{/owner}{/repo}"
                          },
                          {
                            "k": "subscriptions_url",
                            "v": "https://api.github.com/users/monninn/subscriptions"
                          },
                          {
                            "k": "type",
                            "v": "User"
                          },
                          {
                            "k": "url",
                            "v": "https://api.github.com/users/monninn"
                          }
                        ]
                      }
                    },
                    {
                      "k": "private",
                      "v": true
                    },
                    {
                      "k": "pulls_url",
                      "v": "https://api.github.com/repos/monninn/SmartThingsPublic/pulls{/number}"
                    },
                    {
                      "k": "pushed_at",
                      "v": 1585381570.0
                    },
                    {
                      "k": "releases_url",
                      "v": "https://api.github.com/repos/monninn/SmartThingsPublic/releases{/id}"
                    },
                    {
                      "k": "size",
                      "v": 16507.0
                    },
                    {
                      "k": "ssh_url",
                      "v": "git@github.com:monninn/SmartThingsPublic.git"
                    },
                    {
                      "k": "stargazers",
                      "v": 0.0
                    },
                    {
                      "k": "stargazers_count",
                      "v": 0.0
                    },
                    {
                      "k": "stargazers_url",
                      "v": "https://api.github.com/repos/monninn/SmartThingsPublic/stargazers"
                    },
                    {
                      "k": "statuses_url",
                      "v": "https://api.github.com/repos/monninn/SmartThingsPublic/statuses/{sha}"
                    },
                    {
                      "k": "subscribers_url",
                      "v": "https://api.github.com/repos/monninn/SmartThingsPublic/subscribers"
                    },
                    {
                      "k": "subscription_url",
                      "v": "https://api.github.com/repos/monninn/SmartThingsPublic/subscription"
                    },
                    {
                      "k": "svn_url",
                      "v": "https://github.com/monninn/SmartThingsPublic"
                    },
                    {
                      "k": "tags_url",
                      "v": "https://api.github.com/repos/monninn/SmartThingsPublic/tags"
                    },
                    {
                      "k": "teams_url",
                      "v": "https://api.github.com/repos/monninn/SmartThingsPublic/teams"
                    },
                    {
                      "k": "trees_url",
                      "v": "https://api.github.com/repos/monninn/SmartThingsPublic/git/trees{/sha}"
                    },
                    {
                      "k": "updated_at",
                      "v": "2020-03-28T07:42:20Z"
                    },
                    {
                      "k": "url",
                      "v": "https://github.com/monninn/SmartThingsPublic"
                    },
                    {
                      "k": "watchers",
                      "v": 0.0
                    },
                    {
                      "k": "watchers_count",
                      "v": 0.0
                    }
                  ]
                }
              },
              {
                "k": "sender",
                "v": {
                  "t": 2,
                  "d": [
                    {
                      "k": "avatar_url",
                      "v": "https://avatars3.githubusercontent.com/u/62664434?v=4"
                    },
                    {
                      "k": "events_url",
                      "v": "https://api.github.com/users/monninn/events{/privacy}"
                    },
                    {
                      "k": "followers_url",
                      "v": "https://api.github.com/users/monninn/followers"
                    },
                    {
                      "k": "following_url",
                      "v": "https://api.github.com/users/monninn/following{/other_user}"
                    },
                    {
                      "k": "gists_url",
                      "v": "https://api.github.com/users/monninn/gists{/gist_id}"
                    },
                    {
                      "k": "gravatar_id",
                      "v": ""
                    },
                    {
                      "k": "html_url",
                      "v": "https://github.com/monninn"
                    },
                    {
                      "k": "id",
                      "v": 62664434.0
                    },
                    {
                      "k": "login",
                      "v": "monninn"
                    },
                    {
                      "k": "node_id",
                      "v": "MDQ6VXNlcjYyNjY0NDM0"
                    },
                    {
                      "k": "organizations_url",
                      "v": "https://api.github.com/users/monninn/orgs"
                    },
                    {
                      "k": "received_events_url",
                      "v": "https://api.github.com/users/monninn/received_events"
                    },
                    {
                      "k": "repos_url",
                      "v": "https://api.github.com/users/monninn/repos"
                    },
                    {
                      "k": "site_admin",
                      "v": false
                    },
                    {
                      "k": "starred_url",
                      "v": "https://api.github.com/users/monninn/starred{/owner}{/repo}"
                    },
                    {
                      "k": "subscriptions_url",
                      "v": "https://api.github.com/users/monninn/subscriptions"
                    },
                    {
                      "k": "type",
                      "v": "User"
                    },
                    {
                      "k": "url",
                      "v": "https://api.github.com/users/monninn"
                    }
                  ]
                }
              }
            ]
          }
        }
      ]
    },
    "needs": {
      "t": 2
    },
    "matrix": {
      "t": 2,
      "d": [
        {
          "k": "node-version",
          "v": "12.x"
        }
      ]
    },
    "strategy": {
      "t": 2,
      "d": [
        {
          "k": "fail-fast",
          "v": true
        },
        {
          "k": "job-index",
          "v": 1.0
        },
        {
          "k": "job-total",
          "v": 2.0
        },
        {
          "k": "max-parallel",
          "v": 2.0
        }
      ]
    }
  }
}
[2020-03-29 15:14:40Z INFO JobRunner] Job ID a9a345e6-1106-5aaa-6fe5-f842db892828
[2020-03-29 15:14:40Z INFO JobRunner] Creating job server with URL: https://pipelines.actions.githubusercontent.com/oPTqmPn939GbLlpjSZRiFhnoKKE2vkIaWo3n2Fd9JDOicD1Kx4/
[2020-03-29 15:14:40Z INFO GitHubActionsService] Starting operation Location.GetConnectionData
[2020-03-29 15:14:40Z INFO Worker] Listening for cancel message from the channel.
[2020-03-29 15:14:40Z INFO Worker] Waiting for the job to complete or for a cancel message from the channel.
[2020-03-29 15:14:42Z INFO Worker] Cancellation/Shutdown message received.
[2020-03-29 15:14:42Z INFO GitHubActionsService] Finished operation Location.GetConnectionData
[2020-03-29 15:14:42Z INFO JobServerQueue] Start process web console line queue.
[2020-03-29 15:14:42Z INFO JobServerQueue] Start process file upload queue.
[2020-03-29 15:14:42Z INFO JobServerQueue] Start process timeline update queue.
[2020-03-29 15:14:42Z INFO ExecutionContext] Initialize GitHub context
[2020-03-29 15:14:42Z INFO ExecutionContext] Initialize Env context
[2020-03-29 15:14:42Z INFO ConfigurationStore] currentAssemblyLocation: C:\actions-runner\bin\Runner.Worker.dll
[2020-03-29 15:14:42Z INFO HostContext] Well known directory 'Bin': 'C:\actions-runner\bin'
[2020-03-29 15:14:42Z INFO ConfigurationStore] binPath: C:\actions-runner\bin
[2020-03-29 15:14:42Z INFO HostContext] Well known directory 'Bin': 'C:\actions-runner\bin'
[2020-03-29 15:14:42Z INFO HostContext] Well known directory 'Root': 'C:\actions-runner'
[2020-03-29 15:14:42Z INFO ConfigurationStore] RootFolder: C:\actions-runner
[2020-03-29 15:14:42Z INFO HostContext] Well known directory 'Bin': 'C:\actions-runner\bin'
[2020-03-29 15:14:42Z INFO HostContext] Well known directory 'Root': 'C:\actions-runner'
[2020-03-29 15:14:42Z INFO HostContext] Well known config file 'Runner': 'C:\actions-runner\.runner'
[2020-03-29 15:14:42Z INFO ConfigurationStore] ConfigFilePath: C:\actions-runner\.runner
[2020-03-29 15:14:42Z INFO HostContext] Well known directory 'Bin': 'C:\actions-runner\bin'
[2020-03-29 15:14:42Z INFO HostContext] Well known directory 'Root': 'C:\actions-runner'
[2020-03-29 15:14:42Z INFO HostContext] Well known config file 'Credentials': 'C:\actions-runner\.credentials'
[2020-03-29 15:14:42Z INFO ConfigurationStore] CredFilePath: C:\actions-runner\.credentials
[2020-03-29 15:14:42Z INFO HostContext] Well known directory 'Bin': 'C:\actions-runner\bin'
[2020-03-29 15:14:42Z INFO HostContext] Well known directory 'Root': 'C:\actions-runner'
[2020-03-29 15:14:42Z INFO HostContext] Well known config file 'Service': 'C:\actions-runner\.service'
[2020-03-29 15:14:42Z INFO ConfigurationStore] ServiceConfigFilePath: C:\actions-runner\.service
[2020-03-29 15:14:42Z INFO ConfigurationStore] Read setting file: 302 chars
[2020-03-29 15:14:42Z INFO HostContext] Well known directory 'Bin': 'C:\actions-runner\bin'
[2020-03-29 15:14:42Z INFO HostContext] Well known directory 'Root': 'C:\actions-runner'
[2020-03-29 15:14:42Z INFO HostContext] Well known directory 'Diag': 'C:\actions-runner\_diag'
[2020-03-29 15:14:42Z INFO JobRunner] Starting the job execution context.
[2020-03-29 15:14:42Z INFO HostContext] Well known directory 'Bin': 'C:\actions-runner\bin'
[2020-03-29 15:14:42Z INFO HostContext] Well known directory 'Root': 'C:\actions-runner'
[2020-03-29 15:14:42Z INFO HostContext] Well known directory 'Work': 'C:\actions-runner\_work'
[2020-03-29 15:14:42Z INFO JobRunner] Validating directory permissions for: 'C:\actions-runner\_work'
[2020-03-29 15:14:42Z INFO HostContext] Well known directory 'Bin': 'C:\actions-runner\bin'
[2020-03-29 15:14:42Z INFO HostContext] Well known directory 'Root': 'C:\actions-runner'
[2020-03-29 15:14:42Z INFO HostContext] Well known directory 'Work': 'C:\actions-runner\_work'
[2020-03-29 15:14:42Z INFO HostContext] Well known directory 'Tools': 'C:\actions-runner\_work\_tool'
[2020-03-29 15:14:42Z INFO HostContext] Well known directory 'Bin': 'C:\actions-runner\bin'
[2020-03-29 15:14:42Z INFO HostContext] Well known directory 'Root': 'C:\actions-runner'
[2020-03-29 15:14:42Z INFO HostContext] Well known directory 'Work': 'C:\actions-runner\_work'
[2020-03-29 15:14:42Z INFO HostContext] Well known directory 'Temp': 'C:\actions-runner\_work\_temp'
[2020-03-29 15:14:42Z ERR  TempDirectoryManager] System.OperationCanceledException: The operation was canceled.
   at System.Linq.Parallel.QueryOperator`1.GetOpenedEnumerator(Nullable`1 mergeOptions, Boolean suppressOrder, Boolean forEffect, QuerySettings querySettings)
   at System.Linq.Parallel.ForAllOperator`1.RunSynchronously()
   at System.Linq.ParallelEnumerable.ForAll[TSource](ParallelQuery`1 source, Action`1 action)
   at GitHub.Runner.Sdk.IOUtil.DeleteDirectory(String path, Boolean contentsOnly, Boolean continueOnContentDeleteError, CancellationToken cancellationToken)
   at GitHub.Runner.Worker.TempDirectoryManager.InitializeTempDirectory(IExecutionContext jobContext)
[2020-03-29 15:14:42Z INFO JobRunner] Getting job extension.
[2020-03-29 15:14:42Z INFO JobRunner] Initialize job. Getting all job steps.
[2020-03-29 15:14:42Z INFO HostContext] Well known directory 'Bin': 'C:\actions-runner\bin'
[2020-03-29 15:14:42Z INFO HostContext] Well known directory 'Root': 'C:\actions-runner'
[2020-03-29 15:14:42Z INFO HostContext] Well known directory 'Diag': 'C:\actions-runner\_diag'
[2020-03-29 15:14:42Z INFO HostContext] Well known directory 'Bin': 'C:\actions-runner\bin'
[2020-03-29 15:14:42Z INFO HostContext] Well known directory 'Root': 'C:\actions-runner'
[2020-03-29 15:14:42Z INFO HostContext] Well known directory 'Work': 'C:\actions-runner\_work'
[2020-03-29 15:14:42Z INFO PipelineDirectoryManager] Loading tracking config if exists: C:\actions-runner\_work\_PipelineMapping\monninn/SmartThingsPublic\PipelineFolder.json
[2020-03-29 15:14:42Z INFO PipelineDirectoryManager] Updating job run properties.
[2020-03-29 15:14:42Z INFO HostContext] Well known directory 'Bin': 'C:\actions-runner\bin'
[2020-03-29 15:14:42Z INFO HostContext] Well known directory 'Root': 'C:\actions-runner'
[2020-03-29 15:14:42Z INFO HostContext] Well known directory 'Work': 'C:\actions-runner\_work'
[2020-03-29 15:14:42Z INFO HostContext] Well known directory 'Bin': 'C:\actions-runner\bin'
[2020-03-29 15:14:42Z INFO HostContext] Well known directory 'Root': 'C:\actions-runner'
[2020-03-29 15:14:42Z INFO HostContext] Well known directory 'Work': 'C:\actions-runner\_work'
[2020-03-29 15:14:42Z INFO HostContext] Well known directory 'Bin': 'C:\actions-runner\bin'
[2020-03-29 15:14:42Z INFO HostContext] Well known directory 'Root': 'C:\actions-runner'
[2020-03-29 15:14:42Z INFO HostContext] Well known directory 'Work': 'C:\actions-runner\_work'
[2020-03-29 15:14:42Z INFO JobExtension] Downloading actions
[2020-03-29 15:14:42Z INFO HostContext] Well known directory 'Bin': 'C:\actions-runner\bin'
[2020-03-29 15:14:42Z INFO HostContext] Well known directory 'Root': 'C:\actions-runner'
[2020-03-29 15:14:42Z INFO HostContext] Well known directory 'Work': 'C:\actions-runner\_work'
[2020-03-29 15:14:42Z INFO HostContext] Well known directory 'Actions': 'C:\actions-runner\_work\_actions'
[2020-03-29 15:14:42Z ERR  JobExtension] Caught cancellation exception from JobExtension Initialization: System.OperationCanceledException: The operation was canceled.
   at System.Linq.Parallel.QueryOperator`1.GetOpenedEnumerator(Nullable`1 mergeOptions, Boolean suppressOrder, Boolean forEffect, QuerySettings querySettings)
   at System.Linq.Parallel.ForAllOperator`1.RunSynchronously()
   at System.Linq.ParallelEnumerable.ForAll[TSource](ParallelQuery`1 source, Action`1 action)
   at GitHub.Runner.Sdk.IOUtil.DeleteDirectory(String path, Boolean contentsOnly, Boolean continueOnContentDeleteError, CancellationToken cancellationToken)
   at GitHub.Runner.Sdk.IOUtil.DeleteDirectory(String path, CancellationToken cancellationToken)
   at GitHub.Runner.Worker.ActionManager.PrepareActionsAsync(IExecutionContext executionContext, IEnumerable`1 steps)
   at GitHub.Runner.Worker.JobExtension.InitializeJob(IExecutionContext jobContext, AgentJobRequestMessage message)
[2020-03-29 15:14:42Z ERR  JobRunner] Job is canceled during initialize.
[2020-03-29 15:14:42Z ERR  JobRunner] Caught exception: System.OperationCanceledException: The operation was canceled.
   at System.Linq.Parallel.QueryOperator`1.GetOpenedEnumerator(Nullable`1 mergeOptions, Boolean suppressOrder, Boolean forEffect, QuerySettings querySettings)
   at System.Linq.Parallel.ForAllOperator`1.RunSynchronously()
   at System.Linq.ParallelEnumerable.ForAll[TSource](ParallelQuery`1 source, Action`1 action)
   at GitHub.Runner.Sdk.IOUtil.DeleteDirectory(String path, Boolean contentsOnly, Boolean continueOnContentDeleteError, CancellationToken cancellationToken)
   at GitHub.Runner.Sdk.IOUtil.DeleteDirectory(String path, CancellationToken cancellationToken)
   at GitHub.Runner.Worker.ActionManager.PrepareActionsAsync(IExecutionContext executionContext, IEnumerable`1 steps)
   at GitHub.Runner.Worker.JobExtension.InitializeJob(IExecutionContext jobContext, AgentJobRequestMessage message)
   at GitHub.Runner.Worker.JobRunner.RunAsync(AgentJobRequestMessage message, CancellationToken jobRequestCancellationToken)
[2020-03-29 15:14:42Z INFO JobRunner] Shutting down the job server queue.
[2020-03-29 15:14:42Z INFO JobServerQueue] Fire signal to shutdown all queues.
[2020-03-29 15:14:43Z INFO JobServerQueue] All queue process task stopped.
[2020-03-29 15:14:43Z INFO JobServerQueue] Try to append 1 batches web console lines for record '05d83899-23a7-444e-99be-b1f1132ada55', success rate: 1/1.
[2020-03-29 15:14:43Z INFO JobServerQueue] Web console line queue drained.
[2020-03-29 15:14:43Z INFO JobServerQueue] Uploading 2 files in one shot.
[2020-03-29 15:14:43Z INFO JobServerQueue] Try to upload 2 log files or attachments, success rate: 2/2.
[2020-03-29 15:14:43Z INFO JobServerQueue] File upload queue drained.
[2020-03-29 15:14:44Z INFO JobServerQueue] Timeline update queue drained.
[2020-03-29 15:14:44Z INFO JobServerQueue] All queue process tasks have been stopped, and all queues are drained.
[2020-03-29 15:14:44Z INFO TempDirectoryManager] Cleaning runner temp folder: C:\actions-runner\_work\_temp
[2020-03-29 15:14:44Z INFO JobRunner] Raising job completed event.
