[2020-04-01 18:54:40Z INFO HostContext] No proxy settings were found based on environmental variables (http_proxy/https_proxy/HTTP_PROXY/HTTPS_PROXY)
[2020-04-01 18:54:40Z INFO Listener] Runner is built for Windows (X64) - win-x64.
[2020-04-01 18:54:40Z INFO Listener] RuntimeInformation: Microsoft Windows 10.0.18362.
[2020-04-01 18:54:40Z INFO Listener] Version: 2.165.2
[2020-04-01 18:54:40Z INFO Listener] Commit: fcf795d86d880b9f0bd10f9713d29cb9784ecef5
[2020-04-01 18:54:40Z INFO Listener] Culture: en-US
[2020-04-01 18:54:40Z INFO Listener] UI Culture: en-US
[2020-04-01 18:54:40Z INFO HostContext] Well known directory 'Bin': 'C:\github\SmartThingsPublic\actions-runner\bin'
[2020-04-01 18:54:40Z INFO HostContext] Well known directory 'Root': 'C:\github\SmartThingsPublic\actions-runner'
[2020-04-01 18:54:40Z INFO Listener] Validating directory permissions for: 'C:\github\SmartThingsPublic\actions-runner'
[2020-04-01 18:54:40Z INFO CommandLineParser] Parse
[2020-04-01 18:54:40Z INFO CommandLineParser] Parsing 1 args
[2020-04-01 18:54:40Z INFO CommandLineParser] parsing argument
[2020-04-01 18:54:40Z INFO CommandLineParser] HasArgs: False
[2020-04-01 18:54:40Z INFO CommandLineParser] Adding Command: run
[2020-04-01 18:54:40Z INFO Listener] Arguments parsed
[2020-04-01 18:54:40Z INFO Runner] ExecuteCommand
[2020-04-01 18:54:40Z INFO ConfigurationStore] currentAssemblyLocation: C:\github\SmartThingsPublic\actions-runner\bin\Runner.Listener.dll
[2020-04-01 18:54:40Z INFO HostContext] Well known directory 'Bin': 'C:\github\SmartThingsPublic\actions-runner\bin'
[2020-04-01 18:54:40Z INFO ConfigurationStore] binPath: C:\github\SmartThingsPublic\actions-runner\bin
[2020-04-01 18:54:40Z INFO HostContext] Well known directory 'Bin': 'C:\github\SmartThingsPublic\actions-runner\bin'
[2020-04-01 18:54:40Z INFO HostContext] Well known directory 'Root': 'C:\github\SmartThingsPublic\actions-runner'
[2020-04-01 18:54:40Z INFO ConfigurationStore] RootFolder: C:\github\SmartThingsPublic\actions-runner
[2020-04-01 18:54:40Z INFO HostContext] Well known directory 'Bin': 'C:\github\SmartThingsPublic\actions-runner\bin'
[2020-04-01 18:54:40Z INFO HostContext] Well known directory 'Root': 'C:\github\SmartThingsPublic\actions-runner'
[2020-04-01 18:54:40Z INFO HostContext] Well known config file 'Runner': 'C:\github\SmartThingsPublic\actions-runner\.runner'
[2020-04-01 18:54:40Z INFO ConfigurationStore] ConfigFilePath: C:\github\SmartThingsPublic\actions-runner\.runner
[2020-04-01 18:54:40Z INFO HostContext] Well known directory 'Bin': 'C:\github\SmartThingsPublic\actions-runner\bin'
[2020-04-01 18:54:40Z INFO HostContext] Well known directory 'Root': 'C:\github\SmartThingsPublic\actions-runner'
[2020-04-01 18:54:40Z INFO HostContext] Well known config file 'Credentials': 'C:\github\SmartThingsPublic\actions-runner\.credentials'
[2020-04-01 18:54:40Z INFO ConfigurationStore] CredFilePath: C:\github\SmartThingsPublic\actions-runner\.credentials
[2020-04-01 18:54:40Z INFO HostContext] Well known directory 'Bin': 'C:\github\SmartThingsPublic\actions-runner\bin'
[2020-04-01 18:54:40Z INFO HostContext] Well known directory 'Root': 'C:\github\SmartThingsPublic\actions-runner'
[2020-04-01 18:54:40Z INFO HostContext] Well known config file 'Service': 'C:\github\SmartThingsPublic\actions-runner\.service'
[2020-04-01 18:54:40Z INFO ConfigurationStore] ServiceConfigFilePath: C:\github\SmartThingsPublic\actions-runner\.service
[2020-04-01 18:54:40Z INFO CommandSettings] Flag 'help': 'False'
[2020-04-01 18:54:40Z INFO CommandSettings] Flag 'version': 'False'
[2020-04-01 18:54:40Z INFO CommandSettings] Flag 'commit': 'False'
[2020-04-01 18:54:40Z INFO CommandSettings] Command 'configure': 'False'
[2020-04-01 18:54:40Z INFO CommandSettings] Command 'remove': 'False'
[2020-04-01 18:54:40Z INFO CommandSettings] Command 'warmup': 'False'
[2020-04-01 18:54:40Z INFO ConfigurationManager] LoadSettings
[2020-04-01 18:54:40Z INFO ConfigurationStore] IsConfigured()
[2020-04-01 18:54:40Z INFO ConfigurationStore] IsConfigured: True
[2020-04-01 18:54:40Z INFO ConfigurationManager] Is configured: True
[2020-04-01 18:54:40Z INFO ConfigurationStore] Read setting file: 297 chars
[2020-04-01 18:54:40Z INFO ConfigurationManager] Settings Loaded
[2020-04-01 18:54:40Z INFO ConfigurationStore] IsServiceConfigured()
[2020-04-01 18:54:40Z INFO ConfigurationStore] IsServiceConfigured: False
[2020-04-01 18:54:40Z INFO CommandSettings] Command 'run': 'True'
[2020-04-01 18:54:40Z INFO ConfigurationStore] IsConfigured()
[2020-04-01 18:54:40Z INFO ConfigurationStore] IsConfigured: True
[2020-04-01 18:54:40Z INFO ConfigurationManager] Is configured: True
[2020-04-01 18:54:40Z INFO Runner] Could not parse the argument value '' for StartupType. Defaulting to Manual
[2020-04-01 18:54:40Z INFO Runner] Set runner startup type - Manual
[2020-04-01 18:54:40Z INFO CommandSettings] Flag 'once': 'False'
[2020-04-01 18:54:40Z INFO Runner] RunAsync
[2020-04-01 18:54:40Z INFO ConfigurationManager] LoadSettings
[2020-04-01 18:54:40Z INFO ConfigurationStore] IsConfigured()
[2020-04-01 18:54:40Z INFO ConfigurationStore] IsConfigured: True
[2020-04-01 18:54:40Z INFO ConfigurationManager] Is configured: True
[2020-04-01 18:54:40Z INFO ConfigurationManager] Settings Loaded
[2020-04-01 18:54:40Z INFO MessageListener] {
  "AgentId": 3,
  "AgentName": "itbytes",
  "PoolId": 1,
  "PoolName": "Default",
  "ServerUrl": "https://pipelines.actions.githubusercontent.com/EQE2oYQT0i2U5mCTEGtEZoQM75DsLEfYVM9ZJlOo5q1WQNpGUD/",
  "GitHubUrl": "https://github.com/monninn/SmartThingsPublic",
  "WorkFolder": "work"
}
[2020-04-01 18:54:40Z INFO MessageListener] Loading Credentials
[2020-04-01 18:54:40Z INFO ConfigurationStore] HasCredentials()
[2020-04-01 18:54:40Z INFO ConfigurationStore] stored True
[2020-04-01 18:54:40Z INFO CredentialManager] GetCredentialProvider
[2020-04-01 18:54:40Z INFO CredentialManager] Creating type OAuth
[2020-04-01 18:54:40Z INFO CredentialManager] Creating credential type: OAuth
[2020-04-01 18:54:40Z INFO HostContext] Well known directory 'Bin': 'C:\github\SmartThingsPublic\actions-runner\bin'
[2020-04-01 18:54:40Z INFO HostContext] Well known directory 'Root': 'C:\github\SmartThingsPublic\actions-runner'
[2020-04-01 18:54:40Z INFO HostContext] Well known config file 'RSACredentials': 'C:\github\SmartThingsPublic\actions-runner\.credentials_rsaparams'
[2020-04-01 18:54:40Z INFO RSAEncryptedFileKeyManager] Loading RSA key parameters from file C:\github\SmartThingsPublic\actions-runner\.credentials_rsaparams
[2020-04-01 18:54:40Z INFO MessageListener] Attempt to create session.
[2020-04-01 18:54:40Z INFO MessageListener] Connecting to the Runner Server...
[2020-04-01 18:54:40Z INFO RunnerServer] Establish connection with 100 seconds timeout.
[2020-04-01 18:54:40Z INFO GitHubActionsService] Starting operation Location.GetConnectionData
[2020-04-01 18:54:40Z INFO RunnerServer] Establish connection with 60 seconds timeout.
[2020-04-01 18:54:40Z INFO GitHubActionsService] Starting operation Location.GetConnectionData
[2020-04-01 18:54:40Z INFO RunnerServer] Establish connection with 60 seconds timeout.
[2020-04-01 18:54:41Z INFO GitHubActionsService] Starting operation Location.GetConnectionData
[2020-04-01 18:54:41Z INFO GitHubActionsService] Finished operation Location.GetConnectionData
[2020-04-01 18:54:41Z INFO GitHubActionsService] Finished operation Location.GetConnectionData
[2020-04-01 18:54:41Z INFO GitHubActionsService] Finished operation Location.GetConnectionData
[2020-04-01 18:54:41Z INFO MessageListener] VssConnection created
[2020-04-01 18:54:41Z INFO Terminal] WRITE LINE: 
[2020-04-01 18:54:41Z INFO Terminal] WRITE LINE: 
[2020-04-01 18:54:42Z WARN GitHubActionsService] Authentication failed with status code 401.
WWW-Authenticate: Bearer
Strict-Transport-Security: max-age=2592000
X-TFS-ProcessId: e43d305f-962f-482d-ad3f-0390fc7a4ef6
ActivityId: 8e8a7cec-d702-4ebd-857d-d203e94ec41e
X-TFS-Session: ea7247ef-53c3-4dd4-9c70-73dabd89cbcc
X-VSS-E2EID: 0231688e-d978-4b12-91ed-73a9b7a9cba7
X-VSS-SenderDeploymentId: d624195d-30e0-1768-06a5-b10a7879c7db
X-TFS-ServiceError: The+user+%27System%3aPublicAccess%3baaaaaaaa-aaaa-aaaa-aaaa-aaaaaaaaaaaa%27+is+not+authorized+to+access+this+resource.
X-VSS-S2STargetService: 0000005A-0000-8888-8000-000000000000/visualstudio.com
X-MSEdge-Ref: Ref A: 94A3D3F22FF94800A6EB0E226069E67D Ref B: CHGEDGE0818 Ref C: 2020-04-01T18:54:40Z
Date: Wed, 01 Apr 2020 18:54:39 GMT

[2020-04-01 18:54:42Z INFO RSAEncryptedFileKeyManager] Loading RSA key parameters from file C:\github\SmartThingsPublic\actions-runner\.credentials_rsaparams
[2020-04-01 18:54:42Z INFO RSAEncryptedFileKeyManager] Loading RSA key parameters from file C:\github\SmartThingsPublic\actions-runner\.credentials_rsaparams
[2020-04-01 18:54:43Z INFO GitHubActionsService] AAD Correlation ID for this token request: Unknown
[2020-04-01 18:54:43Z INFO MessageListener] Session created.
[2020-04-01 18:54:43Z INFO Terminal] WRITE LINE: 2020-04-01 18:54:43Z: Listening for Jobs
[2020-04-01 18:54:43Z INFO JobDispatcher] Set runner/worker IPC timeout to 30 seconds.
[2020-04-01 19:24:52Z INFO MessageListener] No message retrieved from session '536af404-a327-4778-b4be-446289e57832' within last 30 minutes.
[2020-04-01 19:50:00Z WARN GitHubActionsService] Authentication failed with status code 401.
WWW-Authenticate: Bearer
Strict-Transport-Security: max-age=2592000
X-TFS-ProcessId: 442fb032-2425-4731-9954-65b2494d651c
ActivityId: fcf7bd5a-467e-4380-8114-6315d8d8d252
X-TFS-Session: ea7247ef-53c3-4dd4-9c70-73dabd89cbcc
X-VSS-E2EID: f4978a21-21a9-4e2a-ad02-8c52e23e91c4
X-VSS-SenderDeploymentId: d624195d-30e0-1768-06a5-b10a7879c7db
X-TFS-ServiceError: The+user+%27System%3aPublicAccess%3baaaaaaaa-aaaa-aaaa-aaaa-aaaaaaaaaaaa%27+is+not+authorized+to+access+this+resource.
X-VSS-S2STargetService: 0000005A-0000-8888-8000-000000000000/visualstudio.com
X-MSEdge-Ref: Ref A: 0C9E4785D4F94CDBB3DA7A942DE28553 Ref B: CHGEDGE0818 Ref C: 2020-04-01T19:49:58Z
Date: Wed, 01 Apr 2020 19:49:58 GMT

[2020-04-01 19:50:00Z INFO RSAEncryptedFileKeyManager] Loading RSA key parameters from file C:\github\SmartThingsPublic\actions-runner\.credentials_rsaparams
[2020-04-01 19:50:01Z INFO GitHubActionsService] AAD Correlation ID for this token request: Unknown
[2020-04-01 19:55:02Z INFO MessageListener] No message retrieved from session '536af404-a327-4778-b4be-446289e57832' within last 30 minutes.
[2020-04-01 20:25:12Z INFO MessageListener] No message retrieved from session '536af404-a327-4778-b4be-446289e57832' within last 30 minutes.
[2020-04-01 20:45:18Z WARN GitHubActionsService] Authentication failed with status code 401.
WWW-Authenticate: Bearer
Strict-Transport-Security: max-age=2592000
X-TFS-ProcessId: d4957f3b-d469-4538-b992-626bf5274a1f
ActivityId: 7e9bc9a1-604a-4a69-913e-fd4fafa5daa0
X-TFS-Session: ea7247ef-53c3-4dd4-9c70-73dabd89cbcc
X-VSS-E2EID: c7282ad0-4912-4791-b754-65ad6c9e2c1f
X-VSS-SenderDeploymentId: d624195d-30e0-1768-06a5-b10a7879c7db
X-TFS-ServiceError: The+user+%27System%3aPublicAccess%3baaaaaaaa-aaaa-aaaa-aaaa-aaaaaaaaaaaa%27+is+not+authorized+to+access+this+resource.
X-VSS-S2STargetService: 0000005A-0000-8888-8000-000000000000/visualstudio.com
X-MSEdge-Ref: Ref A: 59714796AA364A04866EABC3109672D1 Ref B: CHGEDGE0818 Ref C: 2020-04-01T20:45:15Z
Date: Wed, 01 Apr 2020 20:45:15 GMT

[2020-04-01 20:45:18Z INFO RSAEncryptedFileKeyManager] Loading RSA key parameters from file C:\github\SmartThingsPublic\actions-runner\.credentials_rsaparams
[2020-04-01 20:45:18Z INFO GitHubActionsService] AAD Correlation ID for this token request: Unknown
[2020-04-01 20:55:21Z INFO MessageListener] No message retrieved from session '536af404-a327-4778-b4be-446289e57832' within last 30 minutes.
