[2020-04-01 10:17:03Z INFO HostContext] No proxy settings were found based on environmental variables (http_proxy/https_proxy/HTTP_PROXY/HTTPS_PROXY)
[2020-04-01 10:17:03Z INFO Listener] Runner is built for Windows (X64) - win-x64.
[2020-04-01 10:17:03Z INFO Listener] RuntimeInformation: Microsoft Windows 10.0.18362.
[2020-04-01 10:17:03Z INFO Listener] Version: 2.165.2
[2020-04-01 10:17:03Z INFO Listener] Commit: fcf795d86d880b9f0bd10f9713d29cb9784ecef5
[2020-04-01 10:17:03Z INFO Listener] Culture: en-US
[2020-04-01 10:17:03Z INFO Listener] UI Culture: en-US
[2020-04-01 10:17:03Z INFO HostContext] Well known directory 'Bin': 'C:\github\SmartThingsPublic\actions-runner\bin'
[2020-04-01 10:17:03Z INFO HostContext] Well known directory 'Root': 'C:\github\SmartThingsPublic\actions-runner'
[2020-04-01 10:17:03Z INFO Listener] Validating directory permissions for: 'C:\github\SmartThingsPublic\actions-runner'
[2020-04-01 10:17:03Z INFO CommandLineParser] Parse
[2020-04-01 10:17:03Z INFO CommandLineParser] Parsing 0 args
[2020-04-01 10:17:03Z INFO Listener] Arguments parsed
[2020-04-01 10:17:03Z INFO Runner] ExecuteCommand
[2020-04-01 10:17:03Z INFO ConfigurationStore] currentAssemblyLocation: C:\github\SmartThingsPublic\actions-runner\bin\Runner.Listener.dll
[2020-04-01 10:17:03Z INFO HostContext] Well known directory 'Bin': 'C:\github\SmartThingsPublic\actions-runner\bin'
[2020-04-01 10:17:03Z INFO ConfigurationStore] binPath: C:\github\SmartThingsPublic\actions-runner\bin
[2020-04-01 10:17:03Z INFO HostContext] Well known directory 'Bin': 'C:\github\SmartThingsPublic\actions-runner\bin'
[2020-04-01 10:17:03Z INFO HostContext] Well known directory 'Root': 'C:\github\SmartThingsPublic\actions-runner'
[2020-04-01 10:17:03Z INFO ConfigurationStore] RootFolder: C:\github\SmartThingsPublic\actions-runner
[2020-04-01 10:17:03Z INFO HostContext] Well known directory 'Bin': 'C:\github\SmartThingsPublic\actions-runner\bin'
[2020-04-01 10:17:03Z INFO HostContext] Well known directory 'Root': 'C:\github\SmartThingsPublic\actions-runner'
[2020-04-01 10:17:03Z INFO HostContext] Well known config file 'Runner': 'C:\github\SmartThingsPublic\actions-runner\.runner'
[2020-04-01 10:17:03Z INFO ConfigurationStore] ConfigFilePath: C:\github\SmartThingsPublic\actions-runner\.runner
[2020-04-01 10:17:03Z INFO HostContext] Well known directory 'Bin': 'C:\github\SmartThingsPublic\actions-runner\bin'
[2020-04-01 10:17:03Z INFO HostContext] Well known directory 'Root': 'C:\github\SmartThingsPublic\actions-runner'
[2020-04-01 10:17:03Z INFO HostContext] Well known config file 'Credentials': 'C:\github\SmartThingsPublic\actions-runner\.credentials'
[2020-04-01 10:17:03Z INFO ConfigurationStore] CredFilePath: C:\github\SmartThingsPublic\actions-runner\.credentials
[2020-04-01 10:17:03Z INFO HostContext] Well known directory 'Bin': 'C:\github\SmartThingsPublic\actions-runner\bin'
[2020-04-01 10:17:03Z INFO HostContext] Well known directory 'Root': 'C:\github\SmartThingsPublic\actions-runner'
[2020-04-01 10:17:03Z INFO HostContext] Well known config file 'Service': 'C:\github\SmartThingsPublic\actions-runner\.service'
[2020-04-01 10:17:03Z INFO ConfigurationStore] ServiceConfigFilePath: C:\github\SmartThingsPublic\actions-runner\.service
[2020-04-01 10:17:03Z INFO CommandSettings] Flag 'help': 'False'
[2020-04-01 10:17:03Z INFO CommandSettings] Flag 'version': 'False'
[2020-04-01 10:17:03Z INFO CommandSettings] Flag 'commit': 'False'
[2020-04-01 10:17:03Z INFO CommandSettings] Command 'configure': 'False'
[2020-04-01 10:17:03Z INFO CommandSettings] Command 'remove': 'False'
[2020-04-01 10:17:03Z INFO CommandSettings] Command 'warmup': 'False'
[2020-04-01 10:17:03Z INFO ConfigurationManager] LoadSettings
[2020-04-01 10:17:03Z INFO ConfigurationStore] IsConfigured()
[2020-04-01 10:17:03Z INFO ConfigurationStore] IsConfigured: True
[2020-04-01 10:17:03Z INFO ConfigurationManager] Is configured: True
[2020-04-01 10:17:03Z INFO ConfigurationStore] Read setting file: 297 chars
[2020-04-01 10:17:03Z INFO ConfigurationManager] Settings Loaded
[2020-04-01 10:17:03Z INFO ConfigurationStore] IsServiceConfigured()
[2020-04-01 10:17:03Z INFO ConfigurationStore] IsServiceConfigured: False
[2020-04-01 10:17:03Z INFO CommandSettings] Command 'run': 'False'
[2020-04-01 10:17:03Z INFO Terminal] WRITE LINE: 
Commands:
 .\config.cmd         Configures the runner
 .\config.cmd remove  Unconfigures the runner
 .\run.cmd            Runs the runner interactively. Does not require any options.

Options:
 --help     Prints the help for each command
 --version  Prints the runner version
 --commit   Prints the runner commit

Config Options:
 --unattended     Disable interactive prompts for missing arguments. Defaults will be used for missing options
 --url string     Repository to add the runner to. Required if unattended
 --token string   Registration token. Required if unattended
 --name string    Name of the runner to configure (default X2JCJAB8C5)
 --work string    Relative runner work directory (default _work)
 --replace        Replace any existing runner with the same name (default false)
[2020-04-01 10:17:03Z INFO Terminal] WRITE LINE:  --runasservice   Run the runner as a service
[2020-04-01 10:17:03Z INFO Terminal] WRITE LINE:  --windowslogonaccount string   Account to run the service as. Requires runasservice
[2020-04-01 10:17:03Z INFO Terminal] WRITE LINE:  --windowslogonpassword string  Password for the service account. Requires runasservice
[2020-04-01 10:17:03Z INFO Terminal] WRITE LINE: 
Examples:
 Configure a runner non-interactively:
  .\config.cmd --unattended --url <url> --token <token>
 Configure a runner non-interactively, replacing any existing runner with the same name:
  .\config.cmd --unattended --url <url> --token <token> --replace [--name <name>]
[2020-04-01 10:17:03Z INFO Terminal] WRITE LINE:  Configure a runner to run as a service:
[2020-04-01 10:17:03Z INFO Terminal] WRITE LINE:   .\config.cmd --url <url> --token <token> --runasservice
