[2020-03-30 10:53:08Z INFO HostContext] No proxy settings were found based on environmental variables (http_proxy/https_proxy/HTTP_PROXY/HTTPS_PROXY)
[2020-03-30 10:53:08Z INFO Listener] Runner is built for Windows (X64) - win-x64.
[2020-03-30 10:53:08Z INFO Listener] RuntimeInformation: Microsoft Windows 10.0.18362.
[2020-03-30 10:53:08Z INFO Listener] Version: 2.165.2
[2020-03-30 10:53:08Z INFO Listener] Commit: fcf795d86d880b9f0bd10f9713d29cb9784ecef5
[2020-03-30 10:53:08Z INFO Listener] Culture: en-US
[2020-03-30 10:53:08Z INFO Listener] UI Culture: en-US
[2020-03-30 10:53:08Z INFO HostContext] Well known directory 'Bin': 'D:\monninn-github\monninn\SmartThingsPublic-\SmartThingsPublic-\actions-runner\bin'
[2020-03-30 10:53:08Z INFO HostContext] Well known directory 'Root': 'D:\monninn-github\monninn\SmartThingsPublic-\SmartThingsPublic-\actions-runner'
[2020-03-30 10:53:08Z INFO Listener] Validating directory permissions for: 'D:\monninn-github\monninn\SmartThingsPublic-\SmartThingsPublic-\actions-runner'
[2020-03-30 10:53:08Z INFO CommandLineParser] Parse
[2020-03-30 10:53:08Z INFO CommandLineParser] Parsing 5 args
[2020-03-30 10:53:08Z INFO CommandLineParser] parsing argument
[2020-03-30 10:53:08Z INFO CommandLineParser] HasArgs: False
[2020-03-30 10:53:08Z INFO CommandLineParser] Adding Command: configure
[2020-03-30 10:53:08Z INFO CommandLineParser] parsing argument
[2020-03-30 10:53:08Z INFO CommandLineParser] HasArgs: True
[2020-03-30 10:53:08Z INFO CommandLineParser] arg: url
[2020-03-30 10:53:08Z INFO CommandLineParser] parsing argument
[2020-03-30 10:53:08Z INFO CommandLineParser] HasArgs: True
[2020-03-30 10:53:08Z INFO CommandLineParser] Adding option 'url': 'https://github.com/monninn/SmartThingsPublic'
[2020-03-30 10:53:08Z INFO CommandLineParser] parsing argument
[2020-03-30 10:53:08Z INFO CommandLineParser] HasArgs: True
[2020-03-30 10:53:08Z INFO CommandLineParser] arg: token
[2020-03-30 10:53:08Z INFO CommandLineParser] parsing argument
[2020-03-30 10:53:08Z INFO CommandLineParser] HasArgs: True
[2020-03-30 10:53:08Z INFO CommandLineParser] Adding option 'token': '***'
[2020-03-30 10:53:08Z INFO Listener] Arguments parsed
[2020-03-30 10:53:08Z INFO Runner] ExecuteCommand
[2020-03-30 10:53:08Z INFO ConfigurationStore] currentAssemblyLocation: D:\monninn-github\monninn\SmartThingsPublic-\SmartThingsPublic-\actions-runner\bin\Runner.Listener.dll
[2020-03-30 10:53:08Z INFO HostContext] Well known directory 'Bin': 'D:\monninn-github\monninn\SmartThingsPublic-\SmartThingsPublic-\actions-runner\bin'
[2020-03-30 10:53:08Z INFO ConfigurationStore] binPath: D:\monninn-github\monninn\SmartThingsPublic-\SmartThingsPublic-\actions-runner\bin
[2020-03-30 10:53:08Z INFO HostContext] Well known directory 'Bin': 'D:\monninn-github\monninn\SmartThingsPublic-\SmartThingsPublic-\actions-runner\bin'
[2020-03-30 10:53:08Z INFO HostContext] Well known directory 'Root': 'D:\monninn-github\monninn\SmartThingsPublic-\SmartThingsPublic-\actions-runner'
[2020-03-30 10:53:08Z INFO ConfigurationStore] RootFolder: D:\monninn-github\monninn\SmartThingsPublic-\SmartThingsPublic-\actions-runner
[2020-03-30 10:53:08Z INFO HostContext] Well known directory 'Bin': 'D:\monninn-github\monninn\SmartThingsPublic-\SmartThingsPublic-\actions-runner\bin'
[2020-03-30 10:53:08Z INFO HostContext] Well known directory 'Root': 'D:\monninn-github\monninn\SmartThingsPublic-\SmartThingsPublic-\actions-runner'
[2020-03-30 10:53:08Z INFO HostContext] Well known config file 'Runner': 'D:\monninn-github\monninn\SmartThingsPublic-\SmartThingsPublic-\actions-runner\.runner'
[2020-03-30 10:53:08Z INFO ConfigurationStore] ConfigFilePath: D:\monninn-github\monninn\SmartThingsPublic-\SmartThingsPublic-\actions-runner\.runner
[2020-03-30 10:53:08Z INFO HostContext] Well known directory 'Bin': 'D:\monninn-github\monninn\SmartThingsPublic-\SmartThingsPublic-\actions-runner\bin'
[2020-03-30 10:53:08Z INFO HostContext] Well known directory 'Root': 'D:\monninn-github\monninn\SmartThingsPublic-\SmartThingsPublic-\actions-runner'
[2020-03-30 10:53:08Z INFO HostContext] Well known config file 'Credentials': 'D:\monninn-github\monninn\SmartThingsPublic-\SmartThingsPublic-\actions-runner\.credentials'
[2020-03-30 10:53:08Z INFO ConfigurationStore] CredFilePath: D:\monninn-github\monninn\SmartThingsPublic-\SmartThingsPublic-\actions-runner\.credentials
[2020-03-30 10:53:08Z INFO HostContext] Well known directory 'Bin': 'D:\monninn-github\monninn\SmartThingsPublic-\SmartThingsPublic-\actions-runner\bin'
[2020-03-30 10:53:08Z INFO HostContext] Well known directory 'Root': 'D:\monninn-github\monninn\SmartThingsPublic-\SmartThingsPublic-\actions-runner'
[2020-03-30 10:53:08Z INFO HostContext] Well known config file 'Service': 'D:\monninn-github\monninn\SmartThingsPublic-\SmartThingsPublic-\actions-runner\.service'
[2020-03-30 10:53:08Z INFO ConfigurationStore] ServiceConfigFilePath: D:\monninn-github\monninn\SmartThingsPublic-\SmartThingsPublic-\actions-runner\.service
[2020-03-30 10:53:08Z INFO CommandSettings] Flag 'help': 'False'
[2020-03-30 10:53:08Z INFO CommandSettings] Flag 'version': 'False'
[2020-03-30 10:53:08Z INFO CommandSettings] Flag 'commit': 'False'
[2020-03-30 10:53:08Z INFO CommandSettings] Command 'configure': 'True'
[2020-03-30 10:53:08Z INFO Terminal] WRITE LINE: 
[2020-03-30 10:53:08Z INFO Terminal] WRITE LINE: --------------------------------------------------------------------------------
[2020-03-30 10:53:08Z INFO Terminal] WRITE LINE: |        ____ _ _   _   _       _          _        _   _                      |
[2020-03-30 10:53:08Z INFO Terminal] WRITE LINE: |       / ___(_) |_| | | |_   _| |__      / \   ___| |_(_) ___  _ __  ___      |
[2020-03-30 10:53:08Z INFO Terminal] WRITE LINE: |      | |  _| | __| |_| | | | | '_ \    / _ \ / __| __| |/ _ \| '_ \/ __|     |
[2020-03-30 10:53:08Z INFO Terminal] WRITE LINE: |      | |_| | | |_|  _  | |_| | |_) |  / ___ \ (__| |_| | (_) | | | \__ \     |
[2020-03-30 10:53:08Z INFO Terminal] WRITE LINE: |       \____|_|\__|_| |_|\__,_|_.__/  /_/   \_\___|\__|_|\___/|_| |_|___/     |
[2020-03-30 10:53:08Z INFO Terminal] WRITE LINE: |                                                                              |
[2020-03-30 10:53:08Z INFO Terminal] WRITE: |                       
[2020-03-30 10:53:08Z INFO Terminal] WRITE: Self-hosted runner registration
[2020-03-30 10:53:08Z INFO Terminal] WRITE LINE:                         |
[2020-03-30 10:53:08Z INFO Terminal] WRITE LINE: |                                                                              |
[2020-03-30 10:53:08Z INFO Terminal] WRITE LINE: --------------------------------------------------------------------------------
[2020-03-30 10:53:08Z INFO ConfigurationManager] ConfigureAsync
[2020-03-30 10:53:08Z INFO ConfigurationStore] IsConfigured()
[2020-03-30 10:53:08Z INFO ConfigurationStore] IsConfigured: False
[2020-03-30 10:53:08Z INFO ConfigurationManager] Is configured: False
[2020-03-30 10:53:08Z INFO CommandSettings] Arg 'url': 'https://github.com/monninn/SmartThingsPublic'
[2020-03-30 10:53:08Z INFO CommandSettings] Remove url from Arg dictionary.
[2020-03-30 10:53:08Z INFO CommandSettings] Arg 'token': '***'
[2020-03-30 10:53:08Z INFO CommandSettings] Remove token from Arg dictionary.
[2020-03-30 10:53:10Z INFO ConfigurationManager] Http response code: OK from 'POST https://api.github.com/repos/monninn/SmartThingsPublic/actions-runners/registration'
[2020-03-30 10:53:10Z INFO ConfigurationManager] cred retrieved via GitHub auth
[2020-03-30 10:53:10Z INFO GitHubActionsService] Starting operation Location.GetConnectionData
[2020-03-30 10:53:11Z INFO GitHubActionsService] Finished operation Location.GetConnectionData
[2020-03-30 10:53:11Z INFO GitHubActionsService] Starting operation Location.GetConnectionData
[2020-03-30 10:53:11Z INFO GitHubActionsService] Finished operation Location.GetConnectionData
[2020-03-30 10:53:11Z INFO ConfigurationManager] Server deployment type: Hosted
[2020-03-30 10:53:11Z INFO RunnerServer] Establish connection with 100 seconds timeout.
[2020-03-30 10:53:11Z INFO GitHubActionsService] Starting operation Location.GetConnectionData
[2020-03-30 10:53:11Z INFO RunnerServer] Establish connection with 60 seconds timeout.
[2020-03-30 10:53:11Z INFO GitHubActionsService] Starting operation Location.GetConnectionData
[2020-03-30 10:53:11Z INFO RunnerServer] Establish connection with 60 seconds timeout.
[2020-03-30 10:53:11Z INFO GitHubActionsService] Starting operation Location.GetConnectionData
[2020-03-30 10:53:11Z INFO GitHubActionsService] Finished operation Location.GetConnectionData
[2020-03-30 10:53:11Z INFO GitHubActionsService] Finished operation Location.GetConnectionData
[2020-03-30 10:53:12Z INFO GitHubActionsService] Finished operation Location.GetConnectionData
[2020-03-30 10:53:12Z INFO GitHubActionsService] Starting operation Location.GetConnectionData
[2020-03-30 10:53:12Z INFO GitHubActionsService] Finished operation Location.GetConnectionData
[2020-03-30 10:53:12Z INFO Terminal] WRITE LINE: 
[2020-03-30 10:53:12Z INFO ConfigurationManager] Test Connection complete.
[2020-03-30 10:53:12Z INFO HostContext] Well known directory 'Bin': 'D:\monninn-github\monninn\SmartThingsPublic-\SmartThingsPublic-\actions-runner\bin'
[2020-03-30 10:53:12Z INFO HostContext] Well known directory 'Root': 'D:\monninn-github\monninn\SmartThingsPublic-\SmartThingsPublic-\actions-runner'
[2020-03-30 10:53:12Z INFO HostContext] Well known config file 'RSACredentials': 'D:\monninn-github\monninn\SmartThingsPublic-\SmartThingsPublic-\actions-runner\.credentials_rsaparams'
[2020-03-30 10:53:12Z INFO RSAEncryptedFileKeyManager] Creating new RSA key using 2048-bit key length
[2020-03-30 10:53:12Z INFO RSAEncryptedFileKeyManager] Successfully saved RSA key parameters to file D:\monninn-github\monninn\SmartThingsPublic-\SmartThingsPublic-\actions-runner\.credentials_rsaparams
[2020-03-30 10:53:12Z INFO ConfigurationManager] Found a private pool with id {1} and name {2} 1, Default
[2020-03-30 10:53:12Z INFO CommandSettings] Arg 'name': ''
[2020-03-30 10:53:12Z INFO CommandSettings] Flag 'unattended': 'False'
[2020-03-30 10:53:12Z INFO PromptManager] ReadValue
[2020-03-30 10:53:12Z INFO Terminal] WRITE: Enter the name of runner: 
[2020-03-30 10:53:12Z INFO Terminal] WRITE: [press Enter for X2JCJAB8C5] 
[2020-03-30 10:53:12Z INFO Terminal] READ LINE
[2020-03-30 10:53:16Z INFO Terminal] Read value: ''
[2020-03-30 10:53:16Z INFO PromptManager] Falling back to the default: 'X2JCJAB8C5'
[2020-03-30 10:53:16Z INFO Terminal] WRITE LINE: 
[2020-03-30 10:53:17Z INFO ConfigurationManager] Agent server url resolve by server: 'https://pipelines.actions.githubusercontent.com/A1H7YTYHCgPLxgq4KLNuuBUgVIBrBqEYtJ8Qhaoln9ZW058fPd/'.
[2020-03-30 10:53:17Z INFO ConfigurationStore] Saving OAuth credential @ D:\monninn-github\monninn\SmartThingsPublic-\SmartThingsPublic-\actions-runner\.credentials
[2020-03-30 10:53:17Z INFO ConfigurationStore] Credentials Saved.
[2020-03-30 10:53:17Z INFO ConfigurationStore] HasCredentials()
[2020-03-30 10:53:17Z INFO ConfigurationStore] stored True
[2020-03-30 10:53:17Z INFO CredentialManager] GetCredentialProvider
[2020-03-30 10:53:17Z INFO CredentialManager] Creating type OAuth
[2020-03-30 10:53:17Z INFO CredentialManager] Creating credential type: OAuth
[2020-03-30 10:53:17Z INFO RSAEncryptedFileKeyManager] Loading RSA key parameters from file D:\monninn-github\monninn\SmartThingsPublic-\SmartThingsPublic-\actions-runner\.credentials_rsaparams
[2020-03-30 10:53:17Z INFO RunnerServer] Establish connection with 100 seconds timeout.
[2020-03-30 10:53:17Z INFO GitHubActionsService] Starting operation Location.GetConnectionData
[2020-03-30 10:53:17Z INFO RunnerServer] Establish connection with 60 seconds timeout.
[2020-03-30 10:53:17Z INFO GitHubActionsService] Starting operation Location.GetConnectionData
[2020-03-30 10:53:17Z INFO RunnerServer] Establish connection with 60 seconds timeout.
[2020-03-30 10:53:17Z INFO GitHubActionsService] Starting operation Location.GetConnectionData
[2020-03-30 10:53:17Z INFO GitHubActionsService] Finished operation Location.GetConnectionData
[2020-03-30 10:53:17Z INFO GitHubActionsService] Finished operation Location.GetConnectionData
[2020-03-30 10:53:17Z INFO GitHubActionsService] Finished operation Location.GetConnectionData
[2020-03-30 10:53:17Z INFO CommandSettings] Arg 'work': ''
[2020-03-30 10:53:17Z INFO CommandSettings] Flag 'unattended': 'False'
[2020-03-30 10:53:17Z INFO PromptManager] ReadValue
[2020-03-30 10:53:17Z INFO Terminal] WRITE: Enter name of work folder: 
[2020-03-30 10:53:17Z INFO Terminal] WRITE: [press Enter for _work] 
[2020-03-30 10:53:17Z INFO Terminal] READ LINE
[2020-03-30 10:53:24Z INFO Terminal] Read value: ''
[2020-03-30 10:53:24Z INFO PromptManager] Falling back to the default: '_work'
[2020-03-30 10:53:24Z INFO ConfigurationStore] Saving runner settings.
[2020-03-30 10:53:24Z INFO ConfigurationStore] Settings Saved.
[2020-03-30 10:53:24Z INFO Terminal] WRITE LINE: 
[2020-03-30 10:53:24Z INFO Terminal] WRITE LINE: 
[2020-03-30 10:53:24Z INFO CommandSettings] Flag 'runasservice': 'False'
[2020-03-30 10:53:24Z INFO CommandSettings] Flag 'unattended': 'False'
[2020-03-30 10:53:24Z INFO PromptManager] ReadValue
[2020-03-30 10:53:24Z INFO Terminal] WRITE: Would you like to run the runner as service? (Y/N) 
[2020-03-30 10:53:24Z INFO Terminal] WRITE: [press Enter for N] 
[2020-03-30 10:53:24Z INFO Terminal] READ LINE
[2020-03-30 10:53:33Z INFO Terminal] Read value: 'Y'
[2020-03-30 10:53:33Z INFO ConfigurationManager] Configuring to run the agent as service
[2020-03-30 10:53:33Z INFO CommandSettings] Arg 'windowslogonaccount': ''
[2020-03-30 10:53:33Z INFO CommandSettings] Flag 'unattended': 'False'
[2020-03-30 10:53:33Z INFO PromptManager] ReadValue
[2020-03-30 10:53:33Z INFO Terminal] WRITE: User account to use for the service 
[2020-03-30 10:53:33Z INFO Terminal] WRITE: [press Enter for NT AUTHORITY\NETWORK SERVICE] 
[2020-03-30 10:53:33Z INFO Terminal] READ LINE
[2020-03-30 10:53:39Z INFO Terminal] Read value: ''
[2020-03-30 10:53:39Z INFO PromptManager] Falling back to the default: 'NT AUTHORITY\NETWORK SERVICE'
[2020-03-30 10:53:39Z INFO WindowsServiceControlManager] LogonAccount after transforming: NT AUTHORITY\NETWORK SERVICE, user: NETWORK SERVICE, domain: NT AUTHORITY
[2020-03-30 10:53:39Z INFO WindowsServiceControlManager] Service name 'actions.runner.monninn-SmartThingsPublic.X2JCJAB8C5' display name 'GitHub Actions Runner (monninn-SmartThingsPublic.X2JCJAB8C5)' will be used for service configuration.
[2020-03-30 10:53:39Z INFO Terminal] WRITE LINE: The service already exists: actions.runner.monninn-SmartThingsPublic.X2JCJAB8C5, it will be replaced
[2020-03-30 10:53:39Z INFO NativeWindowsServiceHelper] Trying to delete service actions.runner.monninn-SmartThingsPublic.X2JCJAB8C5
[2020-03-30 10:53:39Z INFO NativeWindowsServiceHelper] successfully removed the service
[2020-03-30 10:53:39Z INFO WindowsServiceControlManager] Verifying if the account has LogonAsService permission
[2020-03-30 10:53:39Z INFO WindowsServiceControlManager] Account: NT AUTHORITY\NETWORK SERVICE already has Logon As Service Privilege.
[2020-03-30 10:53:39Z INFO WindowsServiceControlManager] Create local group and grant folder permission to service logon account.
[2020-03-30 10:53:39Z INFO HostContext] Well known directory 'Bin': 'D:\monninn-github\monninn\SmartThingsPublic-\SmartThingsPublic-\actions-runner\bin'
[2020-03-30 10:53:39Z INFO HostContext] Well known directory 'Root': 'D:\monninn-github\monninn\SmartThingsPublic-\SmartThingsPublic-\actions-runner'
[2020-03-30 10:53:39Z INFO ConfigurationStore] Read setting file: 301 chars
[2020-03-30 10:53:39Z INFO HostContext] Well known directory 'Bin': 'D:\monninn-github\monninn\SmartThingsPublic-\SmartThingsPublic-\actions-runner\bin'
[2020-03-30 10:53:39Z INFO HostContext] Well known directory 'Root': 'D:\monninn-github\monninn\SmartThingsPublic-\SmartThingsPublic-\actions-runner'
[2020-03-30 10:53:39Z INFO HostContext] Well known directory 'Work': 'D:\monninn-github\monninn\SmartThingsPublic-\SmartThingsPublic-\actions-runner\_work'
[2020-03-30 10:53:39Z INFO HostContext] Well known directory 'Bin': 'D:\monninn-github\monninn\SmartThingsPublic-\SmartThingsPublic-\actions-runner\bin'
[2020-03-30 10:53:39Z INFO NativeWindowsServiceHelper] Calculated unique group name GITHUB_ActionsRunner_G233ad
[2020-03-30 10:53:39Z INFO NativeWindowsServiceHelper] Trying to create group GITHUB_ActionsRunner_G233ad
[2020-03-30 10:53:39Z INFO NativeWindowsServiceHelper] Local Group 'GITHUB_ActionsRunner_G233ad' created
[2020-03-30 10:53:39Z INFO NativeWindowsServiceHelper] Trying to add userName NT AUTHORITY\NETWORK SERVICE to the group GITHUB_ActionsRunner_G233ad
[2020-03-30 10:53:39Z INFO NativeWindowsServiceHelper] Account 'NT AUTHORITY\NETWORK SERVICE' is added to local group 'GITHUB_ActionsRunner_G233ad'.
[2020-03-30 10:53:39Z INFO NativeWindowsServiceHelper] Set full access control to group for the folder D:\monninn-github\monninn\SmartThingsPublic-\SmartThingsPublic-\actions-runner
[2020-03-30 10:53:40Z INFO NativeWindowsServiceHelper] Set full access control to group for the folder D:\monninn-github\monninn\SmartThingsPublic-\SmartThingsPublic-\actions-runner\_work
[2020-03-30 10:53:40Z INFO NativeWindowsServiceHelper] Local group 'GITHUB_ActionsRunner_G233ad' already has full control to path 'D:\monninn-github\monninn\SmartThingsPublic-\SmartThingsPublic-\actions-runner\_work'.
[2020-03-30 10:53:40Z INFO Terminal] WRITE LINE: Granting file permissions to 'NT AUTHORITY\NETWORK SERVICE'.
[2020-03-30 10:53:40Z INFO HostContext] Well known directory 'Bin': 'D:\monninn-github\monninn\SmartThingsPublic-\SmartThingsPublic-\actions-runner\bin'
[2020-03-30 10:53:40Z INFO ProcessInvokerWrapper] Starting process:
[2020-03-30 10:53:40Z INFO ProcessInvokerWrapper]   File name: '"D:\monninn-github\monninn\SmartThingsPublic-\SmartThingsPublic-\actions-runner\bin\RunnerService.exe"'
[2020-03-30 10:53:40Z INFO ProcessInvokerWrapper]   Arguments: 'init'
[2020-03-30 10:53:40Z INFO ProcessInvokerWrapper]   Working directory: ''
[2020-03-30 10:53:40Z INFO ProcessInvokerWrapper]   Require exit code zero: 'True'
[2020-03-30 10:53:40Z INFO ProcessInvokerWrapper]   Encoding web name:  ; code page: ''
[2020-03-30 10:53:40Z INFO ProcessInvokerWrapper]   Force kill process on cancellation: 'False'
[2020-03-30 10:53:40Z INFO ProcessInvokerWrapper]   Redirected STDIN: 'False'
[2020-03-30 10:53:40Z INFO ProcessInvokerWrapper]   Persist current code page: 'False'
[2020-03-30 10:53:40Z INFO ProcessInvokerWrapper]   Keep redirected STDIN open: 'False'
[2020-03-30 10:53:40Z INFO ProcessInvokerWrapper]   High priority process: 'False'
[2020-03-30 10:53:40Z INFO ProcessInvokerWrapper] Process started with process id 17124, waiting for process exit.
[2020-03-30 10:53:40Z INFO ProcessInvokerWrapper] STDOUT/STDERR stream read finished.
[2020-03-30 10:53:40Z INFO ProcessInvokerWrapper] STDOUT/STDERR stream read finished.
[2020-03-30 10:53:40Z INFO ProcessInvokerWrapper] Finished process 17124 with exit code 0, and elapsed time 00:00:00.2256326.
[2020-03-30 10:53:40Z INFO Terminal] WRITE LINE: Service actions.runner.monninn-SmartThingsPublic.X2JCJAB8C5 successfully installed
[2020-03-30 10:53:40Z INFO Terminal] WRITE LINE: Service actions.runner.monninn-SmartThingsPublic.X2JCJAB8C5 successfully set recovery option
[2020-03-30 10:53:40Z INFO Terminal] WRITE LINE: Service actions.runner.monninn-SmartThingsPublic.X2JCJAB8C5 successfully set to delayed auto start
[2020-03-30 10:53:40Z INFO Terminal] WRITE LINE: Service actions.runner.monninn-SmartThingsPublic.X2JCJAB8C5 successfully configured
[2020-03-30 10:53:40Z INFO HostContext] Well known directory 'Bin': 'D:\monninn-github\monninn\SmartThingsPublic-\SmartThingsPublic-\actions-runner\bin'
[2020-03-30 10:53:40Z INFO HostContext] Well known directory 'Root': 'D:\monninn-github\monninn\SmartThingsPublic-\SmartThingsPublic-\actions-runner'
[2020-03-30 10:53:40Z INFO HostContext] Well known config file 'Service': 'D:\monninn-github\monninn\SmartThingsPublic-\SmartThingsPublic-\actions-runner\.service'
[2020-03-30 10:53:40Z INFO WindowsServiceControlManager] Configuration was successful, trying to start the service
[2020-03-30 10:53:40Z INFO Terminal] WRITE LINE: Waiting for service to start...
[2020-03-30 10:53:40Z INFO Terminal] WRITE LINE: Service actions.runner.monninn-SmartThingsPublic.X2JCJAB8C5 started successfully
