[2020-03-28 23:37:59Z INFO HostContext] No proxy settings were found based on environmental variables (http_proxy/https_proxy/HTTP_PROXY/HTTPS_PROXY)
[2020-03-28 23:37:59Z INFO Listener] Runner is built for Windows (X64) - win-x64.
[2020-03-28 23:37:59Z INFO Listener] RuntimeInformation: Microsoft Windows 10.0.18362.
[2020-03-28 23:37:59Z INFO Listener] Version: 2.165.2
[2020-03-28 23:37:59Z INFO Listener] Commit: fcf795d86d880b9f0bd10f9713d29cb9784ecef5
[2020-03-28 23:37:59Z INFO Listener] Culture: en-US
[2020-03-28 23:37:59Z INFO Listener] UI Culture: en-US
[2020-03-28 23:37:59Z INFO HostContext] Well known directory 'Bin': 'D:\monninn-github\old-repository\actions-runner\bin'
[2020-03-28 23:37:59Z INFO HostContext] Well known directory 'Root': 'D:\monninn-github\old-repository\actions-runner'
[2020-03-28 23:37:59Z INFO Listener] Validating directory permissions for: 'D:\monninn-github\old-repository\actions-runner'
[2020-03-28 23:37:59Z INFO CommandLineParser] Parse
[2020-03-28 23:37:59Z INFO CommandLineParser] Parsing 5 args
[2020-03-28 23:37:59Z INFO CommandLineParser] parsing argument
[2020-03-28 23:37:59Z INFO CommandLineParser] HasArgs: False
[2020-03-28 23:37:59Z INFO CommandLineParser] Adding Command: configure
[2020-03-28 23:37:59Z INFO CommandLineParser] parsing argument
[2020-03-28 23:37:59Z INFO CommandLineParser] HasArgs: True
[2020-03-28 23:37:59Z INFO CommandLineParser] arg: url
[2020-03-28 23:37:59Z INFO CommandLineParser] parsing argument
[2020-03-28 23:37:59Z INFO CommandLineParser] HasArgs: True
[2020-03-28 23:37:59Z INFO CommandLineParser] Adding option 'url': 'https://github.com/monninn/SmartThingsPublic'
[2020-03-28 23:37:59Z INFO CommandLineParser] parsing argument
[2020-03-28 23:37:59Z INFO CommandLineParser] HasArgs: True
[2020-03-28 23:37:59Z INFO CommandLineParser] arg: token
[2020-03-28 23:37:59Z INFO CommandLineParser] parsing argument
[2020-03-28 23:37:59Z INFO CommandLineParser] HasArgs: True
[2020-03-28 23:37:59Z INFO CommandLineParser] Adding option 'token': '***'
[2020-03-28 23:37:59Z INFO Listener] Arguments parsed
[2020-03-28 23:37:59Z INFO Runner] ExecuteCommand
[2020-03-28 23:37:59Z INFO ConfigurationStore] currentAssemblyLocation: D:\monninn-github\old-repository\actions-runner\bin\Runner.Listener.dll
[2020-03-28 23:37:59Z INFO HostContext] Well known directory 'Bin': 'D:\monninn-github\old-repository\actions-runner\bin'
[2020-03-28 23:37:59Z INFO ConfigurationStore] binPath: D:\monninn-github\old-repository\actions-runner\bin
[2020-03-28 23:37:59Z INFO HostContext] Well known directory 'Bin': 'D:\monninn-github\old-repository\actions-runner\bin'
[2020-03-28 23:37:59Z INFO HostContext] Well known directory 'Root': 'D:\monninn-github\old-repository\actions-runner'
[2020-03-28 23:37:59Z INFO ConfigurationStore] RootFolder: D:\monninn-github\old-repository\actions-runner
[2020-03-28 23:37:59Z INFO HostContext] Well known directory 'Bin': 'D:\monninn-github\old-repository\actions-runner\bin'
[2020-03-28 23:37:59Z INFO HostContext] Well known directory 'Root': 'D:\monninn-github\old-repository\actions-runner'
[2020-03-28 23:37:59Z INFO HostContext] Well known config file 'Runner': 'D:\monninn-github\old-repository\actions-runner\.runner'
[2020-03-28 23:37:59Z INFO ConfigurationStore] ConfigFilePath: D:\monninn-github\old-repository\actions-runner\.runner
[2020-03-28 23:37:59Z INFO HostContext] Well known directory 'Bin': 'D:\monninn-github\old-repository\actions-runner\bin'
[2020-03-28 23:37:59Z INFO HostContext] Well known directory 'Root': 'D:\monninn-github\old-repository\actions-runner'
[2020-03-28 23:37:59Z INFO HostContext] Well known config file 'Credentials': 'D:\monninn-github\old-repository\actions-runner\.credentials'
[2020-03-28 23:37:59Z INFO ConfigurationStore] CredFilePath: D:\monninn-github\old-repository\actions-runner\.credentials
[2020-03-28 23:37:59Z INFO HostContext] Well known directory 'Bin': 'D:\monninn-github\old-repository\actions-runner\bin'
[2020-03-28 23:37:59Z INFO HostContext] Well known directory 'Root': 'D:\monninn-github\old-repository\actions-runner'
[2020-03-28 23:37:59Z INFO HostContext] Well known config file 'Service': 'D:\monninn-github\old-repository\actions-runner\.service'
[2020-03-28 23:37:59Z INFO ConfigurationStore] ServiceConfigFilePath: D:\monninn-github\old-repository\actions-runner\.service
[2020-03-28 23:37:59Z INFO CommandSettings] Flag 'help': 'False'
[2020-03-28 23:37:59Z INFO CommandSettings] Flag 'version': 'False'
[2020-03-28 23:37:59Z INFO CommandSettings] Flag 'commit': 'False'
[2020-03-28 23:37:59Z INFO CommandSettings] Command 'configure': 'True'
[2020-03-28 23:37:59Z INFO Terminal] WRITE LINE: 
[2020-03-28 23:37:59Z INFO Terminal] WRITE LINE: --------------------------------------------------------------------------------
[2020-03-28 23:37:59Z INFO Terminal] WRITE LINE: |        ____ _ _   _   _       _          _        _   _                      |
[2020-03-28 23:37:59Z INFO Terminal] WRITE LINE: |       / ___(_) |_| | | |_   _| |__      / \   ___| |_(_) ___  _ __  ___      |
[2020-03-28 23:37:59Z INFO Terminal] WRITE LINE: |      | |  _| | __| |_| | | | | '_ \    / _ \ / __| __| |/ _ \| '_ \/ __|     |
[2020-03-28 23:37:59Z INFO Terminal] WRITE LINE: |      | |_| | | |_|  _  | |_| | |_) |  / ___ \ (__| |_| | (_) | | | \__ \     |
[2020-03-28 23:37:59Z INFO Terminal] WRITE LINE: |       \____|_|\__|_| |_|\__,_|_.__/  /_/   \_\___|\__|_|\___/|_| |_|___/     |
[2020-03-28 23:37:59Z INFO Terminal] WRITE LINE: |                                                                              |
[2020-03-28 23:37:59Z INFO Terminal] WRITE: |                       
[2020-03-28 23:37:59Z INFO Terminal] WRITE: Self-hosted runner registration
[2020-03-28 23:37:59Z INFO Terminal] WRITE LINE:                         |
[2020-03-28 23:37:59Z INFO Terminal] WRITE LINE: |                                                                              |
[2020-03-28 23:37:59Z INFO Terminal] WRITE LINE: --------------------------------------------------------------------------------
[2020-03-28 23:37:59Z INFO ConfigurationManager] ConfigureAsync
[2020-03-28 23:37:59Z INFO ConfigurationStore] IsConfigured()
[2020-03-28 23:37:59Z INFO ConfigurationStore] IsConfigured: False
[2020-03-28 23:37:59Z INFO ConfigurationManager] Is configured: False
[2020-03-28 23:37:59Z INFO CommandSettings] Arg 'url': 'https://github.com/monninn/SmartThingsPublic'
[2020-03-28 23:37:59Z INFO CommandSettings] Remove url from Arg dictionary.
[2020-03-28 23:37:59Z INFO CommandSettings] Arg 'token': '***'
[2020-03-28 23:37:59Z INFO CommandSettings] Remove token from Arg dictionary.
[2020-03-28 23:38:00Z INFO ConfigurationManager] Http response code: OK from 'POST https://api.github.com/repos/monninn/SmartThingsPublic/actions-runners/registration'
[2020-03-28 23:38:00Z INFO ConfigurationManager] cred retrieved via GitHub auth
[2020-03-28 23:38:01Z INFO GitHubActionsService] Starting operation Location.GetConnectionData
[2020-03-28 23:38:01Z INFO GitHubActionsService] Finished operation Location.GetConnectionData
[2020-03-28 23:38:01Z INFO GitHubActionsService] Starting operation Location.GetConnectionData
[2020-03-28 23:38:01Z INFO GitHubActionsService] Finished operation Location.GetConnectionData
[2020-03-28 23:38:02Z INFO GitHubActionsService] Starting operation Location.GetConnectionData
[2020-03-28 23:38:02Z INFO GitHubActionsService] Finished operation Location.GetConnectionData
[2020-03-28 23:38:02Z INFO ConfigurationManager] Server deployment type: Hosted
[2020-03-28 23:38:02Z INFO RunnerServer] Establish connection with 100 seconds timeout.
[2020-03-28 23:38:02Z INFO GitHubActionsService] Starting operation Location.GetConnectionData
[2020-03-28 23:38:02Z INFO RunnerServer] Establish connection with 60 seconds timeout.
[2020-03-28 23:38:02Z INFO GitHubActionsService] Starting operation Location.GetConnectionData
[2020-03-28 23:38:02Z INFO RunnerServer] Establish connection with 60 seconds timeout.
[2020-03-28 23:38:02Z INFO GitHubActionsService] Starting operation Location.GetConnectionData
[2020-03-28 23:38:02Z INFO GitHubActionsService] Finished operation Location.GetConnectionData
[2020-03-28 23:38:02Z INFO GitHubActionsService] Finished operation Location.GetConnectionData
[2020-03-28 23:38:02Z INFO GitHubActionsService] Finished operation Location.GetConnectionData
[2020-03-28 23:38:02Z INFO GitHubActionsService] Starting operation Location.GetConnectionData
[2020-03-28 23:38:03Z INFO GitHubActionsService] Finished operation Location.GetConnectionData
[2020-03-28 23:38:03Z INFO Terminal] WRITE LINE: 
[2020-03-28 23:38:03Z INFO ConfigurationManager] Test Connection complete.
[2020-03-28 23:38:03Z INFO HostContext] Well known directory 'Bin': 'D:\monninn-github\old-repository\actions-runner\bin'
[2020-03-28 23:38:03Z INFO HostContext] Well known directory 'Root': 'D:\monninn-github\old-repository\actions-runner'
[2020-03-28 23:38:03Z INFO HostContext] Well known config file 'RSACredentials': 'D:\monninn-github\old-repository\actions-runner\.credentials_rsaparams'
[2020-03-28 23:38:03Z INFO RSAEncryptedFileKeyManager] Creating new RSA key using 2048-bit key length
[2020-03-28 23:38:03Z INFO RSAEncryptedFileKeyManager] Successfully saved RSA key parameters to file D:\monninn-github\old-repository\actions-runner\.credentials_rsaparams
[2020-03-28 23:38:03Z INFO ConfigurationManager] Found a private pool with id {1} and name {2} 1, Default
[2020-03-28 23:38:03Z INFO CommandSettings] Arg 'name': ''
[2020-03-28 23:38:03Z INFO CommandSettings] Flag 'unattended': 'False'
[2020-03-28 23:38:03Z INFO PromptManager] ReadValue
[2020-03-28 23:38:03Z INFO Terminal] WRITE: Enter the name of runner: 
[2020-03-28 23:38:03Z INFO Terminal] WRITE: [press Enter for X2JCJAB8C5] 
[2020-03-28 23:38:03Z INFO Terminal] READ LINE
[2020-03-28 23:38:13Z INFO Terminal] Read value: ''
[2020-03-28 23:38:13Z INFO PromptManager] Falling back to the default: 'X2JCJAB8C5'
[2020-03-28 23:38:13Z INFO Terminal] WRITE LINE: 
[2020-03-28 23:38:14Z INFO ConfigurationManager] Agent server url resolve by server: 'https://pipelines.actions.githubusercontent.com/oPTqmPn939GbLlpjSZRiFhnoKKE2vkIaWo3n2Fd9JDOicD1Kx4/'.
[2020-03-28 23:38:14Z INFO ConfigurationStore] Saving OAuth credential @ D:\monninn-github\old-repository\actions-runner\.credentials
[2020-03-28 23:38:14Z INFO ConfigurationStore] Credentials Saved.
[2020-03-28 23:38:14Z INFO ConfigurationStore] HasCredentials()
[2020-03-28 23:38:14Z INFO ConfigurationStore] stored True
[2020-03-28 23:38:14Z INFO CredentialManager] GetCredentialProvider
[2020-03-28 23:38:14Z INFO CredentialManager] Creating type OAuth
[2020-03-28 23:38:14Z INFO CredentialManager] Creating credential type: OAuth
[2020-03-28 23:38:14Z INFO RSAEncryptedFileKeyManager] Loading RSA key parameters from file D:\monninn-github\old-repository\actions-runner\.credentials_rsaparams
[2020-03-28 23:38:14Z INFO RunnerServer] Establish connection with 100 seconds timeout.
[2020-03-28 23:38:14Z INFO GitHubActionsService] Starting operation Location.GetConnectionData
[2020-03-28 23:38:14Z INFO RunnerServer] Establish connection with 60 seconds timeout.
[2020-03-28 23:38:14Z INFO GitHubActionsService] Starting operation Location.GetConnectionData
[2020-03-28 23:38:14Z INFO RunnerServer] Establish connection with 60 seconds timeout.
[2020-03-28 23:38:14Z INFO GitHubActionsService] Starting operation Location.GetConnectionData
[2020-03-28 23:38:14Z INFO GitHubActionsService] Finished operation Location.GetConnectionData
[2020-03-28 23:38:14Z INFO GitHubActionsService] Finished operation Location.GetConnectionData
[2020-03-28 23:38:14Z INFO GitHubActionsService] Finished operation Location.GetConnectionData
[2020-03-28 23:38:14Z INFO GitHubActionsService] Starting operation Location.GetConnectionData
[2020-03-28 23:38:14Z INFO GitHubActionsService] Finished operation Location.GetConnectionData
[2020-03-28 23:38:14Z INFO GitHubActionsService] Starting operation Location.GetConnectionData
[2020-03-28 23:38:14Z INFO GitHubActionsService] Finished operation Location.GetConnectionData
[2020-03-28 23:38:14Z INFO GitHubActionsService] Starting operation Location.GetConnectionData
[2020-03-28 23:38:15Z INFO GitHubActionsService] Finished operation Location.GetConnectionData
[2020-03-28 23:38:15Z INFO CommandSettings] Arg 'work': ''
[2020-03-28 23:38:15Z INFO CommandSettings] Flag 'unattended': 'False'
[2020-03-28 23:38:15Z INFO PromptManager] ReadValue
[2020-03-28 23:38:15Z INFO Terminal] WRITE: Enter name of work folder: 
[2020-03-28 23:38:15Z INFO Terminal] WRITE: [press Enter for _work] 
[2020-03-28 23:38:15Z INFO Terminal] READ LINE
[2020-03-28 23:38:20Z INFO Terminal] Read value: ''
[2020-03-28 23:38:20Z INFO PromptManager] Falling back to the default: '_work'
[2020-03-28 23:38:20Z INFO ConfigurationStore] Saving runner settings.
[2020-03-28 23:38:20Z INFO ConfigurationStore] Settings Saved.
[2020-03-28 23:38:20Z INFO Terminal] WRITE LINE: 
[2020-03-28 23:38:20Z INFO Terminal] WRITE LINE: 
[2020-03-28 23:38:20Z INFO CommandSettings] Flag 'runasservice': 'False'
[2020-03-28 23:38:20Z INFO CommandSettings] Flag 'unattended': 'False'
[2020-03-28 23:38:20Z INFO PromptManager] ReadValue
[2020-03-28 23:38:20Z INFO Terminal] WRITE: Would you like to run the runner as service? (Y/N) 
[2020-03-28 23:38:20Z INFO Terminal] WRITE: [press Enter for N] 
[2020-03-28 23:38:20Z INFO Terminal] READ LINE
[2020-03-28 23:38:31Z INFO Terminal] Read value: 'Y'
[2020-03-28 23:38:31Z INFO ConfigurationManager] Configuring to run the agent as service
[2020-03-28 23:38:31Z ERR  WindowsServiceControlManager] Needs Administrator privileges for configure runner as windows service.
[2020-03-28 23:38:31Z ERR  Runner] System.Security.SecurityException: Needs Administrator privileges for configuring runner as windows service.
   at GitHub.Runner.Listener.Configuration.WindowsServiceControlManager.ConfigureService(RunnerSettings settings, CommandSettings command)
   at GitHub.Runner.Listener.Configuration.ConfigurationManager.ConfigureAsync(CommandSettings command)
   at GitHub.Runner.Listener.Runner.ExecuteCommand(CommandSettings command)
[2020-03-28 23:38:31Z ERR  Terminal] WRITE ERROR: Needs Administrator privileges for configuring runner as windows service.
