[2020-04-01 04:50:25Z INFO HostContext] No proxy settings were found based on environmental variables (http_proxy/https_proxy/HTTP_PROXY/HTTPS_PROXY)
[2020-04-01 04:50:25Z INFO Listener] Runner is built for Windows (X64) - win-x64.
[2020-04-01 04:50:25Z INFO Listener] RuntimeInformation: Microsoft Windows 10.0.18362.
[2020-04-01 04:50:25Z INFO Listener] Version: 2.165.2
[2020-04-01 04:50:25Z INFO Listener] Commit: fcf795d86d880b9f0bd10f9713d29cb9784ecef5
[2020-04-01 04:50:25Z INFO Listener] Culture: en-US
[2020-04-01 04:50:25Z INFO Listener] UI Culture: en-US
[2020-04-01 04:50:25Z INFO HostContext] Well known directory 'Bin': 'C:\github\SmartThingsPublic\actions-runner\bin'
[2020-04-01 04:50:25Z INFO HostContext] Well known directory 'Root': 'C:\github\SmartThingsPublic\actions-runner'
[2020-04-01 04:50:25Z INFO Listener] Validating directory permissions for: 'C:\github\SmartThingsPublic\actions-runner'
[2020-04-01 04:50:25Z INFO CommandLineParser] Parse
[2020-04-01 04:50:25Z INFO CommandLineParser] Parsing 1 args
[2020-04-01 04:50:25Z INFO CommandLineParser] parsing argument
[2020-04-01 04:50:25Z INFO CommandLineParser] HasArgs: False
[2020-04-01 04:50:25Z INFO CommandLineParser] Adding Command: run
[2020-04-01 04:50:25Z INFO Listener] Arguments parsed
[2020-04-01 04:50:25Z INFO Runner] ExecuteCommand
[2020-04-01 04:50:25Z INFO ConfigurationStore] currentAssemblyLocation: C:\github\SmartThingsPublic\actions-runner\bin\Runner.Listener.dll
[2020-04-01 04:50:25Z INFO HostContext] Well known directory 'Bin': 'C:\github\SmartThingsPublic\actions-runner\bin'
[2020-04-01 04:50:25Z INFO ConfigurationStore] binPath: C:\github\SmartThingsPublic\actions-runner\bin
[2020-04-01 04:50:25Z INFO HostContext] Well known directory 'Bin': 'C:\github\SmartThingsPublic\actions-runner\bin'
[2020-04-01 04:50:25Z INFO HostContext] Well known directory 'Root': 'C:\github\SmartThingsPublic\actions-runner'
[2020-04-01 04:50:25Z INFO ConfigurationStore] RootFolder: C:\github\SmartThingsPublic\actions-runner
[2020-04-01 04:50:25Z INFO HostContext] Well known directory 'Bin': 'C:\github\SmartThingsPublic\actions-runner\bin'
[2020-04-01 04:50:25Z INFO HostContext] Well known directory 'Root': 'C:\github\SmartThingsPublic\actions-runner'
[2020-04-01 04:50:25Z INFO HostContext] Well known config file 'Runner': 'C:\github\SmartThingsPublic\actions-runner\.runner'
[2020-04-01 04:50:25Z INFO ConfigurationStore] ConfigFilePath: C:\github\SmartThingsPublic\actions-runner\.runner
[2020-04-01 04:50:25Z INFO HostContext] Well known directory 'Bin': 'C:\github\SmartThingsPublic\actions-runner\bin'
[2020-04-01 04:50:25Z INFO HostContext] Well known directory 'Root': 'C:\github\SmartThingsPublic\actions-runner'
[2020-04-01 04:50:25Z INFO HostContext] Well known config file 'Credentials': 'C:\github\SmartThingsPublic\actions-runner\.credentials'
[2020-04-01 04:50:25Z INFO ConfigurationStore] CredFilePath: C:\github\SmartThingsPublic\actions-runner\.credentials
[2020-04-01 04:50:25Z INFO HostContext] Well known directory 'Bin': 'C:\github\SmartThingsPublic\actions-runner\bin'
[2020-04-01 04:50:25Z INFO HostContext] Well known directory 'Root': 'C:\github\SmartThingsPublic\actions-runner'
[2020-04-01 04:50:25Z INFO HostContext] Well known config file 'Service': 'C:\github\SmartThingsPublic\actions-runner\.service'
[2020-04-01 04:50:25Z INFO ConfigurationStore] ServiceConfigFilePath: C:\github\SmartThingsPublic\actions-runner\.service
[2020-04-01 04:50:25Z INFO CommandSettings] Flag 'help': 'False'
[2020-04-01 04:50:25Z INFO CommandSettings] Flag 'version': 'False'
[2020-04-01 04:50:25Z INFO CommandSettings] Flag 'commit': 'False'
[2020-04-01 04:50:25Z INFO CommandSettings] Command 'configure': 'False'
[2020-04-01 04:50:25Z INFO CommandSettings] Command 'remove': 'False'
[2020-04-01 04:50:25Z INFO CommandSettings] Command 'warmup': 'False'
[2020-04-01 04:50:25Z INFO ConfigurationManager] LoadSettings
[2020-04-01 04:50:25Z INFO ConfigurationStore] IsConfigured()
[2020-04-01 04:50:25Z INFO ConfigurationStore] IsConfigured: True
[2020-04-01 04:50:25Z INFO ConfigurationManager] Is configured: True
[2020-04-01 04:50:25Z INFO ConfigurationStore] Read setting file: 297 chars
[2020-04-01 04:50:25Z INFO ConfigurationManager] Settings Loaded
[2020-04-01 04:50:25Z INFO ConfigurationStore] IsServiceConfigured()
[2020-04-01 04:50:25Z INFO ConfigurationStore] IsServiceConfigured: False
[2020-04-01 04:50:25Z INFO CommandSettings] Command 'run': 'True'
[2020-04-01 04:50:25Z INFO ConfigurationStore] IsConfigured()
[2020-04-01 04:50:25Z INFO ConfigurationStore] IsConfigured: True
[2020-04-01 04:50:25Z INFO ConfigurationManager] Is configured: True
[2020-04-01 04:50:25Z INFO Runner] Could not parse the argument value '' for StartupType. Defaulting to Manual
[2020-04-01 04:50:25Z INFO Runner] Set runner startup type - Manual
[2020-04-01 04:50:25Z INFO CommandSettings] Flag 'once': 'False'
[2020-04-01 04:50:25Z INFO Runner] RunAsync
[2020-04-01 04:50:25Z INFO ConfigurationManager] LoadSettings
[2020-04-01 04:50:25Z INFO ConfigurationStore] IsConfigured()
[2020-04-01 04:50:25Z INFO ConfigurationStore] IsConfigured: True
[2020-04-01 04:50:25Z INFO ConfigurationManager] Is configured: True
[2020-04-01 04:50:25Z INFO ConfigurationManager] Settings Loaded
[2020-04-01 04:50:25Z INFO MessageListener] {
  "AgentId": 3,
  "AgentName": "itbytes",
  "PoolId": 1,
  "PoolName": "Default",
  "ServerUrl": "https://pipelines.actions.githubusercontent.com/EQE2oYQT0i2U5mCTEGtEZoQM75DsLEfYVM9ZJlOo5q1WQNpGUD/",
  "GitHubUrl": "https://github.com/monninn/SmartThingsPublic",
  "WorkFolder": "work"
}
[2020-04-01 04:50:25Z INFO MessageListener] Loading Credentials
[2020-04-01 04:50:25Z INFO ConfigurationStore] HasCredentials()
[2020-04-01 04:50:25Z INFO ConfigurationStore] stored True
[2020-04-01 04:50:25Z INFO CredentialManager] GetCredentialProvider
[2020-04-01 04:50:25Z INFO CredentialManager] Creating type OAuth
[2020-04-01 04:50:25Z INFO CredentialManager] Creating credential type: OAuth
[2020-04-01 04:50:25Z INFO HostContext] Well known directory 'Bin': 'C:\github\SmartThingsPublic\actions-runner\bin'
[2020-04-01 04:50:25Z INFO HostContext] Well known directory 'Root': 'C:\github\SmartThingsPublic\actions-runner'
[2020-04-01 04:50:25Z INFO HostContext] Well known config file 'RSACredentials': 'C:\github\SmartThingsPublic\actions-runner\.credentials_rsaparams'
[2020-04-01 04:50:25Z INFO RSAEncryptedFileKeyManager] Loading RSA key parameters from file C:\github\SmartThingsPublic\actions-runner\.credentials_rsaparams
[2020-04-01 04:50:25Z INFO MessageListener] Attempt to create session.
[2020-04-01 04:50:25Z INFO MessageListener] Connecting to the Runner Server...
[2020-04-01 04:50:25Z INFO RunnerServer] Establish connection with 100 seconds timeout.
[2020-04-01 04:50:25Z INFO GitHubActionsService] Starting operation Location.GetConnectionData
[2020-04-01 04:50:25Z INFO RunnerServer] Establish connection with 60 seconds timeout.
[2020-04-01 04:50:25Z INFO GitHubActionsService] Starting operation Location.GetConnectionData
[2020-04-01 04:50:25Z INFO RunnerServer] Establish connection with 60 seconds timeout.
[2020-04-01 04:50:25Z INFO GitHubActionsService] Starting operation Location.GetConnectionData
[2020-04-01 04:50:26Z INFO GitHubActionsService] Finished operation Location.GetConnectionData
[2020-04-01 04:50:26Z INFO GitHubActionsService] Finished operation Location.GetConnectionData
[2020-04-01 04:50:26Z INFO GitHubActionsService] Finished operation Location.GetConnectionData
[2020-04-01 04:50:26Z INFO MessageListener] VssConnection created
[2020-04-01 04:50:26Z INFO Terminal] WRITE LINE: 
[2020-04-01 04:50:26Z INFO Terminal] WRITE LINE: 
[2020-04-01 04:50:26Z WARN GitHubActionsService] Authentication failed with status code 401.
WWW-Authenticate: Bearer
Strict-Transport-Security: max-age=2592000
X-TFS-ProcessId: 442fb032-2425-4731-9954-65b2494d651c
ActivityId: fc101d21-467e-4380-8114-6315d8d8d252
X-TFS-Session: 502df39c-1688-4f0e-b5d4-757dd4f67d0a
X-VSS-E2EID: ee7aaa35-b677-46dc-bfab-65487591e9ee
X-VSS-SenderDeploymentId: d624195d-30e0-1768-06a5-b10a7879c7db
X-TFS-ServiceError: The+user+%27System%3aPublicAccess%3baaaaaaaa-aaaa-aaaa-aaaa-aaaaaaaaaaaa%27+is+not+authorized+to+access+this+resource.
X-VSS-S2STargetService: 0000005A-0000-8888-8000-000000000000/visualstudio.com
X-MSEdge-Ref: Ref A: 51C8D7E6CBE7421DACD66BCFE5FBFDD6 Ref B: CHGEDGE0913 Ref C: 2020-04-01T04:50:26Z
Date: Wed, 01 Apr 2020 04:50:25 GMT

[2020-04-01 04:50:26Z INFO RSAEncryptedFileKeyManager] Loading RSA key parameters from file C:\github\SmartThingsPublic\actions-runner\.credentials_rsaparams
[2020-04-01 04:50:26Z INFO RSAEncryptedFileKeyManager] Loading RSA key parameters from file C:\github\SmartThingsPublic\actions-runner\.credentials_rsaparams
[2020-04-01 04:50:27Z INFO GitHubActionsService] AAD Correlation ID for this token request: Unknown
[2020-04-01 04:50:28Z INFO MessageListener] Session created.
[2020-04-01 04:50:28Z INFO Terminal] WRITE LINE: 2020-04-01 04:50:28Z: Listening for Jobs
[2020-04-01 04:50:28Z INFO JobDispatcher] Set runner/worker IPC timeout to 30 seconds.
[2020-04-01 05:20:37Z INFO MessageListener] No message retrieved from session 'fa77cf9c-5d60-422f-9607-632590acc43b' within last 30 minutes.
[2020-04-01 05:45:47Z WARN GitHubActionsService] Authentication failed with status code 401.
WWW-Authenticate: Bearer
Strict-Transport-Security: max-age=2592000
X-TFS-ProcessId: d3d872d7-c4a8-4f1b-a1a2-2470f7bd4f68
ActivityId: 13514cca-f8eb-4d35-9552-85cf70b3b7f0
X-TFS-Session: 502df39c-1688-4f0e-b5d4-757dd4f67d0a
X-VSS-E2EID: a4b6cd27-b5a3-465d-8f0e-15d094ea7949
X-VSS-SenderDeploymentId: d624195d-30e0-1768-06a5-b10a7879c7db
X-TFS-ServiceError: The+user+%27System%3aPublicAccess%3baaaaaaaa-aaaa-aaaa-aaaa-aaaaaaaaaaaa%27+is+not+authorized+to+access+this+resource.
X-VSS-S2STargetService: 0000005A-0000-8888-8000-000000000000/visualstudio.com
X-MSEdge-Ref: Ref A: 883171A333A741A290FCB2515CD2C6A9 Ref B: CHGEDGE0913 Ref C: 2020-04-01T05:45:47Z
Date: Wed, 01 Apr 2020 05:45:46 GMT

[2020-04-01 05:45:47Z INFO RSAEncryptedFileKeyManager] Loading RSA key parameters from file C:\github\SmartThingsPublic\actions-runner\.credentials_rsaparams
[2020-04-01 05:45:48Z INFO GitHubActionsService] AAD Correlation ID for this token request: Unknown
[2020-04-01 05:50:50Z INFO MessageListener] No message retrieved from session 'fa77cf9c-5d60-422f-9607-632590acc43b' within last 30 minutes.
[2020-04-01 06:21:02Z INFO MessageListener] No message retrieved from session 'fa77cf9c-5d60-422f-9607-632590acc43b' within last 30 minutes.
[2020-04-01 06:41:10Z WARN GitHubActionsService] Authentication failed with status code 401.
WWW-Authenticate: Bearer
Strict-Transport-Security: max-age=2592000
X-TFS-ProcessId: e43d305f-962f-482d-ad3f-0390fc7a4ef6
ActivityId: 8e4e44dc-d702-4ebd-857d-d203e94ec41e
X-TFS-Session: 502df39c-1688-4f0e-b5d4-757dd4f67d0a
X-VSS-E2EID: 635266ee-be49-428b-af86-ec5540102d5b
X-VSS-SenderDeploymentId: d624195d-30e0-1768-06a5-b10a7879c7db
X-TFS-ServiceError: The+user+%27System%3aPublicAccess%3baaaaaaaa-aaaa-aaaa-aaaa-aaaaaaaaaaaa%27+is+not+authorized+to+access+this+resource.
X-VSS-S2STargetService: 0000005A-0000-8888-8000-000000000000/visualstudio.com
X-MSEdge-Ref: Ref A: 7151C26CB06C4893AE0AD8B54663163A Ref B: CHGEDGE0913 Ref C: 2020-04-01T06:41:09Z
Date: Wed, 01 Apr 2020 06:41:09 GMT

[2020-04-01 06:41:10Z INFO RSAEncryptedFileKeyManager] Loading RSA key parameters from file C:\github\SmartThingsPublic\actions-runner\.credentials_rsaparams
[2020-04-01 06:41:11Z INFO GitHubActionsService] AAD Correlation ID for this token request: Unknown
[2020-04-01 06:51:15Z INFO MessageListener] No message retrieved from session 'fa77cf9c-5d60-422f-9607-632590acc43b' within last 30 minutes.
[2020-04-01 07:21:25Z INFO MessageListener] No message retrieved from session 'fa77cf9c-5d60-422f-9607-632590acc43b' within last 30 minutes.
[2020-04-01 07:36:30Z WARN GitHubActionsService] Authentication failed with status code 401.
Transfer-Encoding: chunked
WWW-Authenticate: Bearer
Strict-Transport-Security: max-age=2592000
X-TFS-ProcessId: d3d872d7-c4a8-4f1b-a1a2-2470f7bd4f68
ActivityId: 136cd8ed-f8eb-4d35-9552-85cf70b3b7f0
X-TFS-Session: 502df39c-1688-4f0e-b5d4-757dd4f67d0a
X-VSS-E2EID: e8d67943-b92c-45f6-84de-80b25429c893
X-VSS-SenderDeploymentId: d624195d-30e0-1768-06a5-b10a7879c7db
X-TFS-ServiceError: The+user+%27System%3aPublicAccess%3baaaaaaaa-aaaa-aaaa-aaaa-aaaaaaaaaaaa%27+is+not+authorized+to+access+this+resource.
X-VSS-S2STargetService: 0000005A-0000-8888-8000-000000000000/visualstudio.com
X-MSEdge-Ref: Ref A: AC216C4102B846FB9CAED6F8ACA52209 Ref B: CHGEDGE0913 Ref C: 2020-04-01T07:36:29Z
Date: Wed, 01 Apr 2020 07:36:28 GMT

[2020-04-01 07:36:30Z INFO RSAEncryptedFileKeyManager] Loading RSA key parameters from file C:\github\SmartThingsPublic\actions-runner\.credentials_rsaparams
[2020-04-01 07:36:31Z INFO GitHubActionsService] AAD Correlation ID for this token request: Unknown
[2020-04-01 07:51:36Z INFO MessageListener] No message retrieved from session 'fa77cf9c-5d60-422f-9607-632590acc43b' within last 30 minutes.
[2020-04-01 08:21:45Z INFO MessageListener] No message retrieved from session 'fa77cf9c-5d60-422f-9607-632590acc43b' within last 30 minutes.
[2020-04-01 08:31:49Z WARN GitHubActionsService] Authentication failed with status code 401.
WWW-Authenticate: Bearer
Strict-Transport-Security: max-age=2592000
X-TFS-ProcessId: d3d872d7-c4a8-4f1b-a1a2-2470f7bd4f68
ActivityId: 13702c5e-f8eb-4d35-9552-85cf70b3b7f0
X-TFS-Session: 502df39c-1688-4f0e-b5d4-757dd4f67d0a
X-VSS-E2EID: b44f1e88-4c54-4c5d-8a77-d676c93fb510
X-VSS-SenderDeploymentId: d624195d-30e0-1768-06a5-b10a7879c7db
X-TFS-ServiceError: The+user+%27System%3aPublicAccess%3baaaaaaaa-aaaa-aaaa-aaaa-aaaaaaaaaaaa%27+is+not+authorized+to+access+this+resource.
X-VSS-S2STargetService: 0000005A-0000-8888-8000-000000000000/visualstudio.com
X-MSEdge-Ref: Ref A: 2B464957C08F41B390B80336A3D42BF5 Ref B: CHGEDGE0913 Ref C: 2020-04-01T08:31:48Z
Date: Wed, 01 Apr 2020 08:31:47 GMT

[2020-04-01 08:31:49Z INFO RSAEncryptedFileKeyManager] Loading RSA key parameters from file C:\github\SmartThingsPublic\actions-runner\.credentials_rsaparams
[2020-04-01 08:31:49Z INFO GitHubActionsService] AAD Correlation ID for this token request: Unknown
[2020-04-01 08:51:55Z INFO MessageListener] No message retrieved from session 'fa77cf9c-5d60-422f-9607-632590acc43b' within last 30 minutes.
[2020-04-01 09:22:06Z INFO MessageListener] No message retrieved from session 'fa77cf9c-5d60-422f-9607-632590acc43b' within last 30 minutes.
[2020-04-01 09:27:08Z WARN GitHubActionsService] Authentication failed with status code 401.
WWW-Authenticate: Bearer
Strict-Transport-Security: max-age=2592000
X-TFS-ProcessId: d4957f3b-d469-4538-b992-626bf5274a1f
ActivityId: 7e48af5c-604a-4a69-913e-fd4fafa5daa0
X-TFS-Session: 502df39c-1688-4f0e-b5d4-757dd4f67d0a
X-VSS-E2EID: 9d0473dc-fb2d-4f83-9a99-c2cd74a1694c
X-VSS-SenderDeploymentId: d624195d-30e0-1768-06a5-b10a7879c7db
X-TFS-ServiceError: The+user+%27System%3aPublicAccess%3baaaaaaaa-aaaa-aaaa-aaaa-aaaaaaaaaaaa%27+is+not+authorized+to+access+this+resource.
X-VSS-S2STargetService: 0000005A-0000-8888-8000-000000000000/visualstudio.com
X-MSEdge-Ref: Ref A: 87EFA43C41884341AD1B47303D0C7746 Ref B: CHGEDGE0913 Ref C: 2020-04-01T09:27:07Z
Date: Wed, 01 Apr 2020 09:27:07 GMT

[2020-04-01 09:27:08Z INFO RSAEncryptedFileKeyManager] Loading RSA key parameters from file C:\github\SmartThingsPublic\actions-runner\.credentials_rsaparams
[2020-04-01 09:27:09Z INFO GitHubActionsService] AAD Correlation ID for this token request: Unknown
