[2020-04-01 03:48:22Z INFO HostContext] No proxy settings were found based on environmental variables (http_proxy/https_proxy/HTTP_PROXY/HTTPS_PROXY)
[2020-04-01 03:48:22Z INFO Listener] Runner is built for Windows (X64) - win-x64.
[2020-04-01 03:48:22Z INFO Listener] RuntimeInformation: Microsoft Windows 10.0.18362.
[2020-04-01 03:48:22Z INFO Listener] Version: 2.165.2
[2020-04-01 03:48:22Z INFO Listener] Commit: fcf795d86d880b9f0bd10f9713d29cb9784ecef5
[2020-04-01 03:48:22Z INFO Listener] Culture: en-US
[2020-04-01 03:48:22Z INFO Listener] UI Culture: en-US
[2020-04-01 03:48:22Z INFO HostContext] Well known directory 'Bin': 'C:\github\SmartThingsPublic\actions-runner\bin'
[2020-04-01 03:48:22Z INFO HostContext] Well known directory 'Root': 'C:\github\SmartThingsPublic\actions-runner'
[2020-04-01 03:48:22Z INFO Listener] Validating directory permissions for: 'C:\github\SmartThingsPublic\actions-runner'
[2020-04-01 03:48:22Z INFO CommandLineParser] Parse
[2020-04-01 03:48:22Z INFO CommandLineParser] Parsing 5 args
[2020-04-01 03:48:22Z INFO CommandLineParser] parsing argument
[2020-04-01 03:48:22Z INFO CommandLineParser] HasArgs: False
[2020-04-01 03:48:22Z INFO CommandLineParser] Adding Command: configure
[2020-04-01 03:48:22Z INFO CommandLineParser] parsing argument
[2020-04-01 03:48:22Z INFO CommandLineParser] HasArgs: True
[2020-04-01 03:48:22Z INFO CommandLineParser] arg: url
[2020-04-01 03:48:22Z INFO CommandLineParser] parsing argument
[2020-04-01 03:48:22Z INFO CommandLineParser] HasArgs: True
[2020-04-01 03:48:22Z INFO CommandLineParser] Adding option 'url': 'https://github.com/monninn/SmartThingsPublic'
[2020-04-01 03:48:22Z INFO CommandLineParser] parsing argument
[2020-04-01 03:48:22Z INFO CommandLineParser] HasArgs: True
[2020-04-01 03:48:22Z INFO CommandLineParser] arg: token
[2020-04-01 03:48:22Z INFO CommandLineParser] parsing argument
[2020-04-01 03:48:22Z INFO CommandLineParser] HasArgs: True
[2020-04-01 03:48:22Z INFO CommandLineParser] Adding option 'token': '***'
[2020-04-01 03:48:22Z INFO Listener] Arguments parsed
[2020-04-01 03:48:22Z INFO Runner] ExecuteCommand
[2020-04-01 03:48:22Z INFO ConfigurationStore] currentAssemblyLocation: C:\github\SmartThingsPublic\actions-runner\bin\Runner.Listener.dll
[2020-04-01 03:48:22Z INFO HostContext] Well known directory 'Bin': 'C:\github\SmartThingsPublic\actions-runner\bin'
[2020-04-01 03:48:22Z INFO ConfigurationStore] binPath: C:\github\SmartThingsPublic\actions-runner\bin
[2020-04-01 03:48:22Z INFO HostContext] Well known directory 'Bin': 'C:\github\SmartThingsPublic\actions-runner\bin'
[2020-04-01 03:48:22Z INFO HostContext] Well known directory 'Root': 'C:\github\SmartThingsPublic\actions-runner'
[2020-04-01 03:48:22Z INFO ConfigurationStore] RootFolder: C:\github\SmartThingsPublic\actions-runner
[2020-04-01 03:48:22Z INFO HostContext] Well known directory 'Bin': 'C:\github\SmartThingsPublic\actions-runner\bin'
[2020-04-01 03:48:22Z INFO HostContext] Well known directory 'Root': 'C:\github\SmartThingsPublic\actions-runner'
[2020-04-01 03:48:22Z INFO HostContext] Well known config file 'Runner': 'C:\github\SmartThingsPublic\actions-runner\.runner'
[2020-04-01 03:48:22Z INFO ConfigurationStore] ConfigFilePath: C:\github\SmartThingsPublic\actions-runner\.runner
[2020-04-01 03:48:22Z INFO HostContext] Well known directory 'Bin': 'C:\github\SmartThingsPublic\actions-runner\bin'
[2020-04-01 03:48:22Z INFO HostContext] Well known directory 'Root': 'C:\github\SmartThingsPublic\actions-runner'
[2020-04-01 03:48:22Z INFO HostContext] Well known config file 'Credentials': 'C:\github\SmartThingsPublic\actions-runner\.credentials'
[2020-04-01 03:48:22Z INFO ConfigurationStore] CredFilePath: C:\github\SmartThingsPublic\actions-runner\.credentials
[2020-04-01 03:48:22Z INFO HostContext] Well known directory 'Bin': 'C:\github\SmartThingsPublic\actions-runner\bin'
[2020-04-01 03:48:22Z INFO HostContext] Well known directory 'Root': 'C:\github\SmartThingsPublic\actions-runner'
[2020-04-01 03:48:22Z INFO HostContext] Well known config file 'Service': 'C:\github\SmartThingsPublic\actions-runner\.service'
[2020-04-01 03:48:22Z INFO ConfigurationStore] ServiceConfigFilePath: C:\github\SmartThingsPublic\actions-runner\.service
[2020-04-01 03:48:22Z INFO CommandSettings] Flag 'help': 'False'
[2020-04-01 03:48:22Z INFO CommandSettings] Flag 'version': 'False'
[2020-04-01 03:48:22Z INFO CommandSettings] Flag 'commit': 'False'
[2020-04-01 03:48:22Z INFO CommandSettings] Command 'configure': 'True'
[2020-04-01 03:48:22Z INFO Terminal] WRITE LINE: 
[2020-04-01 03:48:22Z INFO Terminal] WRITE LINE: --------------------------------------------------------------------------------
[2020-04-01 03:48:22Z INFO Terminal] WRITE LINE: |        ____ _ _   _   _       _          _        _   _                      |
[2020-04-01 03:48:22Z INFO Terminal] WRITE LINE: |       / ___(_) |_| | | |_   _| |__      / \   ___| |_(_) ___  _ __  ___      |
[2020-04-01 03:48:22Z INFO Terminal] WRITE LINE: |      | |  _| | __| |_| | | | | '_ \    / _ \ / __| __| |/ _ \| '_ \/ __|     |
[2020-04-01 03:48:22Z INFO Terminal] WRITE LINE: |      | |_| | | |_|  _  | |_| | |_) |  / ___ \ (__| |_| | (_) | | | \__ \     |
[2020-04-01 03:48:22Z INFO Terminal] WRITE LINE: |       \____|_|\__|_| |_|\__,_|_.__/  /_/   \_\___|\__|_|\___/|_| |_|___/     |
[2020-04-01 03:48:22Z INFO Terminal] WRITE LINE: |                                                                              |
[2020-04-01 03:48:22Z INFO Terminal] WRITE: |                       
[2020-04-01 03:48:22Z INFO Terminal] WRITE: Self-hosted runner registration
[2020-04-01 03:48:22Z INFO Terminal] WRITE LINE:                         |
[2020-04-01 03:48:22Z INFO Terminal] WRITE LINE: |                                                                              |
[2020-04-01 03:48:22Z INFO Terminal] WRITE LINE: --------------------------------------------------------------------------------
[2020-04-01 03:48:22Z INFO ConfigurationManager] ConfigureAsync
[2020-04-01 03:48:22Z INFO ConfigurationStore] IsConfigured()
[2020-04-01 03:48:22Z INFO ConfigurationStore] IsConfigured: False
[2020-04-01 03:48:22Z INFO ConfigurationManager] Is configured: False
[2020-04-01 03:48:22Z INFO CommandSettings] Arg 'url': 'https://github.com/monninn/SmartThingsPublic'
[2020-04-01 03:48:22Z INFO CommandSettings] Remove url from Arg dictionary.
[2020-04-01 03:48:22Z INFO CommandSettings] Arg 'token': '***'
[2020-04-01 03:48:22Z INFO CommandSettings] Remove token from Arg dictionary.
[2020-04-01 03:48:23Z INFO ConfigurationManager] Http response code: OK from 'POST https://api.github.com/repos/monninn/SmartThingsPublic/actions-runners/registration'
[2020-04-01 03:48:23Z INFO ConfigurationManager] cred retrieved via GitHub auth
[2020-04-01 03:48:23Z INFO GitHubActionsService] Starting operation Location.GetConnectionData
[2020-04-01 03:48:25Z INFO GitHubActionsService] Finished operation Location.GetConnectionData
[2020-04-01 03:48:25Z INFO GitHubActionsService] Starting operation Location.GetConnectionData
[2020-04-01 03:48:25Z INFO GitHubActionsService] Finished operation Location.GetConnectionData
[2020-04-01 03:48:25Z INFO ConfigurationManager] Server deployment type: Hosted
[2020-04-01 03:48:25Z INFO RunnerServer] Establish connection with 100 seconds timeout.
[2020-04-01 03:48:25Z INFO GitHubActionsService] Starting operation Location.GetConnectionData
[2020-04-01 03:48:25Z INFO RunnerServer] Establish connection with 60 seconds timeout.
[2020-04-01 03:48:25Z INFO GitHubActionsService] Starting operation Location.GetConnectionData
[2020-04-01 03:48:25Z INFO RunnerServer] Establish connection with 60 seconds timeout.
[2020-04-01 03:48:25Z INFO GitHubActionsService] Starting operation Location.GetConnectionData
[2020-04-01 03:48:26Z INFO GitHubActionsService] Finished operation Location.GetConnectionData
[2020-04-01 03:48:26Z INFO GitHubActionsService] Finished operation Location.GetConnectionData
[2020-04-01 03:48:27Z INFO GitHubActionsService] Finished operation Location.GetConnectionData
[2020-04-01 03:48:27Z INFO Terminal] WRITE LINE: 
[2020-04-01 03:48:27Z INFO ConfigurationManager] Test Connection complete.
[2020-04-01 03:48:27Z INFO HostContext] Well known directory 'Bin': 'C:\github\SmartThingsPublic\actions-runner\bin'
[2020-04-01 03:48:27Z INFO HostContext] Well known directory 'Root': 'C:\github\SmartThingsPublic\actions-runner'
[2020-04-01 03:48:27Z INFO HostContext] Well known config file 'RSACredentials': 'C:\github\SmartThingsPublic\actions-runner\.credentials_rsaparams'
[2020-04-01 03:48:27Z INFO RSAEncryptedFileKeyManager] Creating new RSA key using 2048-bit key length
[2020-04-01 03:48:27Z INFO RSAEncryptedFileKeyManager] Successfully saved RSA key parameters to file C:\github\SmartThingsPublic\actions-runner\.credentials_rsaparams
[2020-04-01 03:48:27Z INFO ConfigurationManager] Found a private pool with id {1} and name {2} 1, Default
[2020-04-01 03:48:27Z INFO CommandSettings] Arg 'name': ''
[2020-04-01 03:48:27Z INFO CommandSettings] Flag 'unattended': 'False'
[2020-04-01 03:48:27Z INFO PromptManager] ReadValue
[2020-04-01 03:48:27Z INFO Terminal] WRITE: Enter the name of runner: 
[2020-04-01 03:48:27Z INFO Terminal] WRITE: [press Enter for X2JCJAB8C5] 
[2020-04-01 03:48:27Z INFO Terminal] READ LINE
[2020-04-01 03:48:32Z INFO Terminal] Read value: ''
[2020-04-01 03:48:32Z INFO PromptManager] Falling back to the default: 'X2JCJAB8C5'
[2020-04-01 03:48:32Z INFO Terminal] WRITE LINE: 
[2020-04-01 03:48:33Z INFO ConfigurationManager] Agent server url resolve by server: 'https://pipelines.actions.githubusercontent.com/EQE2oYQT0i2U5mCTEGtEZoQM75DsLEfYVM9ZJlOo5q1WQNpGUD/'.
[2020-04-01 03:48:33Z INFO ConfigurationStore] Saving OAuth credential @ C:\github\SmartThingsPublic\actions-runner\.credentials
[2020-04-01 03:48:33Z INFO ConfigurationStore] Credentials Saved.
[2020-04-01 03:48:33Z INFO ConfigurationStore] HasCredentials()
[2020-04-01 03:48:33Z INFO ConfigurationStore] stored True
[2020-04-01 03:48:33Z INFO CredentialManager] GetCredentialProvider
[2020-04-01 03:48:33Z INFO CredentialManager] Creating type OAuth
[2020-04-01 03:48:33Z INFO CredentialManager] Creating credential type: OAuth
[2020-04-01 03:48:33Z INFO RSAEncryptedFileKeyManager] Loading RSA key parameters from file C:\github\SmartThingsPublic\actions-runner\.credentials_rsaparams
[2020-04-01 03:48:33Z INFO RunnerServer] Establish connection with 100 seconds timeout.
[2020-04-01 03:48:33Z INFO GitHubActionsService] Starting operation Location.GetConnectionData
[2020-04-01 03:48:33Z INFO RunnerServer] Establish connection with 60 seconds timeout.
[2020-04-01 03:48:33Z INFO GitHubActionsService] Starting operation Location.GetConnectionData
[2020-04-01 03:48:33Z INFO RunnerServer] Establish connection with 60 seconds timeout.
[2020-04-01 03:48:33Z INFO GitHubActionsService] Starting operation Location.GetConnectionData
[2020-04-01 03:48:34Z INFO GitHubActionsService] Finished operation Location.GetConnectionData
[2020-04-01 03:48:35Z INFO GitHubActionsService] Finished operation Location.GetConnectionData
[2020-04-01 03:48:35Z INFO GitHubActionsService] Finished operation Location.GetConnectionData
[2020-04-01 03:48:35Z INFO CommandSettings] Arg 'work': ''
[2020-04-01 03:48:35Z INFO CommandSettings] Flag 'unattended': 'False'
[2020-04-01 03:48:35Z INFO PromptManager] ReadValue
[2020-04-01 03:48:35Z INFO Terminal] WRITE: Enter name of work folder: 
[2020-04-01 03:48:35Z INFO Terminal] WRITE: [press Enter for _work] 
[2020-04-01 03:48:35Z INFO Terminal] READ LINE
[2020-04-01 03:48:55Z INFO Terminal] Read value: 'work'
[2020-04-01 03:48:55Z INFO ConfigurationStore] Saving runner settings.
[2020-04-01 03:48:55Z INFO ConfigurationStore] Settings Saved.
[2020-04-01 03:48:55Z INFO Terminal] WRITE LINE: 
[2020-04-01 03:48:55Z INFO Terminal] WRITE LINE: 
[2020-04-01 03:48:55Z INFO CommandSettings] Flag 'runasservice': 'False'
[2020-04-01 03:48:55Z INFO CommandSettings] Flag 'unattended': 'False'
[2020-04-01 03:48:55Z INFO PromptManager] ReadValue
[2020-04-01 03:48:55Z INFO Terminal] WRITE: Would you like to run the runner as service? (Y/N) 
[2020-04-01 03:48:55Z INFO Terminal] WRITE: [press Enter for N] 
[2020-04-01 03:48:55Z INFO Terminal] READ LINE
[2020-04-01 03:49:03Z INFO Terminal] Read value: 'Y'
[2020-04-01 03:49:03Z INFO ConfigurationManager] Configuring to run the agent as service
[2020-04-01 03:49:03Z INFO CommandSettings] Arg 'windowslogonaccount': ''
[2020-04-01 03:49:03Z INFO CommandSettings] Flag 'unattended': 'False'
[2020-04-01 03:49:03Z INFO PromptManager] ReadValue
[2020-04-01 03:49:03Z INFO Terminal] WRITE: User account to use for the service 
[2020-04-01 03:49:03Z INFO Terminal] WRITE: [press Enter for NT AUTHORITY\NETWORK SERVICE] 
[2020-04-01 03:49:03Z INFO Terminal] READ LINE
[2020-04-01 03:49:05Z INFO Terminal] Read value: ''
[2020-04-01 03:49:05Z INFO PromptManager] Falling back to the default: 'NT AUTHORITY\NETWORK SERVICE'
[2020-04-01 03:49:05Z INFO WindowsServiceControlManager] LogonAccount after transforming: NT AUTHORITY\NETWORK SERVICE, user: NETWORK SERVICE, domain: NT AUTHORITY
[2020-04-01 03:49:05Z INFO WindowsServiceControlManager] Service name 'actions.runner.monninn-SmartThingsPublic.X2JCJAB8C5' display name 'GitHub Actions Runner (monninn-SmartThingsPublic.X2JCJAB8C5)' will be used for service configuration.
[2020-04-01 03:49:05Z INFO Terminal] WRITE LINE: The service already exists: actions.runner.monninn-SmartThingsPublic.X2JCJAB8C5, it will be replaced
[2020-04-01 03:49:05Z INFO NativeWindowsServiceHelper] Trying to delete service actions.runner.monninn-SmartThingsPublic.X2JCJAB8C5
[2020-04-01 03:49:05Z INFO NativeWindowsServiceHelper] successfully removed the service
[2020-04-01 03:49:05Z INFO WindowsServiceControlManager] Verifying if the account has LogonAsService permission
[2020-04-01 03:49:05Z INFO WindowsServiceControlManager] Account: NT AUTHORITY\NETWORK SERVICE already has Logon As Service Privilege.
[2020-04-01 03:49:05Z INFO WindowsServiceControlManager] Create local group and grant folder permission to service logon account.
[2020-04-01 03:49:05Z INFO HostContext] Well known directory 'Bin': 'C:\github\SmartThingsPublic\actions-runner\bin'
[2020-04-01 03:49:05Z INFO HostContext] Well known directory 'Root': 'C:\github\SmartThingsPublic\actions-runner'
[2020-04-01 03:49:05Z INFO ConfigurationStore] Read setting file: 300 chars
[2020-04-01 03:49:05Z INFO HostContext] Well known directory 'Bin': 'C:\github\SmartThingsPublic\actions-runner\bin'
[2020-04-01 03:49:05Z INFO HostContext] Well known directory 'Root': 'C:\github\SmartThingsPublic\actions-runner'
[2020-04-01 03:49:05Z INFO HostContext] Well known directory 'Work': 'C:\github\SmartThingsPublic\actions-runner\work'
[2020-04-01 03:49:05Z INFO HostContext] Well known directory 'Bin': 'C:\github\SmartThingsPublic\actions-runner\bin'
[2020-04-01 03:49:05Z INFO NativeWindowsServiceHelper] Calculated unique group name GITHUB_ActionsRunner_Gd3d69
[2020-04-01 03:49:05Z INFO NativeWindowsServiceHelper] Trying to create group GITHUB_ActionsRunner_Gd3d69
[2020-04-01 03:49:05Z INFO NativeWindowsServiceHelper] Local Group 'GITHUB_ActionsRunner_Gd3d69' created
[2020-04-01 03:49:05Z INFO NativeWindowsServiceHelper] Trying to add userName NT AUTHORITY\NETWORK SERVICE to the group GITHUB_ActionsRunner_Gd3d69
[2020-04-01 03:49:05Z INFO NativeWindowsServiceHelper] Account 'NT AUTHORITY\NETWORK SERVICE' is added to local group 'GITHUB_ActionsRunner_Gd3d69'.
[2020-04-01 03:49:05Z INFO NativeWindowsServiceHelper] Set full access control to group for the folder C:\github\SmartThingsPublic\actions-runner
[2020-04-01 03:49:05Z INFO NativeWindowsServiceHelper] Set full access control to group for the folder C:\github\SmartThingsPublic\actions-runner\work
[2020-04-01 03:49:05Z INFO NativeWindowsServiceHelper] Local group 'GITHUB_ActionsRunner_Gd3d69' already has full control to path 'C:\github\SmartThingsPublic\actions-runner\work'.
[2020-04-01 03:49:05Z INFO Terminal] WRITE LINE: Granting file permissions to 'NT AUTHORITY\NETWORK SERVICE'.
[2020-04-01 03:49:05Z INFO HostContext] Well known directory 'Bin': 'C:\github\SmartThingsPublic\actions-runner\bin'
[2020-04-01 03:49:05Z INFO ProcessInvokerWrapper] Starting process:
[2020-04-01 03:49:05Z INFO ProcessInvokerWrapper]   File name: '"C:\github\SmartThingsPublic\actions-runner\bin\RunnerService.exe"'
[2020-04-01 03:49:05Z INFO ProcessInvokerWrapper]   Arguments: 'init'
[2020-04-01 03:49:05Z INFO ProcessInvokerWrapper]   Working directory: ''
[2020-04-01 03:49:05Z INFO ProcessInvokerWrapper]   Require exit code zero: 'True'
[2020-04-01 03:49:05Z INFO ProcessInvokerWrapper]   Encoding web name:  ; code page: ''
[2020-04-01 03:49:05Z INFO ProcessInvokerWrapper]   Force kill process on cancellation: 'False'
[2020-04-01 03:49:05Z INFO ProcessInvokerWrapper]   Redirected STDIN: 'False'
[2020-04-01 03:49:05Z INFO ProcessInvokerWrapper]   Persist current code page: 'False'
[2020-04-01 03:49:05Z INFO ProcessInvokerWrapper]   Keep redirected STDIN open: 'False'
[2020-04-01 03:49:05Z INFO ProcessInvokerWrapper]   High priority process: 'False'
[2020-04-01 03:49:05Z INFO ProcessInvokerWrapper] Process started with process id 13240, waiting for process exit.
[2020-04-01 03:49:06Z INFO ProcessInvokerWrapper] STDOUT/STDERR stream read finished.
[2020-04-01 03:49:06Z INFO ProcessInvokerWrapper] STDOUT/STDERR stream read finished.
[2020-04-01 03:49:06Z INFO ProcessInvokerWrapper] Finished process 13240 with exit code 0, and elapsed time 00:00:00.2494505.
[2020-04-01 03:49:06Z INFO Terminal] WRITE LINE: Service actions.runner.monninn-SmartThingsPublic.X2JCJAB8C5 successfully installed
[2020-04-01 03:49:06Z INFO Terminal] WRITE LINE: Service actions.runner.monninn-SmartThingsPublic.X2JCJAB8C5 successfully set recovery option
[2020-04-01 03:49:06Z INFO Terminal] WRITE LINE: Service actions.runner.monninn-SmartThingsPublic.X2JCJAB8C5 successfully set to delayed auto start
[2020-04-01 03:49:06Z INFO Terminal] WRITE LINE: Service actions.runner.monninn-SmartThingsPublic.X2JCJAB8C5 successfully configured
[2020-04-01 03:49:06Z INFO HostContext] Well known directory 'Bin': 'C:\github\SmartThingsPublic\actions-runner\bin'
[2020-04-01 03:49:06Z INFO HostContext] Well known directory 'Root': 'C:\github\SmartThingsPublic\actions-runner'
[2020-04-01 03:49:06Z INFO HostContext] Well known config file 'Service': 'C:\github\SmartThingsPublic\actions-runner\.service'
[2020-04-01 03:49:06Z INFO WindowsServiceControlManager] Configuration was successful, trying to start the service
[2020-04-01 03:49:06Z INFO Terminal] WRITE LINE: Waiting for service to start...
[2020-04-01 03:49:06Z INFO Terminal] WRITE LINE: Service actions.runner.monninn-SmartThingsPublic.X2JCJAB8C5 started successfully
