[2020-04-01 04:43:07Z INFO HostContext] No proxy settings were found based on environmental variables (http_proxy/https_proxy/HTTP_PROXY/HTTPS_PROXY)
[2020-04-01 04:43:07Z INFO Listener] Runner is built for Windows (X64) - win-x64.
[2020-04-01 04:43:07Z INFO Listener] RuntimeInformation: Microsoft Windows 10.0.18362.
[2020-04-01 04:43:07Z INFO Listener] Version: 2.165.2
[2020-04-01 04:43:07Z INFO Listener] Commit: fcf795d86d880b9f0bd10f9713d29cb9784ecef5
[2020-04-01 04:43:07Z INFO Listener] Culture: en-US
[2020-04-01 04:43:07Z INFO Listener] UI Culture: en-US
[2020-04-01 04:43:07Z INFO HostContext] Well known directory 'Bin': 'C:\github\SmartThingsPublic\actions-runner\bin'
[2020-04-01 04:43:07Z INFO HostContext] Well known directory 'Root': 'C:\github\SmartThingsPublic\actions-runner'
[2020-04-01 04:43:07Z INFO Listener] Validating directory permissions for: 'C:\github\SmartThingsPublic\actions-runner'
[2020-04-01 04:43:07Z INFO CommandLineParser] Parse
[2020-04-01 04:43:07Z INFO CommandLineParser] Parsing 2 args
[2020-04-01 04:43:07Z INFO CommandLineParser] parsing argument
[2020-04-01 04:43:07Z INFO CommandLineParser] HasArgs: False
[2020-04-01 04:43:07Z INFO CommandLineParser] Adding Command: remove
[2020-04-01 04:43:07Z INFO CommandLineParser] parsing argument
[2020-04-01 04:43:07Z INFO CommandLineParser] HasArgs: False
[2020-04-01 04:43:07Z INFO CommandLineParser] Adding Command: AO6C54TPDDP26DHJBD7BYE26QQU4Q
[2020-04-01 04:43:07Z INFO Listener] Arguments parsed
[2020-04-01 04:43:07Z ERR  Terminal] WRITE ERROR: Unrecognized command-line input arguments: 'AO6C54TPDDP26DHJBD7BYE26QQU4Q'. For usage refer to: .\config.cmd --help or ./config.sh --help
[2020-04-01 04:43:07Z INFO Runner] ExecuteCommand
[2020-04-01 04:43:07Z INFO ConfigurationStore] currentAssemblyLocation: C:\github\SmartThingsPublic\actions-runner\bin\Runner.Listener.dll
[2020-04-01 04:43:07Z INFO HostContext] Well known directory 'Bin': 'C:\github\SmartThingsPublic\actions-runner\bin'
[2020-04-01 04:43:07Z INFO ConfigurationStore] binPath: C:\github\SmartThingsPublic\actions-runner\bin
[2020-04-01 04:43:07Z INFO HostContext] Well known directory 'Bin': 'C:\github\SmartThingsPublic\actions-runner\bin'
[2020-04-01 04:43:07Z INFO HostContext] Well known directory 'Root': 'C:\github\SmartThingsPublic\actions-runner'
[2020-04-01 04:43:07Z INFO ConfigurationStore] RootFolder: C:\github\SmartThingsPublic\actions-runner
[2020-04-01 04:43:07Z INFO HostContext] Well known directory 'Bin': 'C:\github\SmartThingsPublic\actions-runner\bin'
[2020-04-01 04:43:07Z INFO HostContext] Well known directory 'Root': 'C:\github\SmartThingsPublic\actions-runner'
[2020-04-01 04:43:07Z INFO HostContext] Well known config file 'Runner': 'C:\github\SmartThingsPublic\actions-runner\.runner'
[2020-04-01 04:43:07Z INFO ConfigurationStore] ConfigFilePath: C:\github\SmartThingsPublic\actions-runner\.runner
[2020-04-01 04:43:07Z INFO HostContext] Well known directory 'Bin': 'C:\github\SmartThingsPublic\actions-runner\bin'
[2020-04-01 04:43:07Z INFO HostContext] Well known directory 'Root': 'C:\github\SmartThingsPublic\actions-runner'
[2020-04-01 04:43:07Z INFO HostContext] Well known config file 'Credentials': 'C:\github\SmartThingsPublic\actions-runner\.credentials'
[2020-04-01 04:43:07Z INFO ConfigurationStore] CredFilePath: C:\github\SmartThingsPublic\actions-runner\.credentials
[2020-04-01 04:43:07Z INFO HostContext] Well known directory 'Bin': 'C:\github\SmartThingsPublic\actions-runner\bin'
[2020-04-01 04:43:07Z INFO HostContext] Well known directory 'Root': 'C:\github\SmartThingsPublic\actions-runner'
[2020-04-01 04:43:07Z INFO HostContext] Well known config file 'Service': 'C:\github\SmartThingsPublic\actions-runner\.service'
[2020-04-01 04:43:07Z INFO ConfigurationStore] ServiceConfigFilePath: C:\github\SmartThingsPublic\actions-runner\.service
[2020-04-01 04:43:07Z INFO CommandSettings] Flag 'help': 'False'
[2020-04-01 04:43:07Z INFO CommandSettings] Flag 'version': 'False'
[2020-04-01 04:43:07Z INFO CommandSettings] Flag 'commit': 'False'
[2020-04-01 04:43:07Z INFO CommandSettings] Command 'configure': 'False'
[2020-04-01 04:43:07Z INFO CommandSettings] Command 'remove': 'True'
[2020-04-01 04:43:07Z INFO ConfigurationStore] IsServiceConfigured()
[2020-04-01 04:43:07Z INFO ConfigurationStore] IsServiceConfigured: False
[2020-04-01 04:43:07Z INFO ConfigurationStore] IsConfigured()
[2020-04-01 04:43:07Z INFO ConfigurationStore] IsConfigured: True
[2020-04-01 04:43:07Z INFO ConfigurationStore] HasCredentials()
[2020-04-01 04:43:07Z INFO ConfigurationStore] stored True
[2020-04-01 04:43:07Z INFO ConfigurationStore] Read setting file: 300 chars
[2020-04-01 04:43:07Z INFO CommandSettings] Arg 'token': ''
[2020-04-01 04:43:07Z INFO CommandSettings] Flag 'unattended': 'False'
[2020-04-01 04:43:07Z INFO PromptManager] ReadValue
[2020-04-01 04:43:07Z INFO Terminal] WRITE: Enter runner remove token: 
[2020-04-01 04:43:07Z INFO Terminal] READ SECRET
[2020-04-01 04:43:16Z INFO Terminal] Read value: '***'
[2020-04-01 04:43:18Z INFO ConfigurationManager] Http response code: OK from 'POST https://api.github.com/repos/monninn/SmartThingsPublic/actions-runners/registration'
[2020-04-01 04:43:18Z INFO ConfigurationManager] cred retrieved via GitHub auth
[2020-04-01 04:43:18Z INFO GitHubActionsService] Starting operation Location.GetConnectionData
[2020-04-01 04:43:20Z INFO GitHubActionsService] Finished operation Location.GetConnectionData
[2020-04-01 04:43:20Z INFO GitHubActionsService] Starting operation Location.GetConnectionData
[2020-04-01 04:43:20Z INFO GitHubActionsService] Finished operation Location.GetConnectionData
[2020-04-01 04:43:20Z INFO ConfigurationManager] Server deployment type: Hosted
[2020-04-01 04:43:20Z INFO RunnerServer] Establish connection with 100 seconds timeout.
[2020-04-01 04:43:20Z INFO GitHubActionsService] Starting operation Location.GetConnectionData
[2020-04-01 04:43:20Z INFO RunnerServer] Establish connection with 60 seconds timeout.
[2020-04-01 04:43:20Z INFO GitHubActionsService] Starting operation Location.GetConnectionData
[2020-04-01 04:43:20Z INFO RunnerServer] Establish connection with 60 seconds timeout.
[2020-04-01 04:43:20Z INFO GitHubActionsService] Starting operation Location.GetConnectionData
[2020-04-01 04:43:21Z INFO GitHubActionsService] Finished operation Location.GetConnectionData
[2020-04-01 04:43:21Z INFO GitHubActionsService] Finished operation Location.GetConnectionData
[2020-04-01 04:43:21Z INFO GitHubActionsService] Finished operation Location.GetConnectionData
[2020-04-01 04:43:22Z INFO Terminal] WRITE LINE: 
[2020-04-01 04:43:22Z INFO HostContext] Well known directory 'Bin': 'C:\github\SmartThingsPublic\actions-runner\bin'
[2020-04-01 04:43:22Z INFO HostContext] Well known directory 'Root': 'C:\github\SmartThingsPublic\actions-runner'
[2020-04-01 04:43:22Z INFO HostContext] Well known config file 'RSACredentials': 'C:\github\SmartThingsPublic\actions-runner\.credentials_rsaparams'
[2020-04-01 04:43:22Z INFO RSAEncryptedFileKeyManager] Deleting RSA key parameters file C:\github\SmartThingsPublic\actions-runner\.credentials_rsaparams
[2020-04-01 04:43:22Z INFO Terminal] WRITE LINE: 
