[2020-03-28 23:39:22Z INFO HostContext] No proxy settings were found based on environmental variables (http_proxy/https_proxy/HTTP_PROXY/HTTPS_PROXY)
[2020-03-28 23:39:22Z INFO Listener] Runner is built for Windows (X64) - win-x64.
[2020-03-28 23:39:22Z INFO Listener] RuntimeInformation: Microsoft Windows 10.0.18362.
[2020-03-28 23:39:22Z INFO Listener] Version: 2.165.2
[2020-03-28 23:39:22Z INFO Listener] Commit: fcf795d86d880b9f0bd10f9713d29cb9784ecef5
[2020-03-28 23:39:22Z INFO Listener] Culture: en-US
[2020-03-28 23:39:22Z INFO Listener] UI Culture: en-US
[2020-03-28 23:39:22Z INFO HostContext] Well known directory 'Bin': 'D:\monninn-github\old-repository\actions-runner\bin'
[2020-03-28 23:39:22Z INFO HostContext] Well known directory 'Root': 'D:\monninn-github\old-repository\actions-runner'
[2020-03-28 23:39:22Z INFO Listener] Validating directory permissions for: 'D:\monninn-github\old-repository\actions-runner'
[2020-03-28 23:39:22Z INFO CommandLineParser] Parse
[2020-03-28 23:39:22Z INFO CommandLineParser] Parsing 5 args
[2020-03-28 23:39:22Z INFO CommandLineParser] parsing argument
[2020-03-28 23:39:22Z INFO CommandLineParser] HasArgs: False
[2020-03-28 23:39:22Z INFO CommandLineParser] Adding Command: configure
[2020-03-28 23:39:22Z INFO CommandLineParser] parsing argument
[2020-03-28 23:39:22Z INFO CommandLineParser] HasArgs: True
[2020-03-28 23:39:22Z INFO CommandLineParser] arg: url
[2020-03-28 23:39:22Z INFO CommandLineParser] parsing argument
[2020-03-28 23:39:22Z INFO CommandLineParser] HasArgs: True
[2020-03-28 23:39:22Z INFO CommandLineParser] Adding option 'url': 'https://github.com/monninn/SmartThingsPublic'
[2020-03-28 23:39:22Z INFO CommandLineParser] parsing argument
[2020-03-28 23:39:22Z INFO CommandLineParser] HasArgs: True
[2020-03-28 23:39:22Z INFO CommandLineParser] arg: token
[2020-03-28 23:39:22Z INFO CommandLineParser] parsing argument
[2020-03-28 23:39:22Z INFO CommandLineParser] HasArgs: True
[2020-03-28 23:39:22Z INFO CommandLineParser] Adding option 'token': '***'
[2020-03-28 23:39:22Z INFO Listener] Arguments parsed
[2020-03-28 23:39:22Z INFO Runner] ExecuteCommand
[2020-03-28 23:39:22Z INFO ConfigurationStore] currentAssemblyLocation: D:\monninn-github\old-repository\actions-runner\bin\Runner.Listener.dll
[2020-03-28 23:39:22Z INFO HostContext] Well known directory 'Bin': 'D:\monninn-github\old-repository\actions-runner\bin'
[2020-03-28 23:39:22Z INFO ConfigurationStore] binPath: D:\monninn-github\old-repository\actions-runner\bin
[2020-03-28 23:39:22Z INFO HostContext] Well known directory 'Bin': 'D:\monninn-github\old-repository\actions-runner\bin'
[2020-03-28 23:39:22Z INFO HostContext] Well known directory 'Root': 'D:\monninn-github\old-repository\actions-runner'
[2020-03-28 23:39:22Z INFO ConfigurationStore] RootFolder: D:\monninn-github\old-repository\actions-runner
[2020-03-28 23:39:22Z INFO HostContext] Well known directory 'Bin': 'D:\monninn-github\old-repository\actions-runner\bin'
[2020-03-28 23:39:22Z INFO HostContext] Well known directory 'Root': 'D:\monninn-github\old-repository\actions-runner'
[2020-03-28 23:39:22Z INFO HostContext] Well known config file 'Runner': 'D:\monninn-github\old-repository\actions-runner\.runner'
[2020-03-28 23:39:22Z INFO ConfigurationStore] ConfigFilePath: D:\monninn-github\old-repository\actions-runner\.runner
[2020-03-28 23:39:22Z INFO HostContext] Well known directory 'Bin': 'D:\monninn-github\old-repository\actions-runner\bin'
[2020-03-28 23:39:22Z INFO HostContext] Well known directory 'Root': 'D:\monninn-github\old-repository\actions-runner'
[2020-03-28 23:39:22Z INFO HostContext] Well known config file 'Credentials': 'D:\monninn-github\old-repository\actions-runner\.credentials'
[2020-03-28 23:39:22Z INFO ConfigurationStore] CredFilePath: D:\monninn-github\old-repository\actions-runner\.credentials
[2020-03-28 23:39:22Z INFO HostContext] Well known directory 'Bin': 'D:\monninn-github\old-repository\actions-runner\bin'
[2020-03-28 23:39:22Z INFO HostContext] Well known directory 'Root': 'D:\monninn-github\old-repository\actions-runner'
[2020-03-28 23:39:22Z INFO HostContext] Well known config file 'Service': 'D:\monninn-github\old-repository\actions-runner\.service'
[2020-03-28 23:39:22Z INFO ConfigurationStore] ServiceConfigFilePath: D:\monninn-github\old-repository\actions-runner\.service
[2020-03-28 23:39:22Z INFO CommandSettings] Flag 'help': 'False'
[2020-03-28 23:39:22Z INFO CommandSettings] Flag 'version': 'False'
[2020-03-28 23:39:22Z INFO CommandSettings] Flag 'commit': 'False'
[2020-03-28 23:39:22Z INFO CommandSettings] Command 'configure': 'True'
[2020-03-28 23:39:22Z INFO Terminal] WRITE LINE: 
[2020-03-28 23:39:22Z INFO Terminal] WRITE LINE: --------------------------------------------------------------------------------
[2020-03-28 23:39:22Z INFO Terminal] WRITE LINE: |        ____ _ _   _   _       _          _        _   _                      |
[2020-03-28 23:39:22Z INFO Terminal] WRITE LINE: |       / ___(_) |_| | | |_   _| |__      / \   ___| |_(_) ___  _ __  ___      |
[2020-03-28 23:39:22Z INFO Terminal] WRITE LINE: |      | |  _| | __| |_| | | | | '_ \    / _ \ / __| __| |/ _ \| '_ \/ __|     |
[2020-03-28 23:39:22Z INFO Terminal] WRITE LINE: |      | |_| | | |_|  _  | |_| | |_) |  / ___ \ (__| |_| | (_) | | | \__ \     |
[2020-03-28 23:39:22Z INFO Terminal] WRITE LINE: |       \____|_|\__|_| |_|\__,_|_.__/  /_/   \_\___|\__|_|\___/|_| |_|___/     |
[2020-03-28 23:39:22Z INFO Terminal] WRITE LINE: |                                                                              |
[2020-03-28 23:39:22Z INFO Terminal] WRITE: |                       
[2020-03-28 23:39:22Z INFO Terminal] WRITE: Self-hosted runner registration
[2020-03-28 23:39:22Z INFO Terminal] WRITE LINE:                         |
[2020-03-28 23:39:22Z INFO Terminal] WRITE LINE: |                                                                              |
[2020-03-28 23:39:22Z INFO Terminal] WRITE LINE: --------------------------------------------------------------------------------
[2020-03-28 23:39:22Z INFO ConfigurationManager] ConfigureAsync
[2020-03-28 23:39:22Z INFO ConfigurationStore] IsConfigured()
[2020-03-28 23:39:22Z INFO ConfigurationStore] IsConfigured: True
[2020-03-28 23:39:22Z INFO ConfigurationManager] Is configured: True
[2020-03-28 23:39:22Z ERR  Runner] System.InvalidOperationException: Cannot configure the runner because it is already configured. To reconfigure the runner, run 'config.cmd remove' or './config.sh remove' first.
   at GitHub.Runner.Listener.Configuration.ConfigurationManager.ConfigureAsync(CommandSettings command)
   at GitHub.Runner.Listener.Runner.ExecuteCommand(CommandSettings command)
[2020-03-28 23:39:22Z ERR  Terminal] WRITE ERROR: Cannot configure the runner because it is already configured. To reconfigure the runner, run 'config.cmd remove' or './config.sh remove' first.
