[2020-04-01 04:35:58Z INFO HostContext] No proxy settings were found based on environmental variables (http_proxy/https_proxy/HTTP_PROXY/HTTPS_PROXY)
[2020-04-01 04:35:58Z INFO Listener] Runner is built for Windows (X64) - win-x64.
[2020-04-01 04:35:58Z INFO Listener] RuntimeInformation: Microsoft Windows 10.0.18362.
[2020-04-01 04:35:58Z INFO Listener] Version: 2.165.2
[2020-04-01 04:35:58Z INFO Listener] Commit: fcf795d86d880b9f0bd10f9713d29cb9784ecef5
[2020-04-01 04:35:58Z INFO Listener] Culture: en-US
[2020-04-01 04:35:58Z INFO Listener] UI Culture: en-US
[2020-04-01 04:35:58Z INFO HostContext] Well known directory 'Bin': 'C:\github\SmartThingsPublic\actions-runner\bin'
[2020-04-01 04:35:58Z INFO HostContext] Well known directory 'Root': 'C:\github\SmartThingsPublic\actions-runner'
[2020-04-01 04:35:58Z INFO Listener] Validating directory permissions for: 'C:\github\SmartThingsPublic\actions-runner'
[2020-04-01 04:35:58Z INFO CommandLineParser] Parse
[2020-04-01 04:35:58Z INFO CommandLineParser] Parsing 2 args
[2020-04-01 04:35:58Z INFO CommandLineParser] parsing argument
[2020-04-01 04:35:58Z INFO CommandLineParser] HasArgs: False
[2020-04-01 04:35:58Z INFO CommandLineParser] Adding Command: run
[2020-04-01 04:35:58Z INFO CommandLineParser] parsing argument
[2020-04-01 04:35:58Z INFO CommandLineParser] HasArgs: False
[2020-04-01 04:35:58Z INFO CommandLineParser] Adding Command: -status
[2020-04-01 04:35:58Z INFO Listener] Arguments parsed
[2020-04-01 04:35:58Z ERR  Terminal] WRITE ERROR: Unrecognized command-line input arguments: '-status'. For usage refer to: .\config.cmd --help or ./config.sh --help
[2020-04-01 04:35:58Z INFO Runner] ExecuteCommand
[2020-04-01 04:35:58Z INFO ConfigurationStore] currentAssemblyLocation: C:\github\SmartThingsPublic\actions-runner\bin\Runner.Listener.dll
[2020-04-01 04:35:58Z INFO HostContext] Well known directory 'Bin': 'C:\github\SmartThingsPublic\actions-runner\bin'
[2020-04-01 04:35:58Z INFO ConfigurationStore] binPath: C:\github\SmartThingsPublic\actions-runner\bin
[2020-04-01 04:35:58Z INFO HostContext] Well known directory 'Bin': 'C:\github\SmartThingsPublic\actions-runner\bin'
[2020-04-01 04:35:58Z INFO HostContext] Well known directory 'Root': 'C:\github\SmartThingsPublic\actions-runner'
[2020-04-01 04:35:58Z INFO ConfigurationStore] RootFolder: C:\github\SmartThingsPublic\actions-runner
[2020-04-01 04:35:58Z INFO HostContext] Well known directory 'Bin': 'C:\github\SmartThingsPublic\actions-runner\bin'
[2020-04-01 04:35:58Z INFO HostContext] Well known directory 'Root': 'C:\github\SmartThingsPublic\actions-runner'
[2020-04-01 04:35:58Z INFO HostContext] Well known config file 'Runner': 'C:\github\SmartThingsPublic\actions-runner\.runner'
[2020-04-01 04:35:58Z INFO ConfigurationStore] ConfigFilePath: C:\github\SmartThingsPublic\actions-runner\.runner
[2020-04-01 04:35:58Z INFO HostContext] Well known directory 'Bin': 'C:\github\SmartThingsPublic\actions-runner\bin'
[2020-04-01 04:35:58Z INFO HostContext] Well known directory 'Root': 'C:\github\SmartThingsPublic\actions-runner'
[2020-04-01 04:35:58Z INFO HostContext] Well known config file 'Credentials': 'C:\github\SmartThingsPublic\actions-runner\.credentials'
[2020-04-01 04:35:58Z INFO ConfigurationStore] CredFilePath: C:\github\SmartThingsPublic\actions-runner\.credentials
[2020-04-01 04:35:58Z INFO HostContext] Well known directory 'Bin': 'C:\github\SmartThingsPublic\actions-runner\bin'
[2020-04-01 04:35:58Z INFO HostContext] Well known directory 'Root': 'C:\github\SmartThingsPublic\actions-runner'
[2020-04-01 04:35:58Z INFO HostContext] Well known config file 'Service': 'C:\github\SmartThingsPublic\actions-runner\.service'
[2020-04-01 04:35:58Z INFO ConfigurationStore] ServiceConfigFilePath: C:\github\SmartThingsPublic\actions-runner\.service
[2020-04-01 04:35:58Z INFO CommandSettings] Flag 'help': 'False'
[2020-04-01 04:35:58Z INFO CommandSettings] Flag 'version': 'False'
[2020-04-01 04:35:58Z INFO CommandSettings] Flag 'commit': 'False'
[2020-04-01 04:35:58Z INFO CommandSettings] Command 'configure': 'False'
[2020-04-01 04:35:58Z INFO CommandSettings] Command 'remove': 'False'
[2020-04-01 04:35:58Z INFO CommandSettings] Command 'warmup': 'False'
[2020-04-01 04:35:58Z INFO ConfigurationManager] LoadSettings
[2020-04-01 04:35:58Z INFO ConfigurationStore] IsConfigured()
[2020-04-01 04:35:58Z INFO ConfigurationStore] IsConfigured: True
[2020-04-01 04:35:58Z INFO ConfigurationManager] Is configured: True
[2020-04-01 04:35:58Z INFO ConfigurationStore] Read setting file: 300 chars
[2020-04-01 04:35:58Z INFO ConfigurationManager] Settings Loaded
[2020-04-01 04:35:58Z INFO ConfigurationStore] IsServiceConfigured()
[2020-04-01 04:35:58Z INFO ConfigurationStore] IsServiceConfigured: True
[2020-04-01 04:35:58Z INFO CommandSettings] Command 'run': 'True'
[2020-04-01 04:35:58Z INFO ConfigurationStore] IsConfigured()
[2020-04-01 04:35:58Z INFO ConfigurationStore] IsConfigured: True
[2020-04-01 04:35:58Z INFO ConfigurationManager] Is configured: True
[2020-04-01 04:35:58Z INFO Runner] Try determine runner startup type base on console redirects.
[2020-04-01 04:35:58Z INFO Runner] Set runner startup type - Manual
[2020-04-01 04:35:58Z INFO CommandSettings] Flag 'once': 'False'
[2020-04-01 04:35:58Z INFO Runner] RunAsync
[2020-04-01 04:35:58Z INFO ConfigurationManager] LoadSettings
[2020-04-01 04:35:58Z INFO ConfigurationStore] IsConfigured()
[2020-04-01 04:35:58Z INFO ConfigurationStore] IsConfigured: True
[2020-04-01 04:35:58Z INFO ConfigurationManager] Is configured: True
[2020-04-01 04:35:58Z INFO ConfigurationManager] Settings Loaded
[2020-04-01 04:35:58Z INFO MessageListener] {
  "AgentId": 2,
  "AgentName": "X2JCJAB8C5",
  "PoolId": 1,
  "PoolName": "Default",
  "ServerUrl": "https://pipelines.actions.githubusercontent.com/EQE2oYQT0i2U5mCTEGtEZoQM75DsLEfYVM9ZJlOo5q1WQNpGUD/",
  "GitHubUrl": "https://github.com/monninn/SmartThingsPublic",
  "WorkFolder": "work"
}
[2020-04-01 04:35:58Z INFO MessageListener] Loading Credentials
[2020-04-01 04:35:58Z INFO ConfigurationStore] HasCredentials()
[2020-04-01 04:35:58Z INFO ConfigurationStore] stored True
[2020-04-01 04:35:58Z INFO CredentialManager] GetCredentialProvider
[2020-04-01 04:35:58Z INFO CredentialManager] Creating type OAuth
[2020-04-01 04:35:58Z INFO CredentialManager] Creating credential type: OAuth
[2020-04-01 04:35:58Z INFO HostContext] Well known directory 'Bin': 'C:\github\SmartThingsPublic\actions-runner\bin'
[2020-04-01 04:35:58Z INFO HostContext] Well known directory 'Root': 'C:\github\SmartThingsPublic\actions-runner'
[2020-04-01 04:35:58Z INFO HostContext] Well known config file 'RSACredentials': 'C:\github\SmartThingsPublic\actions-runner\.credentials_rsaparams'
[2020-04-01 04:35:58Z INFO RSAEncryptedFileKeyManager] Loading RSA key parameters from file C:\github\SmartThingsPublic\actions-runner\.credentials_rsaparams
[2020-04-01 04:35:58Z INFO MessageListener] Attempt to create session.
[2020-04-01 04:35:58Z INFO MessageListener] Connecting to the Runner Server...
[2020-04-01 04:35:58Z INFO RunnerServer] Establish connection with 100 seconds timeout.
[2020-04-01 04:35:58Z INFO GitHubActionsService] Starting operation Location.GetConnectionData
[2020-04-01 04:35:58Z INFO RunnerServer] Establish connection with 60 seconds timeout.
[2020-04-01 04:35:58Z INFO GitHubActionsService] Starting operation Location.GetConnectionData
[2020-04-01 04:35:58Z INFO RunnerServer] Establish connection with 60 seconds timeout.
[2020-04-01 04:35:58Z INFO GitHubActionsService] Starting operation Location.GetConnectionData
[2020-04-01 04:35:59Z INFO GitHubActionsService] Finished operation Location.GetConnectionData
[2020-04-01 04:35:59Z INFO GitHubActionsService] Finished operation Location.GetConnectionData
[2020-04-01 04:35:59Z INFO GitHubActionsService] Finished operation Location.GetConnectionData
[2020-04-01 04:35:59Z INFO MessageListener] VssConnection created
[2020-04-01 04:35:59Z INFO Terminal] WRITE LINE: 
[2020-04-01 04:35:59Z INFO Terminal] WRITE LINE: 
[2020-04-01 04:35:59Z WARN GitHubActionsService] Authentication failed with status code 401.
WWW-Authenticate: Bearer
Strict-Transport-Security: max-age=2592000
X-TFS-ProcessId: 442fb032-2425-4731-9954-65b2494d651c
ActivityId: fc15ca58-467e-4380-8114-6315d8d8d252
X-TFS-Session: f2f85dec-6977-49ac-b4f7-eaa9b3f159f3
X-VSS-E2EID: ef2beee3-6ce8-426a-bea5-933fe11d8810
X-VSS-SenderDeploymentId: d624195d-30e0-1768-06a5-b10a7879c7db
X-TFS-ServiceError: The+user+%27System%3aPublicAccess%3baaaaaaaa-aaaa-aaaa-aaaa-aaaaaaaaaaaa%27+is+not+authorized+to+access+this+resource.
X-VSS-S2STargetService: 0000005A-0000-8888-8000-000000000000/visualstudio.com
X-MSEdge-Ref: Ref A: 8EB4FFCF7BB44033864B62C0D04D8299 Ref B: CHGEDGE0912 Ref C: 2020-04-01T04:35:59Z
Date: Wed, 01 Apr 2020 04:35:58 GMT

[2020-04-01 04:35:59Z INFO RSAEncryptedFileKeyManager] Loading RSA key parameters from file C:\github\SmartThingsPublic\actions-runner\.credentials_rsaparams
[2020-04-01 04:35:59Z INFO RSAEncryptedFileKeyManager] Loading RSA key parameters from file C:\github\SmartThingsPublic\actions-runner\.credentials_rsaparams
[2020-04-01 04:36:00Z INFO GitHubActionsService] AAD Correlation ID for this token request: Unknown
[2020-04-01 04:36:01Z ERR  GitHubActionsService] POST request to https://pipelines.actions.githubusercontent.com/EQE2oYQT0i2U5mCTEGtEZoQM75DsLEfYVM9ZJlOo5q1WQNpGUD/_apis/distributedtask/pools/1/sessions failed. HTTP Status: Conflict, AFD Ref: Ref A: 5DD5AFE335FF4F64B44295566728A8E9 Ref B: CHGEDGE0912 Ref C: 2020-04-01T04:36:00Z
[2020-04-01 04:36:01Z ERR  MessageListener] Catch exception during create session.
[2020-04-01 04:36:01Z ERR  MessageListener] GitHub.DistributedTask.WebApi.TaskAgentSessionConflictException: The actions runner X2JCJAB8C5 already has an active session for owner X2JCJAB8C5.
   at GitHub.Services.WebApi.VssHttpClientBase.HandleResponseAsync(HttpResponseMessage response, CancellationToken cancellationToken)
   at GitHub.Services.WebApi.VssHttpClientBase.SendAsync(HttpRequestMessage message, HttpCompletionOption completionOption, Object userState, CancellationToken cancellationToken)
   at GitHub.Services.WebApi.VssHttpClientBase.SendAsync[T](HttpRequestMessage message, Object userState, CancellationToken cancellationToken)
   at GitHub.Services.WebApi.VssHttpClientBase.SendAsync[T](HttpMethod method, IEnumerable`1 additionalHeaders, Guid locationId, Object routeValues, ApiResourceVersion version, HttpContent content, IEnumerable`1 queryParameters, Object userState, CancellationToken cancellationToken)
   at GitHub.Runner.Listener.MessageListener.CreateSessionAsync(CancellationToken token)
[2020-04-01 04:36:01Z INFO MessageListener] The session for this runner already exists.
[2020-04-01 04:36:01Z ERR  Terminal] WRITE ERROR: A session for this runner already exists.
[2020-04-01 04:36:01Z INFO MessageListener] The session conflict exception haven't reached retry limit.
[2020-04-01 04:36:01Z ERR  Terminal] WRITE ERROR: 2020-04-01 04:36:01Z: Runner connect error: The actions runner X2JCJAB8C5 already has an active session for owner X2JCJAB8C5.. Retrying until reconnected.
[2020-04-01 04:36:01Z INFO MessageListener] Sleeping for 30 seconds before retrying.
[2020-04-01 04:36:18Z INFO Terminal] WRITE LINE: Exiting...
[2020-04-01 04:36:18Z INFO ConfigurationStore] IsServiceConfigured()
[2020-04-01 04:36:18Z INFO ConfigurationStore] IsServiceConfigured: True
[2020-04-01 04:36:18Z INFO Runner] Received Ctrl-C signal, stop Runner.Listener and Runner.Worker.
[2020-04-01 04:36:18Z INFO HostContext] Runner will be shutdown for UserCancelled
[2020-04-01 04:36:18Z INFO Listener] Runner execution been cancelled.
