[2020-04-01 04:35:20Z INFO HostContext] No proxy settings were found based on environmental variables (http_proxy/https_proxy/HTTP_PROXY/HTTPS_PROXY)
[2020-04-01 04:35:20Z INFO Listener] Runner is built for Windows (X64) - win-x64.
[2020-04-01 04:35:20Z INFO Listener] RuntimeInformation: Microsoft Windows 10.0.18362.
[2020-04-01 04:35:20Z INFO Listener] Version: 2.165.2
[2020-04-01 04:35:20Z INFO Listener] Commit: fcf795d86d880b9f0bd10f9713d29cb9784ecef5
[2020-04-01 04:35:20Z INFO Listener] Culture: en-US
[2020-04-01 04:35:20Z INFO Listener] UI Culture: en-US
[2020-04-01 04:35:20Z INFO HostContext] Well known directory 'Bin': 'C:\github\SmartThingsPublic\actions-runner\bin'
[2020-04-01 04:35:20Z INFO HostContext] Well known directory 'Root': 'C:\github\SmartThingsPublic\actions-runner'
[2020-04-01 04:35:20Z INFO Listener] Validating directory permissions for: 'C:\github\SmartThingsPublic\actions-runner'
[2020-04-01 04:35:20Z INFO CommandLineParser] Parse
[2020-04-01 04:35:20Z INFO CommandLineParser] Parsing 1 args
[2020-04-01 04:35:20Z INFO CommandLineParser] parsing argument
[2020-04-01 04:35:20Z INFO CommandLineParser] HasArgs: False
[2020-04-01 04:35:20Z INFO CommandLineParser] Adding Command: run
[2020-04-01 04:35:20Z INFO Listener] Arguments parsed
[2020-04-01 04:35:20Z INFO Runner] ExecuteCommand
[2020-04-01 04:35:20Z INFO ConfigurationStore] currentAssemblyLocation: C:\github\SmartThingsPublic\actions-runner\bin\Runner.Listener.dll
[2020-04-01 04:35:20Z INFO HostContext] Well known directory 'Bin': 'C:\github\SmartThingsPublic\actions-runner\bin'
[2020-04-01 04:35:20Z INFO ConfigurationStore] binPath: C:\github\SmartThingsPublic\actions-runner\bin
[2020-04-01 04:35:20Z INFO HostContext] Well known directory 'Bin': 'C:\github\SmartThingsPublic\actions-runner\bin'
[2020-04-01 04:35:20Z INFO HostContext] Well known directory 'Root': 'C:\github\SmartThingsPublic\actions-runner'
[2020-04-01 04:35:20Z INFO ConfigurationStore] RootFolder: C:\github\SmartThingsPublic\actions-runner
[2020-04-01 04:35:20Z INFO HostContext] Well known directory 'Bin': 'C:\github\SmartThingsPublic\actions-runner\bin'
[2020-04-01 04:35:20Z INFO HostContext] Well known directory 'Root': 'C:\github\SmartThingsPublic\actions-runner'
[2020-04-01 04:35:20Z INFO HostContext] Well known config file 'Runner': 'C:\github\SmartThingsPublic\actions-runner\.runner'
[2020-04-01 04:35:20Z INFO ConfigurationStore] ConfigFilePath: C:\github\SmartThingsPublic\actions-runner\.runner
[2020-04-01 04:35:20Z INFO HostContext] Well known directory 'Bin': 'C:\github\SmartThingsPublic\actions-runner\bin'
[2020-04-01 04:35:20Z INFO HostContext] Well known directory 'Root': 'C:\github\SmartThingsPublic\actions-runner'
[2020-04-01 04:35:20Z INFO HostContext] Well known config file 'Credentials': 'C:\github\SmartThingsPublic\actions-runner\.credentials'
[2020-04-01 04:35:20Z INFO ConfigurationStore] CredFilePath: C:\github\SmartThingsPublic\actions-runner\.credentials
[2020-04-01 04:35:20Z INFO HostContext] Well known directory 'Bin': 'C:\github\SmartThingsPublic\actions-runner\bin'
[2020-04-01 04:35:20Z INFO HostContext] Well known directory 'Root': 'C:\github\SmartThingsPublic\actions-runner'
[2020-04-01 04:35:20Z INFO HostContext] Well known config file 'Service': 'C:\github\SmartThingsPublic\actions-runner\.service'
[2020-04-01 04:35:20Z INFO ConfigurationStore] ServiceConfigFilePath: C:\github\SmartThingsPublic\actions-runner\.service
[2020-04-01 04:35:20Z INFO CommandSettings] Flag 'help': 'False'
[2020-04-01 04:35:20Z INFO CommandSettings] Flag 'version': 'False'
[2020-04-01 04:35:20Z INFO CommandSettings] Flag 'commit': 'False'
[2020-04-01 04:35:20Z INFO CommandSettings] Command 'configure': 'False'
[2020-04-01 04:35:20Z INFO CommandSettings] Command 'remove': 'False'
[2020-04-01 04:35:20Z INFO CommandSettings] Command 'warmup': 'False'
[2020-04-01 04:35:20Z INFO ConfigurationManager] LoadSettings
[2020-04-01 04:35:20Z INFO ConfigurationStore] IsConfigured()
[2020-04-01 04:35:20Z INFO ConfigurationStore] IsConfigured: True
[2020-04-01 04:35:20Z INFO ConfigurationManager] Is configured: True
[2020-04-01 04:35:20Z INFO ConfigurationStore] Read setting file: 300 chars
[2020-04-01 04:35:20Z INFO ConfigurationManager] Settings Loaded
[2020-04-01 04:35:20Z INFO ConfigurationStore] IsServiceConfigured()
[2020-04-01 04:35:20Z INFO ConfigurationStore] IsServiceConfigured: True
[2020-04-01 04:35:20Z INFO CommandSettings] Command 'run': 'True'
[2020-04-01 04:35:20Z INFO ConfigurationStore] IsConfigured()
[2020-04-01 04:35:20Z INFO ConfigurationStore] IsConfigured: True
[2020-04-01 04:35:20Z INFO ConfigurationManager] Is configured: True
[2020-04-01 04:35:20Z INFO Runner] Try determine runner startup type base on console redirects.
[2020-04-01 04:35:20Z INFO Runner] Set runner startup type - Manual
[2020-04-01 04:35:20Z INFO CommandSettings] Flag 'once': 'False'
[2020-04-01 04:35:20Z INFO Runner] RunAsync
[2020-04-01 04:35:20Z INFO ConfigurationManager] LoadSettings
[2020-04-01 04:35:20Z INFO ConfigurationStore] IsConfigured()
[2020-04-01 04:35:20Z INFO ConfigurationStore] IsConfigured: True
[2020-04-01 04:35:20Z INFO ConfigurationManager] Is configured: True
[2020-04-01 04:35:20Z INFO ConfigurationManager] Settings Loaded
[2020-04-01 04:35:20Z INFO MessageListener] {
  "AgentId": 2,
  "AgentName": "X2JCJAB8C5",
  "PoolId": 1,
  "PoolName": "Default",
  "ServerUrl": "https://pipelines.actions.githubusercontent.com/EQE2oYQT0i2U5mCTEGtEZoQM75DsLEfYVM9ZJlOo5q1WQNpGUD/",
  "GitHubUrl": "https://github.com/monninn/SmartThingsPublic",
  "WorkFolder": "work"
}
[2020-04-01 04:35:20Z INFO MessageListener] Loading Credentials
[2020-04-01 04:35:20Z INFO ConfigurationStore] HasCredentials()
[2020-04-01 04:35:20Z INFO ConfigurationStore] stored True
[2020-04-01 04:35:20Z INFO CredentialManager] GetCredentialProvider
[2020-04-01 04:35:20Z INFO CredentialManager] Creating type OAuth
[2020-04-01 04:35:20Z INFO CredentialManager] Creating credential type: OAuth
[2020-04-01 04:35:20Z INFO HostContext] Well known directory 'Bin': 'C:\github\SmartThingsPublic\actions-runner\bin'
[2020-04-01 04:35:20Z INFO HostContext] Well known directory 'Root': 'C:\github\SmartThingsPublic\actions-runner'
[2020-04-01 04:35:20Z INFO HostContext] Well known config file 'RSACredentials': 'C:\github\SmartThingsPublic\actions-runner\.credentials_rsaparams'
[2020-04-01 04:35:20Z INFO RSAEncryptedFileKeyManager] Loading RSA key parameters from file C:\github\SmartThingsPublic\actions-runner\.credentials_rsaparams
[2020-04-01 04:35:20Z INFO MessageListener] Attempt to create session.
[2020-04-01 04:35:20Z INFO MessageListener] Connecting to the Runner Server...
[2020-04-01 04:35:20Z INFO RunnerServer] Establish connection with 100 seconds timeout.
[2020-04-01 04:35:20Z INFO GitHubActionsService] Starting operation Location.GetConnectionData
[2020-04-01 04:35:20Z INFO RunnerServer] Establish connection with 60 seconds timeout.
[2020-04-01 04:35:20Z INFO GitHubActionsService] Starting operation Location.GetConnectionData
[2020-04-01 04:35:20Z INFO RunnerServer] Establish connection with 60 seconds timeout.
[2020-04-01 04:35:20Z INFO GitHubActionsService] Starting operation Location.GetConnectionData
[2020-04-01 04:35:21Z INFO GitHubActionsService] Finished operation Location.GetConnectionData
[2020-04-01 04:35:21Z INFO GitHubActionsService] Finished operation Location.GetConnectionData
[2020-04-01 04:35:21Z INFO GitHubActionsService] Finished operation Location.GetConnectionData
[2020-04-01 04:35:21Z INFO MessageListener] VssConnection created
[2020-04-01 04:35:21Z INFO Terminal] WRITE LINE: 
[2020-04-01 04:35:21Z INFO Terminal] WRITE LINE: 
[2020-04-01 04:35:21Z WARN GitHubActionsService] Authentication failed with status code 401.
WWW-Authenticate: Bearer
Strict-Transport-Security: max-age=2592000
X-TFS-ProcessId: e43d305f-962f-482d-ad3f-0390fc7a4ef6
ActivityId: 8e79eb8b-d702-4ebd-857d-d203e94ec41e
X-TFS-Session: 2105ea8e-cd41-41eb-bd98-8bb159b2a6fc
X-VSS-E2EID: aab3ff7a-b9da-4e54-9b80-143794828109
X-VSS-SenderDeploymentId: d624195d-30e0-1768-06a5-b10a7879c7db
X-TFS-ServiceError: The+user+%27System%3aPublicAccess%3baaaaaaaa-aaaa-aaaa-aaaa-aaaaaaaaaaaa%27+is+not+authorized+to+access+this+resource.
X-VSS-S2STargetService: 0000005A-0000-8888-8000-000000000000/visualstudio.com
X-MSEdge-Ref: Ref A: 434F8F41B32148CCB4DC957C75292E4B Ref B: CHGEDGE1515 Ref C: 2020-04-01T04:35:21Z
Date: Wed, 01 Apr 2020 04:35:20 GMT

[2020-04-01 04:35:21Z INFO RSAEncryptedFileKeyManager] Loading RSA key parameters from file C:\github\SmartThingsPublic\actions-runner\.credentials_rsaparams
[2020-04-01 04:35:21Z INFO RSAEncryptedFileKeyManager] Loading RSA key parameters from file C:\github\SmartThingsPublic\actions-runner\.credentials_rsaparams
[2020-04-01 04:35:22Z INFO GitHubActionsService] AAD Correlation ID for this token request: Unknown
[2020-04-01 04:35:23Z ERR  GitHubActionsService] POST request to https://pipelines.actions.githubusercontent.com/EQE2oYQT0i2U5mCTEGtEZoQM75DsLEfYVM9ZJlOo5q1WQNpGUD/_apis/distributedtask/pools/1/sessions failed. HTTP Status: Conflict, AFD Ref: Ref A: 130213E4C8CE43E88B0DE172F75DB325 Ref B: CHGEDGE1515 Ref C: 2020-04-01T04:35:22Z
[2020-04-01 04:35:23Z ERR  MessageListener] Catch exception during create session.
[2020-04-01 04:35:23Z ERR  MessageListener] GitHub.DistributedTask.WebApi.TaskAgentSessionConflictException: The actions runner X2JCJAB8C5 already has an active session for owner X2JCJAB8C5.
   at GitHub.Services.WebApi.VssHttpClientBase.HandleResponseAsync(HttpResponseMessage response, CancellationToken cancellationToken)
   at GitHub.Services.WebApi.VssHttpClientBase.SendAsync(HttpRequestMessage message, HttpCompletionOption completionOption, Object userState, CancellationToken cancellationToken)
   at GitHub.Services.WebApi.VssHttpClientBase.SendAsync[T](HttpRequestMessage message, Object userState, CancellationToken cancellationToken)
   at GitHub.Services.WebApi.VssHttpClientBase.SendAsync[T](HttpMethod method, IEnumerable`1 additionalHeaders, Guid locationId, Object routeValues, ApiResourceVersion version, HttpContent content, IEnumerable`1 queryParameters, Object userState, CancellationToken cancellationToken)
   at GitHub.Runner.Listener.MessageListener.CreateSessionAsync(CancellationToken token)
[2020-04-01 04:35:23Z INFO MessageListener] The session for this runner already exists.
[2020-04-01 04:35:23Z ERR  Terminal] WRITE ERROR: A session for this runner already exists.
[2020-04-01 04:35:23Z INFO MessageListener] The session conflict exception haven't reached retry limit.
[2020-04-01 04:35:23Z ERR  Terminal] WRITE ERROR: 2020-04-01 04:35:23Z: Runner connect error: The actions runner X2JCJAB8C5 already has an active session for owner X2JCJAB8C5.. Retrying until reconnected.
[2020-04-01 04:35:23Z INFO MessageListener] Sleeping for 30 seconds before retrying.
[2020-04-01 04:35:42Z INFO Terminal] WRITE LINE: Exiting...
[2020-04-01 04:35:42Z INFO ConfigurationStore] IsServiceConfigured()
[2020-04-01 04:35:42Z INFO ConfigurationStore] IsServiceConfigured: True
[2020-04-01 04:35:42Z INFO Runner] Received Ctrl-C signal, stop Runner.Listener and Runner.Worker.
[2020-04-01 04:35:42Z INFO HostContext] Runner will be shutdown for UserCancelled
[2020-04-01 04:35:42Z INFO Listener] Runner execution been cancelled.
