[2020-04-01 18:18:36Z INFO HostContext] No proxy settings were found based on environmental variables (http_proxy/https_proxy/HTTP_PROXY/HTTPS_PROXY)
[2020-04-01 18:18:36Z INFO Listener] Runner is built for Windows (X64) - win-x64.
[2020-04-01 18:18:36Z INFO Listener] RuntimeInformation: Microsoft Windows 10.0.18362.
[2020-04-01 18:18:36Z INFO Listener] Version: 2.165.2
[2020-04-01 18:18:36Z INFO Listener] Commit: fcf795d86d880b9f0bd10f9713d29cb9784ecef5
[2020-04-01 18:18:36Z INFO Listener] Culture: en-US
[2020-04-01 18:18:36Z INFO Listener] UI Culture: en-US
[2020-04-01 18:18:36Z INFO HostContext] Well known directory 'Bin': 'C:\github\SmartThingsPublic\actions-runner\bin'
[2020-04-01 18:18:36Z INFO HostContext] Well known directory 'Root': 'C:\github\SmartThingsPublic\actions-runner'
[2020-04-01 18:18:36Z INFO Listener] Validating directory permissions for: 'C:\github\SmartThingsPublic\actions-runner'
[2020-04-01 18:18:36Z INFO CommandLineParser] Parse
[2020-04-01 18:18:36Z INFO CommandLineParser] Parsing 1 args
[2020-04-01 18:18:36Z INFO CommandLineParser] parsing argument
[2020-04-01 18:18:36Z INFO CommandLineParser] HasArgs: False
[2020-04-01 18:18:36Z INFO CommandLineParser] Adding Command: run
[2020-04-01 18:18:36Z INFO Listener] Arguments parsed
[2020-04-01 18:18:36Z INFO Runner] ExecuteCommand
[2020-04-01 18:18:36Z INFO ConfigurationStore] currentAssemblyLocation: C:\github\SmartThingsPublic\actions-runner\bin\Runner.Listener.dll
[2020-04-01 18:18:36Z INFO HostContext] Well known directory 'Bin': 'C:\github\SmartThingsPublic\actions-runner\bin'
[2020-04-01 18:18:36Z INFO ConfigurationStore] binPath: C:\github\SmartThingsPublic\actions-runner\bin
[2020-04-01 18:18:36Z INFO HostContext] Well known directory 'Bin': 'C:\github\SmartThingsPublic\actions-runner\bin'
[2020-04-01 18:18:36Z INFO HostContext] Well known directory 'Root': 'C:\github\SmartThingsPublic\actions-runner'
[2020-04-01 18:18:36Z INFO ConfigurationStore] RootFolder: C:\github\SmartThingsPublic\actions-runner
[2020-04-01 18:18:36Z INFO HostContext] Well known directory 'Bin': 'C:\github\SmartThingsPublic\actions-runner\bin'
[2020-04-01 18:18:36Z INFO HostContext] Well known directory 'Root': 'C:\github\SmartThingsPublic\actions-runner'
[2020-04-01 18:18:36Z INFO HostContext] Well known config file 'Runner': 'C:\github\SmartThingsPublic\actions-runner\.runner'
[2020-04-01 18:18:36Z INFO ConfigurationStore] ConfigFilePath: C:\github\SmartThingsPublic\actions-runner\.runner
[2020-04-01 18:18:36Z INFO HostContext] Well known directory 'Bin': 'C:\github\SmartThingsPublic\actions-runner\bin'
[2020-04-01 18:18:36Z INFO HostContext] Well known directory 'Root': 'C:\github\SmartThingsPublic\actions-runner'
[2020-04-01 18:18:36Z INFO HostContext] Well known config file 'Credentials': 'C:\github\SmartThingsPublic\actions-runner\.credentials'
[2020-04-01 18:18:36Z INFO ConfigurationStore] CredFilePath: C:\github\SmartThingsPublic\actions-runner\.credentials
[2020-04-01 18:18:36Z INFO HostContext] Well known directory 'Bin': 'C:\github\SmartThingsPublic\actions-runner\bin'
[2020-04-01 18:18:36Z INFO HostContext] Well known directory 'Root': 'C:\github\SmartThingsPublic\actions-runner'
[2020-04-01 18:18:36Z INFO HostContext] Well known config file 'Service': 'C:\github\SmartThingsPublic\actions-runner\.service'
[2020-04-01 18:18:36Z INFO ConfigurationStore] ServiceConfigFilePath: C:\github\SmartThingsPublic\actions-runner\.service
[2020-04-01 18:18:36Z INFO CommandSettings] Flag 'help': 'False'
[2020-04-01 18:18:36Z INFO CommandSettings] Flag 'version': 'False'
[2020-04-01 18:18:36Z INFO CommandSettings] Flag 'commit': 'False'
[2020-04-01 18:18:36Z INFO CommandSettings] Command 'configure': 'False'
[2020-04-01 18:18:36Z INFO CommandSettings] Command 'remove': 'False'
[2020-04-01 18:18:36Z INFO CommandSettings] Command 'warmup': 'False'
[2020-04-01 18:18:36Z INFO ConfigurationManager] LoadSettings
[2020-04-01 18:18:36Z INFO ConfigurationStore] IsConfigured()
[2020-04-01 18:18:36Z INFO ConfigurationStore] IsConfigured: True
[2020-04-01 18:18:36Z INFO ConfigurationManager] Is configured: True
[2020-04-01 18:18:36Z INFO ConfigurationStore] Read setting file: 297 chars
[2020-04-01 18:18:36Z INFO ConfigurationManager] Settings Loaded
[2020-04-01 18:18:36Z INFO ConfigurationStore] IsServiceConfigured()
[2020-04-01 18:18:36Z INFO ConfigurationStore] IsServiceConfigured: False
[2020-04-01 18:18:36Z INFO CommandSettings] Command 'run': 'True'
[2020-04-01 18:18:36Z INFO ConfigurationStore] IsConfigured()
[2020-04-01 18:18:36Z INFO ConfigurationStore] IsConfigured: True
[2020-04-01 18:18:36Z INFO ConfigurationManager] Is configured: True
[2020-04-01 18:18:36Z INFO Runner] Could not parse the argument value '' for StartupType. Defaulting to Manual
[2020-04-01 18:18:36Z INFO Runner] Set runner startup type - Manual
[2020-04-01 18:18:36Z INFO CommandSettings] Flag 'once': 'False'
[2020-04-01 18:18:36Z INFO Runner] RunAsync
[2020-04-01 18:18:36Z INFO ConfigurationManager] LoadSettings
[2020-04-01 18:18:36Z INFO ConfigurationStore] IsConfigured()
[2020-04-01 18:18:36Z INFO ConfigurationStore] IsConfigured: True
[2020-04-01 18:18:36Z INFO ConfigurationManager] Is configured: True
[2020-04-01 18:18:36Z INFO ConfigurationManager] Settings Loaded
[2020-04-01 18:18:36Z INFO MessageListener] {
  "AgentId": 3,
  "AgentName": "itbytes",
  "PoolId": 1,
  "PoolName": "Default",
  "ServerUrl": "https://pipelines.actions.githubusercontent.com/EQE2oYQT0i2U5mCTEGtEZoQM75DsLEfYVM9ZJlOo5q1WQNpGUD/",
  "GitHubUrl": "https://github.com/monninn/SmartThingsPublic",
  "WorkFolder": "work"
}
[2020-04-01 18:18:36Z INFO MessageListener] Loading Credentials
[2020-04-01 18:18:36Z INFO ConfigurationStore] HasCredentials()
[2020-04-01 18:18:36Z INFO ConfigurationStore] stored True
[2020-04-01 18:18:36Z INFO CredentialManager] GetCredentialProvider
[2020-04-01 18:18:36Z INFO CredentialManager] Creating type OAuth
[2020-04-01 18:18:36Z INFO CredentialManager] Creating credential type: OAuth
[2020-04-01 18:18:36Z INFO HostContext] Well known directory 'Bin': 'C:\github\SmartThingsPublic\actions-runner\bin'
[2020-04-01 18:18:36Z INFO HostContext] Well known directory 'Root': 'C:\github\SmartThingsPublic\actions-runner'
[2020-04-01 18:18:36Z INFO HostContext] Well known config file 'RSACredentials': 'C:\github\SmartThingsPublic\actions-runner\.credentials_rsaparams'
[2020-04-01 18:18:36Z INFO RSAEncryptedFileKeyManager] Loading RSA key parameters from file C:\github\SmartThingsPublic\actions-runner\.credentials_rsaparams
[2020-04-01 18:18:36Z INFO MessageListener] Attempt to create session.
[2020-04-01 18:18:36Z INFO MessageListener] Connecting to the Runner Server...
[2020-04-01 18:18:36Z INFO RunnerServer] Establish connection with 100 seconds timeout.
[2020-04-01 18:18:36Z INFO GitHubActionsService] Starting operation Location.GetConnectionData
[2020-04-01 18:18:36Z INFO RunnerServer] Establish connection with 60 seconds timeout.
[2020-04-01 18:18:36Z INFO GitHubActionsService] Starting operation Location.GetConnectionData
[2020-04-01 18:18:36Z INFO RunnerServer] Establish connection with 60 seconds timeout.
[2020-04-01 18:18:36Z INFO GitHubActionsService] Starting operation Location.GetConnectionData
[2020-04-01 18:18:38Z INFO GitHubActionsService] Finished operation Location.GetConnectionData
[2020-04-01 18:18:38Z INFO GitHubActionsService] Finished operation Location.GetConnectionData
[2020-04-01 18:18:38Z INFO GitHubActionsService] Finished operation Location.GetConnectionData
[2020-04-01 18:18:38Z INFO MessageListener] VssConnection created
[2020-04-01 18:18:38Z INFO Terminal] WRITE LINE: 
[2020-04-01 18:18:38Z INFO Terminal] WRITE LINE: 
[2020-04-01 18:18:38Z WARN GitHubActionsService] Authentication failed with status code 401.
WWW-Authenticate: Bearer
Strict-Transport-Security: max-age=2592000
X-TFS-ProcessId: e43d305f-962f-482d-ad3f-0390fc7a4ef6
ActivityId: 8eb38a3e-d702-4ebd-857d-d203e94ec41e
X-TFS-Session: 0fcb170c-4f37-47a9-aa0c-e1143fadd5b2
X-VSS-E2EID: f91da09c-25a2-4b2f-8ed8-47123aaef641
X-VSS-SenderDeploymentId: d624195d-30e0-1768-06a5-b10a7879c7db
X-TFS-ServiceError: The+user+%27System%3aPublicAccess%3baaaaaaaa-aaaa-aaaa-aaaa-aaaaaaaaaaaa%27+is+not+authorized+to+access+this+resource.
X-VSS-S2STargetService: 0000005A-0000-8888-8000-000000000000/visualstudio.com
X-MSEdge-Ref: Ref A: 2641458BC80D4606BDB18380143AAA23 Ref B: CHGEDGE0714 Ref C: 2020-04-01T18:18:36Z
Date: Wed, 01 Apr 2020 18:18:36 GMT

[2020-04-01 18:18:38Z INFO RSAEncryptedFileKeyManager] Loading RSA key parameters from file C:\github\SmartThingsPublic\actions-runner\.credentials_rsaparams
[2020-04-01 18:18:38Z INFO RSAEncryptedFileKeyManager] Loading RSA key parameters from file C:\github\SmartThingsPublic\actions-runner\.credentials_rsaparams
[2020-04-01 18:18:39Z INFO GitHubActionsService] AAD Correlation ID for this token request: Unknown
[2020-04-01 18:18:39Z INFO MessageListener] Session created.
[2020-04-01 18:18:39Z INFO Terminal] WRITE LINE: 2020-04-01 18:18:39Z: Listening for Jobs
[2020-04-01 18:18:39Z INFO JobDispatcher] Set runner/worker IPC timeout to 30 seconds.
[2020-04-01 18:48:48Z INFO MessageListener] No message retrieved from session '48769e25-07cb-48de-b59d-b63ab35c5b49' within last 30 minutes.
[2020-04-01 18:54:33Z INFO Terminal] WRITE LINE: Exiting...
[2020-04-01 18:54:33Z INFO ConfigurationStore] IsServiceConfigured()
[2020-04-01 18:54:33Z INFO ConfigurationStore] IsServiceConfigured: False
[2020-04-01 18:54:33Z INFO HostContext] Runner will be shutdown for UserCancelled
[2020-04-01 18:54:33Z WARN GitHubActionsService] GET request to https://pipelines.actions.githubusercontent.com/EQE2oYQT0i2U5mCTEGtEZoQM75DsLEfYVM9ZJlOo5q1WQNpGUD/_apis/distributedtask/pools/1/messages?sessionId=48769e25-07cb-48de-b59d-b63ab35c5b49 has been cancelled.
[2020-04-01 18:54:33Z INFO MessageListener] Get next message has been cancelled.
[2020-04-01 18:54:33Z INFO JobDispatcher] Shutting down JobDispatcher. Make sure all WorkerDispatcher has finished.
[2020-04-01 18:54:34Z INFO Listener] Runner execution been cancelled.
