[2020-04-01 04:36:55Z INFO HostContext] No proxy settings were found based on environmental variables (http_proxy/https_proxy/HTTP_PROXY/HTTPS_PROXY)
[2020-04-01 04:36:55Z INFO Listener] Runner is built for Windows (X64) - win-x64.
[2020-04-01 04:36:55Z INFO Listener] RuntimeInformation: Microsoft Windows 10.0.18362.
[2020-04-01 04:36:55Z INFO Listener] Version: 2.165.2
[2020-04-01 04:36:55Z INFO Listener] Commit: fcf795d86d880b9f0bd10f9713d29cb9784ecef5
[2020-04-01 04:36:55Z INFO Listener] Culture: en-US
[2020-04-01 04:36:55Z INFO Listener] UI Culture: en-US
[2020-04-01 04:36:55Z INFO HostContext] Well known directory 'Bin': 'C:\github\SmartThingsPublic\actions-runner\bin'
[2020-04-01 04:36:55Z INFO HostContext] Well known directory 'Root': 'C:\github\SmartThingsPublic\actions-runner'
[2020-04-01 04:36:55Z INFO Listener] Validating directory permissions for: 'C:\github\SmartThingsPublic\actions-runner'
[2020-04-01 04:36:55Z INFO CommandLineParser] Parse
[2020-04-01 04:36:55Z INFO CommandLineParser] Parsing 1 args
[2020-04-01 04:36:55Z INFO CommandLineParser] parsing argument
[2020-04-01 04:36:55Z INFO CommandLineParser] HasArgs: False
[2020-04-01 04:36:55Z INFO CommandLineParser] Adding Command: remove
[2020-04-01 04:36:55Z INFO Listener] Arguments parsed
[2020-04-01 04:36:55Z INFO Runner] ExecuteCommand
[2020-04-01 04:36:55Z INFO ConfigurationStore] currentAssemblyLocation: C:\github\SmartThingsPublic\actions-runner\bin\Runner.Listener.dll
[2020-04-01 04:36:55Z INFO HostContext] Well known directory 'Bin': 'C:\github\SmartThingsPublic\actions-runner\bin'
[2020-04-01 04:36:55Z INFO ConfigurationStore] binPath: C:\github\SmartThingsPublic\actions-runner\bin
[2020-04-01 04:36:55Z INFO HostContext] Well known directory 'Bin': 'C:\github\SmartThingsPublic\actions-runner\bin'
[2020-04-01 04:36:55Z INFO HostContext] Well known directory 'Root': 'C:\github\SmartThingsPublic\actions-runner'
[2020-04-01 04:36:55Z INFO ConfigurationStore] RootFolder: C:\github\SmartThingsPublic\actions-runner
[2020-04-01 04:36:55Z INFO HostContext] Well known directory 'Bin': 'C:\github\SmartThingsPublic\actions-runner\bin'
[2020-04-01 04:36:55Z INFO HostContext] Well known directory 'Root': 'C:\github\SmartThingsPublic\actions-runner'
[2020-04-01 04:36:55Z INFO HostContext] Well known config file 'Runner': 'C:\github\SmartThingsPublic\actions-runner\.runner'
[2020-04-01 04:36:55Z INFO ConfigurationStore] ConfigFilePath: C:\github\SmartThingsPublic\actions-runner\.runner
[2020-04-01 04:36:55Z INFO HostContext] Well known directory 'Bin': 'C:\github\SmartThingsPublic\actions-runner\bin'
[2020-04-01 04:36:55Z INFO HostContext] Well known directory 'Root': 'C:\github\SmartThingsPublic\actions-runner'
[2020-04-01 04:36:55Z INFO HostContext] Well known config file 'Credentials': 'C:\github\SmartThingsPublic\actions-runner\.credentials'
[2020-04-01 04:36:55Z INFO ConfigurationStore] CredFilePath: C:\github\SmartThingsPublic\actions-runner\.credentials
[2020-04-01 04:36:55Z INFO HostContext] Well known directory 'Bin': 'C:\github\SmartThingsPublic\actions-runner\bin'
[2020-04-01 04:36:55Z INFO HostContext] Well known directory 'Root': 'C:\github\SmartThingsPublic\actions-runner'
[2020-04-01 04:36:55Z INFO HostContext] Well known config file 'Service': 'C:\github\SmartThingsPublic\actions-runner\.service'
[2020-04-01 04:36:55Z INFO ConfigurationStore] ServiceConfigFilePath: C:\github\SmartThingsPublic\actions-runner\.service
[2020-04-01 04:36:55Z INFO CommandSettings] Flag 'help': 'False'
[2020-04-01 04:36:55Z INFO CommandSettings] Flag 'version': 'False'
[2020-04-01 04:36:55Z INFO CommandSettings] Flag 'commit': 'False'
[2020-04-01 04:36:55Z INFO CommandSettings] Command 'configure': 'False'
[2020-04-01 04:36:55Z INFO CommandSettings] Command 'remove': 'True'
[2020-04-01 04:36:55Z INFO ConfigurationStore] IsServiceConfigured()
[2020-04-01 04:36:55Z INFO ConfigurationStore] IsServiceConfigured: True
[2020-04-01 04:36:55Z INFO Terminal] WRITE LINE: Removing service
[2020-04-01 04:36:55Z INFO HostContext] Well known directory 'Bin': 'C:\github\SmartThingsPublic\actions-runner\bin'
[2020-04-01 04:36:55Z INFO HostContext] Well known directory 'Root': 'C:\github\SmartThingsPublic\actions-runner'
[2020-04-01 04:36:55Z INFO HostContext] Well known config file 'Service': 'C:\github\SmartThingsPublic\actions-runner\.service'
[2020-04-01 04:36:55Z INFO NativeWindowsServiceHelper] Trying to stop the service
[2020-04-01 04:36:55Z INFO Terminal] WRITE LINE: Waiting for service to stop...
[2020-04-01 04:36:56Z INFO NativeWindowsServiceHelper] Successfully stopped the service
[2020-04-01 04:36:56Z INFO NativeWindowsServiceHelper] Trying to delete service actions.runner.monninn-SmartThingsPublic.X2JCJAB8C5
[2020-04-01 04:36:56Z INFO NativeWindowsServiceHelper] successfully removed the service
[2020-04-01 04:36:56Z INFO HostContext] Well known directory 'Bin': 'C:\github\SmartThingsPublic\actions-runner\bin'
[2020-04-01 04:36:56Z INFO HostContext] Well known directory 'Root': 'C:\github\SmartThingsPublic\actions-runner'
[2020-04-01 04:36:56Z INFO ConfigurationStore] Read setting file: 300 chars
[2020-04-01 04:36:56Z INFO HostContext] Well known directory 'Bin': 'C:\github\SmartThingsPublic\actions-runner\bin'
[2020-04-01 04:36:56Z INFO HostContext] Well known directory 'Root': 'C:\github\SmartThingsPublic\actions-runner'
[2020-04-01 04:36:56Z INFO HostContext] Well known directory 'Work': 'C:\github\SmartThingsPublic\actions-runner\work'
[2020-04-01 04:36:56Z INFO HostContext] Well known directory 'Bin': 'C:\github\SmartThingsPublic\actions-runner\bin'
[2020-04-01 04:36:56Z INFO NativeWindowsServiceHelper] Calculated unique group name GITHUB_ActionsRunner_Gd3d69
[2020-04-01 04:36:56Z INFO NativeWindowsServiceHelper] Remove the group GITHUB_ActionsRunner_Gd3d69 for the folder C:\github\SmartThingsPublic\actions-runner.
[2020-04-01 04:36:56Z INFO NativeWindowsServiceHelper] Remove the group GITHUB_ActionsRunner_Gd3d69 for the folder C:\github\SmartThingsPublic\actions-runner\work.
[2020-04-01 04:36:56Z INFO NativeWindowsServiceHelper] Delete the group GITHUB_ActionsRunner_Gd3d69.
[2020-04-01 04:36:56Z INFO NativeWindowsServiceHelper] Local Group 'GITHUB_ActionsRunner_Gd3d69' deleted
[2020-04-01 04:36:56Z INFO Terminal] WRITE LINE: 
[2020-04-01 04:36:56Z INFO ConfigurationStore] IsConfigured()
[2020-04-01 04:36:56Z INFO ConfigurationStore] IsConfigured: True
[2020-04-01 04:36:56Z INFO ConfigurationStore] HasCredentials()
[2020-04-01 04:36:56Z INFO ConfigurationStore] stored True
[2020-04-01 04:36:56Z INFO CommandSettings] Arg 'token': ''
[2020-04-01 04:36:56Z INFO CommandSettings] Flag 'unattended': 'False'
[2020-04-01 04:36:56Z INFO PromptManager] ReadValue
[2020-04-01 04:36:56Z INFO Terminal] WRITE: Enter runner remove token: 
[2020-04-01 04:36:56Z INFO Terminal] READ SECRET
[2020-04-01 04:37:56Z INFO Terminal] Read value: '***'
[2020-04-01 04:37:58Z ERR  Terminal] WRITE ERROR: Http response code: NotFound from 'POST https://api.github.com/repos/monninn/SmartThingsPublic/actions-runners/registration'
[2020-04-01 04:37:58Z ERR  Terminal] WRITE ERROR: {"message":"Not Found","documentation_url":"https://developer.github.com/v3"}
[2020-04-01 04:37:58Z ERR  Terminal] WRITE ERROR: Failed: Removing runner from the server
[2020-04-01 04:37:58Z ERR  Runner] System.Net.Http.HttpRequestException: Response status code does not indicate success: 404 (Not Found).
   at System.Net.Http.HttpResponseMessage.EnsureSuccessStatusCode()
   at GitHub.Runner.Listener.Configuration.ConfigurationManager.GetTenantCredential(String githubUrl, String githubToken)
   at GitHub.Runner.Listener.Configuration.ConfigurationManager.UnconfigureAsync(CommandSettings command)
   at GitHub.Runner.Listener.Runner.ExecuteCommand(CommandSettings command)
[2020-04-01 04:37:58Z ERR  Terminal] WRITE ERROR: Response status code does not indicate success: 404 (Not Found).
